2021-10-31 10:39:21,249  INFO [main] Baseclass:30 - Initializing Browser
2021-10-31 10:39:23,082  INFO [main] Baseclass:37 - Maximizing Browser
2021-10-31 10:39:23,226  INFO [main] Baseclass:39 - Applying common waits to browser
2021-10-31 10:39:24,320  INFO [main] Baseclass:30 - Initializing Browser
2021-10-31 10:39:25,581  INFO [main] Baseclass:37 - Maximizing Browser
2021-10-31 10:39:25,696  INFO [main] Baseclass:39 - Applying common waits to browser
2021-10-31 10:39:26,860  INFO [main] Baseclass:30 - Initializing Browser
2021-10-31 10:39:28,207  INFO [main] Baseclass:37 - Maximizing Browser
2021-10-31 10:39:28,338  INFO [main] Baseclass:39 - Applying common waits to browser
2021-10-31 10:39:29,723  INFO [main] Baseclass:30 - Initializing Browser
2021-10-31 10:39:31,121  INFO [main] Baseclass:37 - Maximizing Browser
2021-10-31 10:39:31,247  INFO [main] Baseclass:39 - Applying common waits to browser
2021-10-31 10:39:31,673  INFO [main] Baseclass:30 - Initializing Browser
2021-10-31 10:39:33,181  INFO [main] Baseclass:37 - Maximizing Browser
2021-10-31 10:39:33,311  INFO [main] Baseclass:39 - Applying common waits to browser
2021-10-31 10:39:33,474  INFO [main] Baseclass:30 - Initializing Browser
2021-10-31 10:39:35,174  INFO [main] Baseclass:37 - Maximizing Browser
2021-10-31 10:39:35,303  INFO [main] Baseclass:39 - Applying common waits to browser
2021-10-31 10:39:35,365  INFO [main] Baseclass:30 - Initializing Browser
2021-10-31 10:39:36,789  INFO [main] Baseclass:37 - Maximizing Browser
2021-10-31 10:39:36,912  INFO [main] Baseclass:39 - Applying common waits to browser
2021-10-31 10:39:41,074  INFO [main] Baseclass:30 - Initializing Browser
2021-10-31 10:39:42,436  INFO [main] Baseclass:37 - Maximizing Browser
2021-10-31 10:39:42,574  INFO [main] Baseclass:39 - Applying common waits to browser
2021-10-31 10:39:44,026  INFO [main] Baseclass:30 - Initializing Browser
2021-10-31 10:39:45,322  INFO [main] Baseclass:37 - Maximizing Browser
2021-10-31 10:39:45,451  INFO [main] Baseclass:39 - Applying common waits to browser
2021-10-31 10:39:46,465  INFO [main] Baseclass:30 - Initializing Browser
2021-10-31 10:39:48,116  INFO [main] Baseclass:37 - Maximizing Browser
2021-10-31 10:39:48,245  INFO [main] Baseclass:39 - Applying common waits to browser
2021-10-31 10:49:34,058  INFO [main] Baseclass:30 - Initializing Browser
2021-10-31 10:49:35,922  INFO [main] Baseclass:37 - Maximizing Browser
2021-10-31 10:49:36,042  INFO [main] Baseclass:39 - Applying common waits to browser
2021-10-31 10:49:39,019  INFO [main] Baseclass:30 - Initializing Browser
2021-10-31 10:49:40,452  INFO [main] Baseclass:37 - Maximizing Browser
2021-10-31 10:49:40,606  INFO [main] Baseclass:39 - Applying common waits to browser
2021-10-31 10:49:43,659  INFO [main] Baseclass:30 - Initializing Browser
2021-10-31 10:49:45,171  INFO [main] Baseclass:37 - Maximizing Browser
2021-10-31 10:49:45,316  INFO [main] Baseclass:39 - Applying common waits to browser
2021-10-31 10:49:48,556  INFO [main] Baseclass:30 - Initializing Browser
2021-10-31 10:49:50,236  INFO [main] Baseclass:37 - Maximizing Browser
2021-10-31 10:49:50,358  INFO [main] Baseclass:39 - Applying common waits to browser
2021-10-31 10:49:50,803  INFO [main] Baseclass:30 - Initializing Browser
2021-10-31 10:49:52,493  INFO [main] Baseclass:37 - Maximizing Browser
2021-10-31 10:49:52,619  INFO [main] Baseclass:39 - Applying common waits to browser
2021-10-31 10:49:52,789  INFO [main] Baseclass:30 - Initializing Browser
2021-10-31 10:49:54,241  INFO [main] Baseclass:37 - Maximizing Browser
2021-10-31 10:49:54,376  INFO [main] Baseclass:39 - Applying common waits to browser
2021-10-31 10:49:54,432  INFO [main] Baseclass:30 - Initializing Browser
2021-10-31 10:49:55,905  INFO [main] Baseclass:37 - Maximizing Browser
2021-10-31 10:49:56,043  INFO [main] Baseclass:39 - Applying common waits to browser
2021-10-31 10:49:56,125  INFO [main] Baseclass:30 - Initializing Browser
2021-10-31 10:49:58,014  INFO [main] Baseclass:37 - Maximizing Browser
2021-10-31 10:49:58,138  INFO [main] Baseclass:39 - Applying common waits to browser
2021-10-31 10:49:59,940  INFO [main] Baseclass:30 - Initializing Browser
2021-10-31 10:50:01,548  INFO [main] Baseclass:37 - Maximizing Browser
2021-10-31 10:50:01,696  INFO [main] Baseclass:39 - Applying common waits to browser
2021-10-31 10:50:03,319  INFO [main] Baseclass:30 - Initializing Browser
2021-10-31 10:50:04,799  INFO [main] Baseclass:37 - Maximizing Browser
2021-10-31 10:50:04,921  INFO [main] Baseclass:39 - Applying common waits to browser
2021-10-31 10:51:30,829  INFO [main] Baseclass:30 - Initializing Browser
2021-10-31 10:51:33,028  INFO [main] Baseclass:37 - Maximizing Browser
2021-10-31 10:51:33,166  INFO [main] Baseclass:39 - Applying common waits to browser
2021-10-31 10:51:38,044  INFO [main] Baseclass:30 - Initializing Browser
2021-10-31 10:51:39,482  INFO [main] Baseclass:37 - Maximizing Browser
2021-10-31 10:51:39,620  INFO [main] Baseclass:39 - Applying common waits to browser
2021-10-31 10:51:43,159  INFO [main] Baseclass:30 - Initializing Browser
2021-10-31 10:51:45,141  INFO [main] Baseclass:37 - Maximizing Browser
2021-10-31 10:51:45,278  INFO [main] Baseclass:39 - Applying common waits to browser
2021-10-31 10:51:50,124  INFO [main] Baseclass:30 - Initializing Browser
2021-10-31 10:51:52,157  INFO [main] Baseclass:37 - Maximizing Browser
2021-10-31 10:51:52,304  INFO [main] Baseclass:39 - Applying common waits to browser
2021-10-31 10:51:56,314  INFO [main] Baseclass:30 - Initializing Browser
2021-10-31 10:51:59,073  INFO [main] Baseclass:37 - Maximizing Browser
2021-10-31 10:51:59,199  INFO [main] Baseclass:39 - Applying common waits to browser
2021-10-31 10:51:59,807  INFO [main] Baseclass:30 - Initializing Browser
2021-10-31 10:52:02,070  INFO [main] Baseclass:37 - Maximizing Browser
2021-10-31 10:52:02,197  INFO [main] Baseclass:39 - Applying common waits to browser
2021-10-31 10:52:02,411  INFO [main] Baseclass:30 - Initializing Browser
2021-10-31 10:52:04,407  INFO [main] Baseclass:37 - Maximizing Browser
2021-10-31 10:52:04,538  INFO [main] Baseclass:39 - Applying common waits to browser
2021-10-31 10:52:04,604  INFO [main] Baseclass:30 - Initializing Browser
2021-10-31 10:52:06,120  INFO [main] Baseclass:37 - Maximizing Browser
2021-10-31 10:52:06,276  INFO [main] Baseclass:39 - Applying common waits to browser
2021-10-31 10:52:06,378  INFO [main] Baseclass:30 - Initializing Browser
2021-10-31 10:52:08,544  INFO [main] Baseclass:37 - Maximizing Browser
2021-10-31 10:52:08,696  INFO [main] Baseclass:39 - Applying common waits to browser
2021-10-31 10:52:12,414  INFO [main] Baseclass:30 - Initializing Browser
2021-10-31 10:52:13,930  INFO [main] Baseclass:37 - Maximizing Browser
2021-10-31 10:52:14,109  INFO [main] Baseclass:39 - Applying common waits to browser
2021-10-31 10:57:15,853  INFO [main] Baseclass:30 - Initializing Browser
2021-10-31 10:57:20,871  INFO [main] Baseclass:37 - Maximizing Browser
2021-10-31 10:57:21,014  INFO [main] Baseclass:39 - Applying common waits to browser
2021-10-31 10:57:22,643  INFO [main] Baseclass:30 - Initializing Browser
2021-10-31 10:57:24,018  INFO [main] Baseclass:37 - Maximizing Browser
2021-10-31 10:57:24,171  INFO [main] Baseclass:39 - Applying common waits to browser
2021-10-31 10:57:25,585  INFO [main] Baseclass:30 - Initializing Browser
2021-10-31 10:57:27,171  INFO [main] Baseclass:37 - Maximizing Browser
2021-10-31 10:57:27,291  INFO [main] Baseclass:39 - Applying common waits to browser
2021-10-31 10:57:28,782  INFO [main] Baseclass:30 - Initializing Browser
2021-10-31 10:57:30,378  INFO [main] Baseclass:37 - Maximizing Browser
2021-10-31 10:57:30,524  INFO [main] Baseclass:39 - Applying common waits to browser
2021-10-31 10:57:30,979  INFO [main] Baseclass:30 - Initializing Browser
2021-10-31 10:57:32,378  INFO [main] Baseclass:37 - Maximizing Browser
2021-10-31 10:57:32,516  INFO [main] Baseclass:39 - Applying common waits to browser
2021-10-31 10:57:32,690  INFO [main] Baseclass:30 - Initializing Browser
2021-10-31 10:57:34,005  INFO [main] Baseclass:37 - Maximizing Browser
2021-10-31 10:57:34,134  INFO [main] Baseclass:39 - Applying common waits to browser
2021-10-31 10:57:34,197  INFO [main] Baseclass:30 - Initializing Browser
2021-10-31 10:57:35,748  INFO [main] Baseclass:37 - Maximizing Browser
2021-10-31 10:57:35,882  INFO [main] Baseclass:39 - Applying common waits to browser
2021-10-31 10:57:35,982  INFO [main] Baseclass:30 - Initializing Browser
2021-10-31 10:57:37,367  INFO [main] Baseclass:37 - Maximizing Browser
2021-10-31 10:57:37,497  INFO [main] Baseclass:39 - Applying common waits to browser
2021-10-31 10:57:39,536  INFO [main] Baseclass:30 - Initializing Browser
2021-10-31 10:57:41,259  INFO [main] Baseclass:37 - Maximizing Browser
2021-10-31 10:57:41,386  INFO [main] Baseclass:39 - Applying common waits to browser
2021-10-31 10:57:42,837  INFO [main] Baseclass:30 - Initializing Browser
2021-10-31 10:57:44,281  INFO [main] Baseclass:37 - Maximizing Browser
2021-10-31 10:57:44,425  INFO [main] Baseclass:39 - Applying common waits to browser
2021-10-31 12:06:02,740  INFO [main] Baseclass:30 - Initializing Browser
2021-10-31 12:06:05,378  INFO [main] Baseclass:37 - Maximizing Browser
2021-10-31 12:06:05,516  INFO [main] Baseclass:39 - Applying common waits to browser
2021-10-31 12:06:06,123  INFO [main] Baseclass:30 - Initializing Browser
2021-10-31 12:06:07,105  INFO [main] Baseclass:37 - Maximizing Browser
2021-10-31 12:06:07,235  INFO [main] Baseclass:39 - Applying common waits to browser
2021-10-31 12:06:07,758  INFO [main] Baseclass:30 - Initializing Browser
2021-10-31 12:06:08,690  INFO [main] Baseclass:37 - Maximizing Browser
2021-10-31 12:06:08,823  INFO [main] Baseclass:39 - Applying common waits to browser
2021-10-31 12:06:09,313  INFO [main] Baseclass:30 - Initializing Browser
2021-10-31 12:06:10,286  INFO [main] Baseclass:37 - Maximizing Browser
2021-10-31 12:06:10,424  INFO [main] Baseclass:39 - Applying common waits to browser
2021-10-31 12:06:11,124  INFO [main] Baseclass:30 - Initializing Browser
2021-10-31 12:06:12,243  INFO [main] Baseclass:37 - Maximizing Browser
2021-10-31 12:06:12,371  INFO [main] Baseclass:39 - Applying common waits to browser
2021-10-31 12:06:12,593  INFO [main] Baseclass:30 - Initializing Browser
2021-10-31 12:06:13,557  INFO [main] Baseclass:37 - Maximizing Browser
2021-10-31 12:06:13,687  INFO [main] Baseclass:39 - Applying common waits to browser
2021-10-31 12:06:13,769  INFO [main] Baseclass:30 - Initializing Browser
2021-10-31 12:06:14,716  INFO [main] Baseclass:37 - Maximizing Browser
2021-10-31 12:06:14,844  INFO [main] Baseclass:39 - Applying common waits to browser
2021-10-31 12:06:14,971  INFO [main] Baseclass:30 - Initializing Browser
2021-10-31 12:06:15,934  INFO [main] Baseclass:37 - Maximizing Browser
2021-10-31 12:06:16,068  INFO [main] Baseclass:39 - Applying common waits to browser
2021-10-31 12:06:16,567  INFO [main] Baseclass:30 - Initializing Browser
2021-10-31 12:06:17,534  INFO [main] Baseclass:37 - Maximizing Browser
2021-10-31 12:06:17,666  INFO [main] Baseclass:39 - Applying common waits to browser
2021-10-31 12:06:18,189  INFO [main] Baseclass:30 - Initializing Browser
2021-10-31 12:06:19,169  INFO [main] Baseclass:37 - Maximizing Browser
2021-10-31 12:06:19,292  INFO [main] Baseclass:39 - Applying common waits to browser
2021-10-31 12:10:18,908  INFO [main] Baseclass:30 - Initializing Browser
2021-10-31 12:10:20,513  INFO [main] Baseclass:37 - Maximizing Browser
2021-10-31 12:10:20,647  INFO [main] Baseclass:39 - Applying common waits to browser
2021-10-31 12:10:21,450  INFO [main] Baseclass:30 - Initializing Browser
2021-10-31 12:10:22,439  INFO [main] Baseclass:37 - Maximizing Browser
2021-10-31 12:10:22,571  INFO [main] Baseclass:39 - Applying common waits to browser
2021-10-31 12:10:23,090  INFO [main] Baseclass:30 - Initializing Browser
2021-10-31 12:10:24,044  INFO [main] Baseclass:37 - Maximizing Browser
2021-10-31 12:10:24,171  INFO [main] Baseclass:39 - Applying common waits to browser
2021-10-31 12:10:24,749  INFO [main] Baseclass:30 - Initializing Browser
2021-10-31 12:10:25,862  INFO [main] Baseclass:37 - Maximizing Browser
2021-10-31 12:10:25,988  INFO [main] Baseclass:39 - Applying common waits to browser
2021-10-31 12:10:26,598  INFO [main] Baseclass:30 - Initializing Browser
2021-10-31 12:10:27,697  INFO [main] Baseclass:37 - Maximizing Browser
2021-10-31 12:10:27,832  INFO [main] Baseclass:39 - Applying common waits to browser
2021-10-31 12:10:28,097  INFO [main] Baseclass:30 - Initializing Browser
2021-10-31 12:10:29,082  INFO [main] Baseclass:37 - Maximizing Browser
2021-10-31 12:10:29,221  INFO [main] Baseclass:39 - Applying common waits to browser
2021-10-31 12:10:29,289  INFO [main] Baseclass:30 - Initializing Browser
2021-10-31 12:10:30,244  INFO [main] Baseclass:37 - Maximizing Browser
2021-10-31 12:10:30,377  INFO [main] Baseclass:39 - Applying common waits to browser
2021-10-31 12:10:30,483  INFO [main] Baseclass:30 - Initializing Browser
2021-10-31 12:10:31,429  INFO [main] Baseclass:37 - Maximizing Browser
2021-10-31 12:10:31,561  INFO [main] Baseclass:39 - Applying common waits to browser
2021-10-31 12:10:36,201  INFO [main] Baseclass:30 - Initializing Browser
2021-10-31 12:10:37,225  INFO [main] Baseclass:37 - Maximizing Browser
2021-10-31 12:10:37,354  INFO [main] Baseclass:39 - Applying common waits to browser
2021-10-31 12:10:37,891  INFO [main] Baseclass:30 - Initializing Browser
2021-10-31 12:10:38,820  INFO [main] Baseclass:37 - Maximizing Browser
2021-10-31 12:10:38,952  INFO [main] Baseclass:39 - Applying common waits to browser
2021-10-31 12:12:50,286  INFO [main] Baseclass:30 - Initializing Browser
2021-10-31 12:12:55,412  INFO [main] Baseclass:37 - Maximizing Browser
2021-10-31 12:12:55,543  INFO [main] Baseclass:39 - Applying common waits to browser
2021-10-31 12:12:58,473  INFO [main] Baseclass:30 - Initializing Browser
2021-10-31 12:13:01,141  INFO [main] Baseclass:37 - Maximizing Browser
2021-10-31 12:13:01,280  INFO [main] Baseclass:39 - Applying common waits to browser
2021-10-31 12:13:03,824  INFO [main] Baseclass:30 - Initializing Browser
2021-10-31 12:13:05,568  INFO [main] Baseclass:37 - Maximizing Browser
2021-10-31 12:13:05,703  INFO [main] Baseclass:39 - Applying common waits to browser
2021-10-31 12:13:07,168  INFO [main] Baseclass:30 - Initializing Browser
2021-10-31 12:13:08,828  INFO [main] Baseclass:37 - Maximizing Browser
2021-10-31 12:13:08,965  INFO [main] Baseclass:39 - Applying common waits to browser
2021-10-31 12:13:09,700  INFO [main] Baseclass:30 - Initializing Browser
2021-10-31 12:13:13,929  INFO [main] Baseclass:37 - Maximizing Browser
2021-10-31 12:13:14,072  INFO [main] Baseclass:39 - Applying common waits to browser
2021-10-31 12:13:14,321  INFO [main] Baseclass:30 - Initializing Browser
2021-10-31 12:13:16,511  INFO [main] Baseclass:37 - Maximizing Browser
2021-10-31 12:13:16,643  INFO [main] Baseclass:39 - Applying common waits to browser
2021-10-31 12:13:16,718  INFO [main] Baseclass:30 - Initializing Browser
2021-10-31 12:13:18,495  INFO [main] Baseclass:37 - Maximizing Browser
2021-10-31 12:13:18,622  INFO [main] Baseclass:39 - Applying common waits to browser
2021-10-31 12:13:18,734  INFO [main] Baseclass:30 - Initializing Browser
2021-10-31 12:13:21,561  INFO [main] Baseclass:37 - Maximizing Browser
2021-10-31 12:13:21,701  INFO [main] Baseclass:39 - Applying common waits to browser
2021-10-31 12:13:23,493  INFO [main] Baseclass:30 - Initializing Browser
2021-10-31 12:13:25,522  INFO [main] Baseclass:37 - Maximizing Browser
2021-10-31 12:13:25,655  INFO [main] Baseclass:39 - Applying common waits to browser
2021-10-31 12:13:27,182  INFO [main] Baseclass:30 - Initializing Browser
2021-10-31 12:13:29,567  INFO [main] Baseclass:37 - Maximizing Browser
2021-10-31 12:13:29,704  INFO [main] Baseclass:39 - Applying common waits to browser
2021-10-31 12:20:01,571  INFO [main] Baseclass:30 - Initializing Browser
2021-10-31 12:20:03,999  INFO [main] Baseclass:37 - Maximizing Browser
2021-10-31 12:20:04,137  INFO [main] Baseclass:39 - Applying common waits to browser
2021-10-31 12:20:06,318  INFO [main] Baseclass:30 - Initializing Browser
2021-10-31 12:20:08,648  INFO [main] Baseclass:37 - Maximizing Browser
2021-10-31 12:20:08,795  INFO [main] Baseclass:39 - Applying common waits to browser
2021-10-31 12:20:10,070  INFO [main] Baseclass:30 - Initializing Browser
2021-10-31 12:20:12,036  INFO [main] Baseclass:37 - Maximizing Browser
2021-10-31 12:20:12,199  INFO [main] Baseclass:39 - Applying common waits to browser
2021-10-31 12:20:13,851  INFO [main] Baseclass:30 - Initializing Browser
2021-10-31 12:20:15,835  INFO [main] Baseclass:37 - Maximizing Browser
2021-10-31 12:20:15,974  INFO [main] Baseclass:39 - Applying common waits to browser
2021-10-31 12:20:16,603  INFO [main] Baseclass:30 - Initializing Browser
2021-10-31 12:20:18,323  INFO [main] Baseclass:37 - Maximizing Browser
2021-10-31 12:20:18,453  INFO [main] Baseclass:39 - Applying common waits to browser
2021-10-31 12:20:18,695  INFO [main] Baseclass:30 - Initializing Browser
2021-10-31 12:20:21,553  INFO [main] Baseclass:37 - Maximizing Browser
2021-10-31 12:20:21,682  INFO [main] Baseclass:39 - Applying common waits to browser
2021-10-31 12:20:21,746  INFO [main] Baseclass:30 - Initializing Browser
2021-10-31 12:20:24,087  INFO [main] Baseclass:37 - Maximizing Browser
2021-10-31 12:20:24,212  INFO [main] Baseclass:39 - Applying common waits to browser
2021-10-31 12:20:24,323  INFO [main] Baseclass:30 - Initializing Browser
2021-10-31 12:20:29,229  INFO [main] Baseclass:37 - Maximizing Browser
2021-10-31 12:20:29,368  INFO [main] Baseclass:39 - Applying common waits to browser
2021-10-31 12:20:39,341  INFO [main] Baseclass:30 - Initializing Browser
2021-10-31 12:20:41,668  INFO [main] Baseclass:37 - Maximizing Browser
2021-10-31 12:20:41,798  INFO [main] Baseclass:39 - Applying common waits to browser
2021-10-31 12:20:45,303  INFO [main] Baseclass:30 - Initializing Browser
2021-10-31 12:20:51,556  INFO [main] Baseclass:37 - Maximizing Browser
2021-10-31 12:20:51,695  INFO [main] Baseclass:39 - Applying common waits to browser
2021-10-31 12:25:22,192  INFO [main] Baseclass:30 - Initializing Browser
2021-10-31 12:25:24,837  INFO [main] Baseclass:37 - Maximizing Browser
2021-10-31 12:25:24,992  INFO [main] Baseclass:39 - Applying common waits to browser
2021-10-31 12:25:28,009  INFO [main] Baseclass:30 - Initializing Browser
2021-10-31 12:25:29,672  INFO [main] Baseclass:37 - Maximizing Browser
2021-10-31 12:25:29,796  INFO [main] Baseclass:39 - Applying common waits to browser
2021-10-31 12:25:31,632  INFO [main] Baseclass:30 - Initializing Browser
2021-10-31 12:25:33,283  INFO [main] Baseclass:37 - Maximizing Browser
2021-10-31 12:25:33,431  INFO [main] Baseclass:39 - Applying common waits to browser
2021-10-31 12:25:35,195  INFO [main] Baseclass:30 - Initializing Browser
2021-10-31 12:25:36,873  INFO [main] Baseclass:37 - Maximizing Browser
2021-10-31 12:25:37,009  INFO [main] Baseclass:39 - Applying common waits to browser
2021-10-31 12:25:38,631  INFO [main] Baseclass:30 - Initializing Browser
2021-10-31 12:25:40,228  INFO [main] Baseclass:37 - Maximizing Browser
2021-10-31 12:25:40,377  INFO [main] Baseclass:39 - Applying common waits to browser
2021-10-31 12:25:41,070  INFO [main] Baseclass:30 - Initializing Browser
2021-10-31 12:25:42,665  INFO [main] Baseclass:37 - Maximizing Browser
2021-10-31 12:25:42,813  INFO [main] Baseclass:39 - Applying common waits to browser
2021-10-31 12:25:43,069  INFO [main] Baseclass:30 - Initializing Browser
2021-10-31 12:25:44,738  INFO [main] Baseclass:37 - Maximizing Browser
2021-10-31 12:25:44,875  INFO [main] Baseclass:39 - Applying common waits to browser
2021-10-31 12:25:44,950  INFO [main] Baseclass:30 - Initializing Browser
2021-10-31 12:25:46,597  INFO [main] Baseclass:37 - Maximizing Browser
2021-10-31 12:25:46,734  INFO [main] Baseclass:39 - Applying common waits to browser
2021-10-31 12:25:46,862  INFO [main] Baseclass:30 - Initializing Browser
2021-10-31 12:25:48,623  INFO [main] Baseclass:37 - Maximizing Browser
2021-10-31 12:25:48,772  INFO [main] Baseclass:39 - Applying common waits to browser
2021-10-31 12:25:50,449  INFO [main] Baseclass:30 - Initializing Browser
2021-10-31 12:25:52,143  INFO [main] Baseclass:37 - Maximizing Browser
2021-10-31 12:25:52,264  INFO [main] Baseclass:39 - Applying common waits to browser
2021-10-31 12:53:22,517  INFO [main] Baseclass:42 - test suite is started
2021-10-31 12:53:22,563  INFO [main] Baseclass:30 - Initializing Browser
2021-10-31 12:53:24,864  INFO [main] Baseclass:37 - Maximizing Browser
2021-10-31 12:53:25,010  INFO [main] Baseclass:39 - Applying common waits to browser
2021-10-31 12:53:25,336  INFO [main] Baseclass:13 - Testcase ready to sdtart with name: Handlepoup
2021-10-31 12:53:25,916  INFO [main] Baseclass:18 - Testcase passed successfully with name: Handlepoup
2021-10-31 12:53:26,006  INFO [main] Baseclass:30 - Initializing Browser
2021-10-31 12:53:27,753  INFO [main] Baseclass:37 - Maximizing Browser
2021-10-31 12:53:27,875  INFO [main] Baseclass:39 - Applying common waits to browser
2021-10-31 12:53:27,885  INFO [main] Baseclass:13 - Testcase ready to sdtart with name: NewRegister
2021-10-31 12:53:28,069  INFO [main] Baseclass:18 - Testcase passed successfully with name: NewRegister
2021-10-31 12:53:28,139  INFO [main] Baseclass:30 - Initializing Browser
2021-10-31 12:53:29,869  INFO [main] Baseclass:37 - Maximizing Browser
2021-10-31 12:53:30,003  INFO [main] Baseclass:39 - Applying common waits to browser
2021-10-31 12:53:30,014  INFO [main] Baseclass:13 - Testcase ready to sdtart with name: ValidLogin
2021-10-31 12:53:30,025  INFO [main] Baseclass:18 - Testcase passed successfully with name: ValidLogin
2021-10-31 12:53:30,083  INFO [main] Baseclass:30 - Initializing Browser
2021-10-31 12:53:32,126  INFO [main] Baseclass:37 - Maximizing Browser
2021-10-31 12:53:32,264  INFO [main] Baseclass:39 - Applying common waits to browser
2021-10-31 12:53:32,277  INFO [main] Baseclass:13 - Testcase ready to sdtart with name: checktext1
2021-10-31 12:53:32,330  INFO [main] Baseclass:18 - Testcase passed successfully with name: checktext1
2021-10-31 12:53:32,438  INFO [main] Baseclass:47 - test suite is finished
2021-10-31 12:53:32,471 DEBUG [main] cache:45 - Couldn't find template in cache for "spark/spark.spa.ftl"("en_IN", UTF-8, parsed); will try to load it.
2021-10-31 12:53:32,472 DEBUG [main] cache:45 - TemplateLoader.findTemplateSource("spark/spark.spa_en_IN.ftl"): Not found
2021-10-31 12:53:32,472 DEBUG [main] cache:45 - TemplateLoader.findTemplateSource("spark/spark.spa_en.ftl"): Not found
2021-10-31 12:53:32,473 DEBUG [main] cache:45 - TemplateLoader.findTemplateSource("spark/spark.spa.ftl"): Found
2021-10-31 12:53:32,474 DEBUG [main] cache:45 - Loading template for "spark/spark.spa.ftl"("en_IN", UTF-8, parsed) from "jar:file:/C:/Users/harsh/.m2/repository/com/aventstack/extentreports/5.0.8/extentreports-5.0.8.jar!/com/aventstack/extentreports/templates/spark/spark.spa.ftl"
2021-10-31 12:53:32,527 DEBUG [main] cache:45 - Couldn't find template in cache for "commons/commons-variables.ftl"("en_IN", UTF-8, parsed); will try to load it.
2021-10-31 12:53:32,528 DEBUG [main] cache:45 - TemplateLoader.findTemplateSource("commons/commons-variables_en_IN.ftl"): Not found
2021-10-31 12:53:32,529 DEBUG [main] cache:45 - TemplateLoader.findTemplateSource("commons/commons-variables_en.ftl"): Not found
2021-10-31 12:53:32,529 DEBUG [main] cache:45 - TemplateLoader.findTemplateSource("commons/commons-variables.ftl"): Found
2021-10-31 12:53:32,530 DEBUG [main] cache:45 - Loading template for "commons/commons-variables.ftl"("en_IN", UTF-8, parsed) from "jar:file:/C:/Users/harsh/.m2/repository/com/aventstack/extentreports/5.0.8/extentreports-5.0.8.jar!/com/aventstack/extentreports/templates/commons/commons-variables.ftl"
2021-10-31 12:53:32,637 DEBUG [main] cache:45 - Couldn't find template in cache for "commons/commons-macros.ftl"("en_IN", UTF-8, parsed); will try to load it.
2021-10-31 12:53:32,638 DEBUG [main] cache:45 - TemplateLoader.findTemplateSource("commons/commons-macros_en_IN.ftl"): Not found
2021-10-31 12:53:32,639 DEBUG [main] cache:45 - TemplateLoader.findTemplateSource("commons/commons-macros_en.ftl"): Not found
2021-10-31 12:53:32,640 DEBUG [main] cache:45 - TemplateLoader.findTemplateSource("commons/commons-macros.ftl"): Found
2021-10-31 12:53:32,640 DEBUG [main] cache:45 - Loading template for "commons/commons-macros.ftl"("en_IN", UTF-8, parsed) from "jar:file:/C:/Users/harsh/.m2/repository/com/aventstack/extentreports/5.0.8/extentreports-5.0.8.jar!/com/aventstack/extentreports/templates/commons/commons-macros.ftl"
2021-10-31 12:53:32,656 DEBUG [main] cache:45 - Couldn't find template in cache for "spark/macros/attributes.ftl"("en_IN", UTF-8, parsed); will try to load it.
2021-10-31 12:53:32,657 DEBUG [main] cache:45 - TemplateLoader.findTemplateSource("spark/macros/attributes_en_IN.ftl"): Not found
2021-10-31 12:53:32,658 DEBUG [main] cache:45 - TemplateLoader.findTemplateSource("spark/macros/attributes_en.ftl"): Not found
2021-10-31 12:53:32,658 DEBUG [main] cache:45 - TemplateLoader.findTemplateSource("spark/macros/attributes.ftl"): Found
2021-10-31 12:53:32,659 DEBUG [main] cache:45 - Loading template for "spark/macros/attributes.ftl"("en_IN", UTF-8, parsed) from "jar:file:/C:/Users/harsh/.m2/repository/com/aventstack/extentreports/5.0.8/extentreports-5.0.8.jar!/com/aventstack/extentreports/templates/spark/macros/attributes.ftl"
2021-10-31 12:53:32,662 DEBUG [main] cache:45 - Couldn't find template in cache for "spark/macros/log.ftl"("en_IN", UTF-8, parsed); will try to load it.
2021-10-31 12:53:32,663 DEBUG [main] cache:45 - TemplateLoader.findTemplateSource("spark/macros/log_en_IN.ftl"): Not found
2021-10-31 12:53:32,664 DEBUG [main] cache:45 - TemplateLoader.findTemplateSource("spark/macros/log_en.ftl"): Not found
2021-10-31 12:53:32,665 DEBUG [main] cache:45 - TemplateLoader.findTemplateSource("spark/macros/log.ftl"): Found
2021-10-31 12:53:32,665 DEBUG [main] cache:45 - Loading template for "spark/macros/log.ftl"("en_IN", UTF-8, parsed) from "jar:file:/C:/Users/harsh/.m2/repository/com/aventstack/extentreports/5.0.8/extentreports-5.0.8.jar!/com/aventstack/extentreports/templates/spark/macros/log.ftl"
2021-10-31 12:53:32,669 DEBUG [main] cache:45 - Couldn't find template in cache for "spark/macros/recurse_nodes.ftl"("en_IN", UTF-8, parsed); will try to load it.
2021-10-31 12:53:32,671 DEBUG [main] cache:45 - TemplateLoader.findTemplateSource("spark/macros/recurse_nodes_en_IN.ftl"): Not found
2021-10-31 12:53:32,672 DEBUG [main] cache:45 - TemplateLoader.findTemplateSource("spark/macros/recurse_nodes_en.ftl"): Not found
2021-10-31 12:53:32,673 DEBUG [main] cache:45 - TemplateLoader.findTemplateSource("spark/macros/recurse_nodes.ftl"): Found
2021-10-31 12:53:32,673 DEBUG [main] cache:45 - Loading template for "spark/macros/recurse_nodes.ftl"("en_IN", UTF-8, parsed) from "jar:file:/C:/Users/harsh/.m2/repository/com/aventstack/extentreports/5.0.8/extentreports-5.0.8.jar!/com/aventstack/extentreports/templates/spark/macros/recurse_nodes.ftl"
2021-10-31 12:53:32,678 DEBUG [main] cache:45 - "spark/macros/log.ftl"("en_IN", UTF-8, parsed) cached copy not yet stale; using cached.
2021-10-31 12:53:32,678 DEBUG [main] cache:45 - Couldn't find template in cache for "spark/macros/attr-common.ftl"("en_IN", UTF-8, parsed); will try to load it.
2021-10-31 12:53:32,679 DEBUG [main] cache:45 - TemplateLoader.findTemplateSource("spark/macros/attr-common_en_IN.ftl"): Not found
2021-10-31 12:53:32,680 DEBUG [main] cache:45 - TemplateLoader.findTemplateSource("spark/macros/attr-common_en.ftl"): Not found
2021-10-31 12:53:32,681 DEBUG [main] cache:45 - TemplateLoader.findTemplateSource("spark/macros/attr-common.ftl"): Found
2021-10-31 12:53:32,682 DEBUG [main] cache:45 - Loading template for "spark/macros/attr-common.ftl"("en_IN", UTF-8, parsed) from "jar:file:/C:/Users/harsh/.m2/repository/com/aventstack/extentreports/5.0.8/extentreports-5.0.8.jar!/com/aventstack/extentreports/templates/spark/macros/attr-common.ftl"
2021-10-31 12:53:32,695 DEBUG [main] cache:45 - Couldn't find template in cache for "spark/partials/head.ftl"("en_IN", UTF-8, parsed); will try to load it.
2021-10-31 12:53:32,696 DEBUG [main] cache:45 - TemplateLoader.findTemplateSource("spark/partials/head_en_IN.ftl"): Not found
2021-10-31 12:53:32,697 DEBUG [main] cache:45 - TemplateLoader.findTemplateSource("spark/partials/head_en.ftl"): Not found
2021-10-31 12:53:32,698 DEBUG [main] cache:45 - TemplateLoader.findTemplateSource("spark/partials/head.ftl"): Found
2021-10-31 12:53:32,699 DEBUG [main] cache:45 - Loading template for "spark/partials/head.ftl"("en_IN", UTF-8, parsed) from "jar:file:/C:/Users/harsh/.m2/repository/com/aventstack/extentreports/5.0.8/extentreports-5.0.8.jar!/com/aventstack/extentreports/templates/spark/partials/head.ftl"
2021-10-31 12:53:32,703 DEBUG [main] cache:45 - Couldn't find template in cache for "commons/commons-inject-css.ftl"("en_IN", UTF-8, parsed); will try to load it.
2021-10-31 12:53:32,704 DEBUG [main] cache:45 - TemplateLoader.findTemplateSource("commons/commons-inject-css_en_IN.ftl"): Not found
2021-10-31 12:53:32,704 DEBUG [main] cache:45 - TemplateLoader.findTemplateSource("commons/commons-inject-css_en.ftl"): Not found
2021-10-31 12:53:32,705 DEBUG [main] cache:45 - TemplateLoader.findTemplateSource("commons/commons-inject-css.ftl"): Found
2021-10-31 12:53:32,705 DEBUG [main] cache:45 - Loading template for "commons/commons-inject-css.ftl"("en_IN", UTF-8, parsed) from "jar:file:/C:/Users/harsh/.m2/repository/com/aventstack/extentreports/5.0.8/extentreports-5.0.8.jar!/com/aventstack/extentreports/templates/commons/commons-inject-css.ftl"
2021-10-31 12:53:32,706 DEBUG [main] cache:45 - Couldn't find template in cache for "spark/partials/navbar.ftl"("en_IN", UTF-8, parsed); will try to load it.
2021-10-31 12:53:32,707 DEBUG [main] cache:45 - TemplateLoader.findTemplateSource("spark/partials/navbar_en_IN.ftl"): Not found
2021-10-31 12:53:32,707 DEBUG [main] cache:45 - TemplateLoader.findTemplateSource("spark/partials/navbar_en.ftl"): Not found
2021-10-31 12:53:32,708 DEBUG [main] cache:45 - TemplateLoader.findTemplateSource("spark/partials/navbar.ftl"): Found
2021-10-31 12:53:32,708 DEBUG [main] cache:45 - Loading template for "spark/partials/navbar.ftl"("en_IN", UTF-8, parsed) from "jar:file:/C:/Users/harsh/.m2/repository/com/aventstack/extentreports/5.0.8/extentreports-5.0.8.jar!/com/aventstack/extentreports/templates/spark/partials/navbar.ftl"
2021-10-31 12:53:32,715 DEBUG [main] cache:45 - Couldn't find template in cache for "spark/partials/sidenav.ftl"("en_IN", UTF-8, parsed); will try to load it.
2021-10-31 12:53:32,716 DEBUG [main] cache:45 - TemplateLoader.findTemplateSource("spark/partials/sidenav_en_IN.ftl"): Not found
2021-10-31 12:53:32,717 DEBUG [main] cache:45 - TemplateLoader.findTemplateSource("spark/partials/sidenav_en.ftl"): Not found
2021-10-31 12:53:32,718 DEBUG [main] cache:45 - TemplateLoader.findTemplateSource("spark/partials/sidenav.ftl"): Found
2021-10-31 12:53:32,719 DEBUG [main] cache:45 - Loading template for "spark/partials/sidenav.ftl"("en_IN", UTF-8, parsed) from "jar:file:/C:/Users/harsh/.m2/repository/com/aventstack/extentreports/5.0.8/extentreports-5.0.8.jar!/com/aventstack/extentreports/templates/spark/partials/sidenav.ftl"
2021-10-31 12:53:32,733 DEBUG [main] cache:45 - Couldn't find template in cache for "spark/partials/test.ftl"("en_IN", UTF-8, parsed); will try to load it.
2021-10-31 12:53:32,734 DEBUG [main] cache:45 - TemplateLoader.findTemplateSource("spark/partials/test_en_IN.ftl"): Not found
2021-10-31 12:53:32,735 DEBUG [main] cache:45 - TemplateLoader.findTemplateSource("spark/partials/test_en.ftl"): Not found
2021-10-31 12:53:32,736 DEBUG [main] cache:45 - TemplateLoader.findTemplateSource("spark/partials/test.ftl"): Found
2021-10-31 12:53:32,736 DEBUG [main] cache:45 - Loading template for "spark/partials/test.ftl"("en_IN", UTF-8, parsed) from "jar:file:/C:/Users/harsh/.m2/repository/com/aventstack/extentreports/5.0.8/extentreports-5.0.8.jar!/com/aventstack/extentreports/templates/spark/partials/test.ftl"
2021-10-31 12:53:32,754 DEBUG [main] cache:45 - Couldn't find template in cache for "spark/partials/standard-content.ftl"("en_IN", UTF-8, parsed); will try to load it.
2021-10-31 12:53:32,756 DEBUG [main] cache:45 - TemplateLoader.findTemplateSource("spark/partials/standard-content_en_IN.ftl"): Not found
2021-10-31 12:53:32,757 DEBUG [main] cache:45 - TemplateLoader.findTemplateSource("spark/partials/standard-content_en.ftl"): Not found
2021-10-31 12:53:32,757 DEBUG [main] cache:45 - TemplateLoader.findTemplateSource("spark/partials/standard-content.ftl"): Found
2021-10-31 12:53:32,758 DEBUG [main] cache:45 - Loading template for "spark/partials/standard-content.ftl"("en_IN", UTF-8, parsed) from "jar:file:/C:/Users/harsh/.m2/repository/com/aventstack/extentreports/5.0.8/extentreports-5.0.8.jar!/com/aventstack/extentreports/templates/spark/partials/standard-content.ftl"
2021-10-31 12:53:32,767 DEBUG [main] cache:45 - Couldn't find template in cache for "spark/partials/exception.ftl"("en_IN", UTF-8, parsed); will try to load it.
2021-10-31 12:53:32,768 DEBUG [main] cache:45 - TemplateLoader.findTemplateSource("spark/partials/exception_en_IN.ftl"): Not found
2021-10-31 12:53:32,768 DEBUG [main] cache:45 - TemplateLoader.findTemplateSource("spark/partials/exception_en.ftl"): Not found
2021-10-31 12:53:32,769 DEBUG [main] cache:45 - TemplateLoader.findTemplateSource("spark/partials/exception.ftl"): Found
2021-10-31 12:53:32,769 DEBUG [main] cache:45 - Loading template for "spark/partials/exception.ftl"("en_IN", UTF-8, parsed) from "jar:file:/C:/Users/harsh/.m2/repository/com/aventstack/extentreports/5.0.8/extentreports-5.0.8.jar!/com/aventstack/extentreports/templates/spark/partials/exception.ftl"
2021-10-31 12:53:32,771 DEBUG [main] cache:45 - Couldn't find template in cache for "spark/partials/category.ftl"("en_IN", UTF-8, parsed); will try to load it.
2021-10-31 12:53:32,771 DEBUG [main] cache:45 - TemplateLoader.findTemplateSource("spark/partials/category_en_IN.ftl"): Not found
2021-10-31 12:53:32,772 DEBUG [main] cache:45 - TemplateLoader.findTemplateSource("spark/partials/category_en.ftl"): Not found
2021-10-31 12:53:32,773 DEBUG [main] cache:45 - TemplateLoader.findTemplateSource("spark/partials/category.ftl"): Found
2021-10-31 12:53:32,773 DEBUG [main] cache:45 - Loading template for "spark/partials/category.ftl"("en_IN", UTF-8, parsed) from "jar:file:/C:/Users/harsh/.m2/repository/com/aventstack/extentreports/5.0.8/extentreports-5.0.8.jar!/com/aventstack/extentreports/templates/spark/partials/category.ftl"
2021-10-31 12:53:32,775 DEBUG [main] cache:45 - Couldn't find template in cache for "spark/partials/device.ftl"("en_IN", UTF-8, parsed); will try to load it.
2021-10-31 12:53:32,775 DEBUG [main] cache:45 - TemplateLoader.findTemplateSource("spark/partials/device_en_IN.ftl"): Not found
2021-10-31 12:53:32,776 DEBUG [main] cache:45 - TemplateLoader.findTemplateSource("spark/partials/device_en.ftl"): Not found
2021-10-31 12:53:32,777 DEBUG [main] cache:45 - TemplateLoader.findTemplateSource("spark/partials/device.ftl"): Found
2021-10-31 12:53:32,777 DEBUG [main] cache:45 - Loading template for "spark/partials/device.ftl"("en_IN", UTF-8, parsed) from "jar:file:/C:/Users/harsh/.m2/repository/com/aventstack/extentreports/5.0.8/extentreports-5.0.8.jar!/com/aventstack/extentreports/templates/spark/partials/device.ftl"
2021-10-31 12:53:32,778 DEBUG [main] cache:45 - Couldn't find template in cache for "spark/partials/author.ftl"("en_IN", UTF-8, parsed); will try to load it.
2021-10-31 12:53:32,780 DEBUG [main] cache:45 - TemplateLoader.findTemplateSource("spark/partials/author_en_IN.ftl"): Not found
2021-10-31 12:53:32,782 DEBUG [main] cache:45 - TemplateLoader.findTemplateSource("spark/partials/author_en.ftl"): Not found
2021-10-31 12:53:32,783 DEBUG [main] cache:45 - TemplateLoader.findTemplateSource("spark/partials/author.ftl"): Found
2021-10-31 12:53:32,783 DEBUG [main] cache:45 - Loading template for "spark/partials/author.ftl"("en_IN", UTF-8, parsed) from "jar:file:/C:/Users/harsh/.m2/repository/com/aventstack/extentreports/5.0.8/extentreports-5.0.8.jar!/com/aventstack/extentreports/templates/spark/partials/author.ftl"
2021-10-31 12:53:32,785 DEBUG [main] cache:45 - Couldn't find template in cache for "spark/partials/log.ftl"("en_IN", UTF-8, parsed); will try to load it.
2021-10-31 12:53:32,787 DEBUG [main] cache:45 - TemplateLoader.findTemplateSource("spark/partials/log_en_IN.ftl"): Not found
2021-10-31 12:53:32,787 DEBUG [main] cache:45 - TemplateLoader.findTemplateSource("spark/partials/log_en.ftl"): Not found
2021-10-31 12:53:32,789 DEBUG [main] cache:45 - TemplateLoader.findTemplateSource("spark/partials/log.ftl"): Found
2021-10-31 12:53:32,789 DEBUG [main] cache:45 - Loading template for "spark/partials/log.ftl"("en_IN", UTF-8, parsed) from "jar:file:/C:/Users/harsh/.m2/repository/com/aventstack/extentreports/5.0.8/extentreports-5.0.8.jar!/com/aventstack/extentreports/templates/spark/partials/log.ftl"
2021-10-31 12:53:32,790 DEBUG [main] cache:45 - Couldn't find template in cache for "spark/partials/dashboard.ftl"("en_IN", UTF-8, parsed); will try to load it.
2021-10-31 12:53:32,791 DEBUG [main] cache:45 - TemplateLoader.findTemplateSource("spark/partials/dashboard_en_IN.ftl"): Not found
2021-10-31 12:53:32,793 DEBUG [main] cache:45 - TemplateLoader.findTemplateSource("spark/partials/dashboard_en.ftl"): Not found
2021-10-31 12:53:32,795 DEBUG [main] cache:45 - TemplateLoader.findTemplateSource("spark/partials/dashboard.ftl"): Found
2021-10-31 12:53:32,797 DEBUG [main] cache:45 - Loading template for "spark/partials/dashboard.ftl"("en_IN", UTF-8, parsed) from "jar:file:/C:/Users/harsh/.m2/repository/com/aventstack/extentreports/5.0.8/extentreports-5.0.8.jar!/com/aventstack/extentreports/templates/spark/partials/dashboard.ftl"
2021-10-31 12:53:32,843 DEBUG [main] cache:45 - Couldn't find template in cache for "spark/partials/scripts.ftl"("en_IN", UTF-8, parsed); will try to load it.
2021-10-31 12:53:32,844 DEBUG [main] cache:45 - TemplateLoader.findTemplateSource("spark/partials/scripts_en_IN.ftl"): Not found
2021-10-31 12:53:32,845 DEBUG [main] cache:45 - TemplateLoader.findTemplateSource("spark/partials/scripts_en.ftl"): Not found
2021-10-31 12:53:32,846 DEBUG [main] cache:45 - TemplateLoader.findTemplateSource("spark/partials/scripts.ftl"): Found
2021-10-31 12:53:32,846 DEBUG [main] cache:45 - Loading template for "spark/partials/scripts.ftl"("en_IN", UTF-8, parsed) from "jar:file:/C:/Users/harsh/.m2/repository/com/aventstack/extentreports/5.0.8/extentreports-5.0.8.jar!/com/aventstack/extentreports/templates/spark/partials/scripts.ftl"
2021-10-31 12:53:32,848 DEBUG [main] cache:45 - Couldn't find template in cache for "commons/commons-inject-js.ftl"("en_IN", UTF-8, parsed); will try to load it.
2021-10-31 12:53:32,849 DEBUG [main] cache:45 - TemplateLoader.findTemplateSource("commons/commons-inject-js_en_IN.ftl"): Not found
2021-10-31 12:53:32,850 DEBUG [main] cache:45 - TemplateLoader.findTemplateSource("commons/commons-inject-js_en.ftl"): Not found
2021-10-31 12:53:32,850 DEBUG [main] cache:45 - TemplateLoader.findTemplateSource("commons/commons-inject-js.ftl"): Found
2021-10-31 12:53:32,850 DEBUG [main] cache:45 - Loading template for "commons/commons-inject-js.ftl"("en_IN", UTF-8, parsed) from "jar:file:/C:/Users/harsh/.m2/repository/com/aventstack/extentreports/5.0.8/extentreports-5.0.8.jar!/com/aventstack/extentreports/templates/commons/commons-inject-js.ftl"
2021-10-31 12:56:33,372  INFO [main] Baseclass:42 - test suite is started
2021-10-31 12:56:33,409  INFO [main] Baseclass:30 - Initializing Browser
2021-10-31 12:56:35,721  INFO [main] Baseclass:37 - Maximizing Browser
2021-10-31 12:56:35,859  INFO [main] Baseclass:39 - Applying common waits to browser
2021-10-31 12:56:36,196  INFO [main] Baseclass:13 - Testcase ready to sdtart with name: Handlepoup
2021-10-31 12:56:36,798  INFO [main] Baseclass:18 - Testcase passed successfully with name: Handlepoup
2021-10-31 12:56:36,881  INFO [main] Baseclass:30 - Initializing Browser
2021-10-31 12:56:38,784  INFO [main] Baseclass:37 - Maximizing Browser
2021-10-31 12:56:38,928  INFO [main] Baseclass:39 - Applying common waits to browser
2021-10-31 12:56:38,938  INFO [main] Baseclass:13 - Testcase ready to sdtart with name: NewRegister
2021-10-31 12:56:39,115  INFO [main] Baseclass:18 - Testcase passed successfully with name: NewRegister
2021-10-31 12:56:39,178  INFO [main] Baseclass:30 - Initializing Browser
2021-10-31 12:56:40,845  INFO [main] Baseclass:37 - Maximizing Browser
2021-10-31 12:56:40,978  INFO [main] Baseclass:39 - Applying common waits to browser
2021-10-31 12:56:40,990  INFO [main] Baseclass:13 - Testcase ready to sdtart with name: ValidLogin
2021-10-31 12:56:41,000  INFO [main] Baseclass:18 - Testcase passed successfully with name: ValidLogin
2021-10-31 12:56:41,064  INFO [main] Baseclass:30 - Initializing Browser
2021-10-31 12:56:42,834  INFO [main] Baseclass:37 - Maximizing Browser
2021-10-31 12:56:42,965  INFO [main] Baseclass:39 - Applying common waits to browser
2021-10-31 12:56:42,980  INFO [main] Baseclass:13 - Testcase ready to sdtart with name: checktext1
2021-10-31 12:56:43,019  INFO [main] Baseclass:18 - Testcase passed successfully with name: checktext1
2021-10-31 12:56:43,082  INFO [main] Baseclass:30 - Initializing Browser
2021-10-31 12:56:45,038  INFO [main] Baseclass:37 - Maximizing Browser
2021-10-31 12:56:45,180  INFO [main] Baseclass:39 - Applying common waits to browser
2021-10-31 12:56:46,947  INFO [main] Baseclass:13 - Testcase ready to sdtart with name: Checktitle
2021-10-31 12:56:46,955  INFO [main] Baseclass:18 - Testcase passed successfully with name: Checktitle
2021-10-31 12:56:47,016  INFO [main] Baseclass:30 - Initializing Browser
2021-10-31 12:56:48,527  INFO [main] Baseclass:37 - Maximizing Browser
2021-10-31 12:56:48,664  INFO [main] Baseclass:39 - Applying common waits to browser
2021-10-31 12:56:49,898  INFO [main] Baseclass:13 - Testcase ready to sdtart with name: checkimage
2021-10-31 12:56:49,967  INFO [main] Baseclass:18 - Testcase passed successfully with name: checkimage
2021-10-31 12:56:50,026  INFO [main] Baseclass:30 - Initializing Browser
2021-10-31 12:56:51,709  INFO [main] Baseclass:37 - Maximizing Browser
2021-10-31 12:56:51,844  INFO [main] Baseclass:39 - Applying common waits to browser
2021-10-31 12:56:52,961  INFO [main] Baseclass:13 - Testcase ready to sdtart with name: verifycourses
2021-10-31 12:56:53,115  INFO [main] Baseclass:18 - Testcase passed successfully with name: verifycourses
2021-10-31 12:56:53,178  INFO [main] Baseclass:30 - Initializing Browser
2021-10-31 12:56:54,699  INFO [main] Baseclass:37 - Maximizing Browser
2021-10-31 12:56:54,843  INFO [main] Baseclass:39 - Applying common waits to browser
2021-10-31 12:56:56,318  INFO [main] Baseclass:13 - Testcase ready to sdtart with name: TestcaseTitle
2021-10-31 12:56:56,324  INFO [main] Baseclass:18 - Testcase passed successfully with name: TestcaseTitle
2021-10-31 12:56:56,387  INFO [main] Baseclass:30 - Initializing Browser
2021-10-31 12:56:57,948  INFO [main] Baseclass:37 - Maximizing Browser
2021-10-31 12:56:58,093  INFO [main] Baseclass:39 - Applying common waits to browser
2021-10-31 12:56:59,516  INFO [main] Baseclass:13 - Testcase ready to sdtart with name: checkTitle
2021-10-31 12:56:59,523  INFO [main] Baseclass:18 - Testcase passed successfully with name: checkTitle
2021-10-31 12:56:59,587  INFO [main] Baseclass:30 - Initializing Browser
2021-10-31 12:57:01,358  INFO [main] Baseclass:37 - Maximizing Browser
2021-10-31 12:57:01,482  INFO [main] Baseclass:39 - Applying common waits to browser
2021-10-31 12:57:03,433  INFO [main] Baseclass:13 - Testcase ready to sdtart with name: checkTitle
2021-10-31 12:57:03,463  INFO [main] Baseclass:18 - Testcase passed successfully with name: checkTitle
2021-10-31 12:57:03,567  INFO [main] Baseclass:47 - test suite is finished
2021-10-31 12:57:03,604 DEBUG [main] cache:45 - Couldn't find template in cache for "spark/spark.spa.ftl"("en_IN", UTF-8, parsed); will try to load it.
2021-10-31 12:57:03,606 DEBUG [main] cache:45 - TemplateLoader.findTemplateSource("spark/spark.spa_en_IN.ftl"): Not found
2021-10-31 12:57:03,608 DEBUG [main] cache:45 - TemplateLoader.findTemplateSource("spark/spark.spa_en.ftl"): Not found
2021-10-31 12:57:03,609 DEBUG [main] cache:45 - TemplateLoader.findTemplateSource("spark/spark.spa.ftl"): Found
2021-10-31 12:57:03,610 DEBUG [main] cache:45 - Loading template for "spark/spark.spa.ftl"("en_IN", UTF-8, parsed) from "jar:file:/C:/Users/harsh/.m2/repository/com/aventstack/extentreports/5.0.8/extentreports-5.0.8.jar!/com/aventstack/extentreports/templates/spark/spark.spa.ftl"
2021-10-31 12:57:03,672 DEBUG [main] cache:45 - Couldn't find template in cache for "commons/commons-variables.ftl"("en_IN", UTF-8, parsed); will try to load it.
2021-10-31 12:57:03,673 DEBUG [main] cache:45 - TemplateLoader.findTemplateSource("commons/commons-variables_en_IN.ftl"): Not found
2021-10-31 12:57:03,674 DEBUG [main] cache:45 - TemplateLoader.findTemplateSource("commons/commons-variables_en.ftl"): Not found
2021-10-31 12:57:03,675 DEBUG [main] cache:45 - TemplateLoader.findTemplateSource("commons/commons-variables.ftl"): Found
2021-10-31 12:57:03,675 DEBUG [main] cache:45 - Loading template for "commons/commons-variables.ftl"("en_IN", UTF-8, parsed) from "jar:file:/C:/Users/harsh/.m2/repository/com/aventstack/extentreports/5.0.8/extentreports-5.0.8.jar!/com/aventstack/extentreports/templates/commons/commons-variables.ftl"
2021-10-31 12:57:03,766 DEBUG [main] cache:45 - Couldn't find template in cache for "commons/commons-macros.ftl"("en_IN", UTF-8, parsed); will try to load it.
2021-10-31 12:57:03,767 DEBUG [main] cache:45 - TemplateLoader.findTemplateSource("commons/commons-macros_en_IN.ftl"): Not found
2021-10-31 12:57:03,767 DEBUG [main] cache:45 - TemplateLoader.findTemplateSource("commons/commons-macros_en.ftl"): Not found
2021-10-31 12:57:03,768 DEBUG [main] cache:45 - TemplateLoader.findTemplateSource("commons/commons-macros.ftl"): Found
2021-10-31 12:57:03,768 DEBUG [main] cache:45 - Loading template for "commons/commons-macros.ftl"("en_IN", UTF-8, parsed) from "jar:file:/C:/Users/harsh/.m2/repository/com/aventstack/extentreports/5.0.8/extentreports-5.0.8.jar!/com/aventstack/extentreports/templates/commons/commons-macros.ftl"
2021-10-31 12:57:03,777 DEBUG [main] cache:45 - Couldn't find template in cache for "spark/macros/attributes.ftl"("en_IN", UTF-8, parsed); will try to load it.
2021-10-31 12:57:03,780 DEBUG [main] cache:45 - TemplateLoader.findTemplateSource("spark/macros/attributes_en_IN.ftl"): Not found
2021-10-31 12:57:03,781 DEBUG [main] cache:45 - TemplateLoader.findTemplateSource("spark/macros/attributes_en.ftl"): Not found
2021-10-31 12:57:03,781 DEBUG [main] cache:45 - TemplateLoader.findTemplateSource("spark/macros/attributes.ftl"): Found
2021-10-31 12:57:03,782 DEBUG [main] cache:45 - Loading template for "spark/macros/attributes.ftl"("en_IN", UTF-8, parsed) from "jar:file:/C:/Users/harsh/.m2/repository/com/aventstack/extentreports/5.0.8/extentreports-5.0.8.jar!/com/aventstack/extentreports/templates/spark/macros/attributes.ftl"
2021-10-31 12:57:03,785 DEBUG [main] cache:45 - Couldn't find template in cache for "spark/macros/log.ftl"("en_IN", UTF-8, parsed); will try to load it.
2021-10-31 12:57:03,785 DEBUG [main] cache:45 - TemplateLoader.findTemplateSource("spark/macros/log_en_IN.ftl"): Not found
2021-10-31 12:57:03,786 DEBUG [main] cache:45 - TemplateLoader.findTemplateSource("spark/macros/log_en.ftl"): Not found
2021-10-31 12:57:03,786 DEBUG [main] cache:45 - TemplateLoader.findTemplateSource("spark/macros/log.ftl"): Found
2021-10-31 12:57:03,787 DEBUG [main] cache:45 - Loading template for "spark/macros/log.ftl"("en_IN", UTF-8, parsed) from "jar:file:/C:/Users/harsh/.m2/repository/com/aventstack/extentreports/5.0.8/extentreports-5.0.8.jar!/com/aventstack/extentreports/templates/spark/macros/log.ftl"
2021-10-31 12:57:03,790 DEBUG [main] cache:45 - Couldn't find template in cache for "spark/macros/recurse_nodes.ftl"("en_IN", UTF-8, parsed); will try to load it.
2021-10-31 12:57:03,790 DEBUG [main] cache:45 - TemplateLoader.findTemplateSource("spark/macros/recurse_nodes_en_IN.ftl"): Not found
2021-10-31 12:57:03,791 DEBUG [main] cache:45 - TemplateLoader.findTemplateSource("spark/macros/recurse_nodes_en.ftl"): Not found
2021-10-31 12:57:03,792 DEBUG [main] cache:45 - TemplateLoader.findTemplateSource("spark/macros/recurse_nodes.ftl"): Found
2021-10-31 12:57:03,795 DEBUG [main] cache:45 - Loading template for "spark/macros/recurse_nodes.ftl"("en_IN", UTF-8, parsed) from "jar:file:/C:/Users/harsh/.m2/repository/com/aventstack/extentreports/5.0.8/extentreports-5.0.8.jar!/com/aventstack/extentreports/templates/spark/macros/recurse_nodes.ftl"
2021-10-31 12:57:03,800 DEBUG [main] cache:45 - "spark/macros/log.ftl"("en_IN", UTF-8, parsed) cached copy not yet stale; using cached.
2021-10-31 12:57:03,800 DEBUG [main] cache:45 - Couldn't find template in cache for "spark/macros/attr-common.ftl"("en_IN", UTF-8, parsed); will try to load it.
2021-10-31 12:57:03,801 DEBUG [main] cache:45 - TemplateLoader.findTemplateSource("spark/macros/attr-common_en_IN.ftl"): Not found
2021-10-31 12:57:03,803 DEBUG [main] cache:45 - TemplateLoader.findTemplateSource("spark/macros/attr-common_en.ftl"): Not found
2021-10-31 12:57:03,804 DEBUG [main] cache:45 - TemplateLoader.findTemplateSource("spark/macros/attr-common.ftl"): Found
2021-10-31 12:57:03,804 DEBUG [main] cache:45 - Loading template for "spark/macros/attr-common.ftl"("en_IN", UTF-8, parsed) from "jar:file:/C:/Users/harsh/.m2/repository/com/aventstack/extentreports/5.0.8/extentreports-5.0.8.jar!/com/aventstack/extentreports/templates/spark/macros/attr-common.ftl"
2021-10-31 12:57:03,812 DEBUG [main] cache:45 - Couldn't find template in cache for "spark/partials/head.ftl"("en_IN", UTF-8, parsed); will try to load it.
2021-10-31 12:57:03,813 DEBUG [main] cache:45 - TemplateLoader.findTemplateSource("spark/partials/head_en_IN.ftl"): Not found
2021-10-31 12:57:03,813 DEBUG [main] cache:45 - TemplateLoader.findTemplateSource("spark/partials/head_en.ftl"): Not found
2021-10-31 12:57:03,815 DEBUG [main] cache:45 - TemplateLoader.findTemplateSource("spark/partials/head.ftl"): Found
2021-10-31 12:57:03,816 DEBUG [main] cache:45 - Loading template for "spark/partials/head.ftl"("en_IN", UTF-8, parsed) from "jar:file:/C:/Users/harsh/.m2/repository/com/aventstack/extentreports/5.0.8/extentreports-5.0.8.jar!/com/aventstack/extentreports/templates/spark/partials/head.ftl"
2021-10-31 12:57:03,822 DEBUG [main] cache:45 - Couldn't find template in cache for "commons/commons-inject-css.ftl"("en_IN", UTF-8, parsed); will try to load it.
2021-10-31 12:57:03,822 DEBUG [main] cache:45 - TemplateLoader.findTemplateSource("commons/commons-inject-css_en_IN.ftl"): Not found
2021-10-31 12:57:03,822 DEBUG [main] cache:45 - TemplateLoader.findTemplateSource("commons/commons-inject-css_en.ftl"): Not found
2021-10-31 12:57:03,823 DEBUG [main] cache:45 - TemplateLoader.findTemplateSource("commons/commons-inject-css.ftl"): Found
2021-10-31 12:57:03,823 DEBUG [main] cache:45 - Loading template for "commons/commons-inject-css.ftl"("en_IN", UTF-8, parsed) from "jar:file:/C:/Users/harsh/.m2/repository/com/aventstack/extentreports/5.0.8/extentreports-5.0.8.jar!/com/aventstack/extentreports/templates/commons/commons-inject-css.ftl"
2021-10-31 12:57:03,824 DEBUG [main] cache:45 - Couldn't find template in cache for "spark/partials/navbar.ftl"("en_IN", UTF-8, parsed); will try to load it.
2021-10-31 12:57:03,825 DEBUG [main] cache:45 - TemplateLoader.findTemplateSource("spark/partials/navbar_en_IN.ftl"): Not found
2021-10-31 12:57:03,825 DEBUG [main] cache:45 - TemplateLoader.findTemplateSource("spark/partials/navbar_en.ftl"): Not found
2021-10-31 12:57:03,826 DEBUG [main] cache:45 - TemplateLoader.findTemplateSource("spark/partials/navbar.ftl"): Found
2021-10-31 12:57:03,826 DEBUG [main] cache:45 - Loading template for "spark/partials/navbar.ftl"("en_IN", UTF-8, parsed) from "jar:file:/C:/Users/harsh/.m2/repository/com/aventstack/extentreports/5.0.8/extentreports-5.0.8.jar!/com/aventstack/extentreports/templates/spark/partials/navbar.ftl"
2021-10-31 12:57:03,832 DEBUG [main] cache:45 - Couldn't find template in cache for "spark/partials/sidenav.ftl"("en_IN", UTF-8, parsed); will try to load it.
2021-10-31 12:57:03,833 DEBUG [main] cache:45 - TemplateLoader.findTemplateSource("spark/partials/sidenav_en_IN.ftl"): Not found
2021-10-31 12:57:03,833 DEBUG [main] cache:45 - TemplateLoader.findTemplateSource("spark/partials/sidenav_en.ftl"): Not found
2021-10-31 12:57:03,834 DEBUG [main] cache:45 - TemplateLoader.findTemplateSource("spark/partials/sidenav.ftl"): Found
2021-10-31 12:57:03,834 DEBUG [main] cache:45 - Loading template for "spark/partials/sidenav.ftl"("en_IN", UTF-8, parsed) from "jar:file:/C:/Users/harsh/.m2/repository/com/aventstack/extentreports/5.0.8/extentreports-5.0.8.jar!/com/aventstack/extentreports/templates/spark/partials/sidenav.ftl"
2021-10-31 12:57:03,853 DEBUG [main] cache:45 - Couldn't find template in cache for "spark/partials/test.ftl"("en_IN", UTF-8, parsed); will try to load it.
2021-10-31 12:57:03,856 DEBUG [main] cache:45 - TemplateLoader.findTemplateSource("spark/partials/test_en_IN.ftl"): Not found
2021-10-31 12:57:03,856 DEBUG [main] cache:45 - TemplateLoader.findTemplateSource("spark/partials/test_en.ftl"): Not found
2021-10-31 12:57:03,857 DEBUG [main] cache:45 - TemplateLoader.findTemplateSource("spark/partials/test.ftl"): Found
2021-10-31 12:57:03,857 DEBUG [main] cache:45 - Loading template for "spark/partials/test.ftl"("en_IN", UTF-8, parsed) from "jar:file:/C:/Users/harsh/.m2/repository/com/aventstack/extentreports/5.0.8/extentreports-5.0.8.jar!/com/aventstack/extentreports/templates/spark/partials/test.ftl"
2021-10-31 12:57:03,874 DEBUG [main] cache:45 - Couldn't find template in cache for "spark/partials/standard-content.ftl"("en_IN", UTF-8, parsed); will try to load it.
2021-10-31 12:57:03,874 DEBUG [main] cache:45 - TemplateLoader.findTemplateSource("spark/partials/standard-content_en_IN.ftl"): Not found
2021-10-31 12:57:03,875 DEBUG [main] cache:45 - TemplateLoader.findTemplateSource("spark/partials/standard-content_en.ftl"): Not found
2021-10-31 12:57:03,875 DEBUG [main] cache:45 - TemplateLoader.findTemplateSource("spark/partials/standard-content.ftl"): Found
2021-10-31 12:57:03,876 DEBUG [main] cache:45 - Loading template for "spark/partials/standard-content.ftl"("en_IN", UTF-8, parsed) from "jar:file:/C:/Users/harsh/.m2/repository/com/aventstack/extentreports/5.0.8/extentreports-5.0.8.jar!/com/aventstack/extentreports/templates/spark/partials/standard-content.ftl"
2021-10-31 12:57:03,881 DEBUG [main] cache:45 - Couldn't find template in cache for "spark/partials/exception.ftl"("en_IN", UTF-8, parsed); will try to load it.
2021-10-31 12:57:03,883 DEBUG [main] cache:45 - TemplateLoader.findTemplateSource("spark/partials/exception_en_IN.ftl"): Not found
2021-10-31 12:57:03,884 DEBUG [main] cache:45 - TemplateLoader.findTemplateSource("spark/partials/exception_en.ftl"): Not found
2021-10-31 12:57:03,886 DEBUG [main] cache:45 - TemplateLoader.findTemplateSource("spark/partials/exception.ftl"): Found
2021-10-31 12:57:03,886 DEBUG [main] cache:45 - Loading template for "spark/partials/exception.ftl"("en_IN", UTF-8, parsed) from "jar:file:/C:/Users/harsh/.m2/repository/com/aventstack/extentreports/5.0.8/extentreports-5.0.8.jar!/com/aventstack/extentreports/templates/spark/partials/exception.ftl"
2021-10-31 12:57:03,887 DEBUG [main] cache:45 - Couldn't find template in cache for "spark/partials/category.ftl"("en_IN", UTF-8, parsed); will try to load it.
2021-10-31 12:57:03,888 DEBUG [main] cache:45 - TemplateLoader.findTemplateSource("spark/partials/category_en_IN.ftl"): Not found
2021-10-31 12:57:03,889 DEBUG [main] cache:45 - TemplateLoader.findTemplateSource("spark/partials/category_en.ftl"): Not found
2021-10-31 12:57:03,889 DEBUG [main] cache:45 - TemplateLoader.findTemplateSource("spark/partials/category.ftl"): Found
2021-10-31 12:57:03,889 DEBUG [main] cache:45 - Loading template for "spark/partials/category.ftl"("en_IN", UTF-8, parsed) from "jar:file:/C:/Users/harsh/.m2/repository/com/aventstack/extentreports/5.0.8/extentreports-5.0.8.jar!/com/aventstack/extentreports/templates/spark/partials/category.ftl"
2021-10-31 12:57:03,892 DEBUG [main] cache:45 - Couldn't find template in cache for "spark/partials/device.ftl"("en_IN", UTF-8, parsed); will try to load it.
2021-10-31 12:57:03,894 DEBUG [main] cache:45 - TemplateLoader.findTemplateSource("spark/partials/device_en_IN.ftl"): Not found
2021-10-31 12:57:03,896 DEBUG [main] cache:45 - TemplateLoader.findTemplateSource("spark/partials/device_en.ftl"): Not found
2021-10-31 12:57:03,897 DEBUG [main] cache:45 - TemplateLoader.findTemplateSource("spark/partials/device.ftl"): Found
2021-10-31 12:57:03,897 DEBUG [main] cache:45 - Loading template for "spark/partials/device.ftl"("en_IN", UTF-8, parsed) from "jar:file:/C:/Users/harsh/.m2/repository/com/aventstack/extentreports/5.0.8/extentreports-5.0.8.jar!/com/aventstack/extentreports/templates/spark/partials/device.ftl"
2021-10-31 12:57:03,899 DEBUG [main] cache:45 - Couldn't find template in cache for "spark/partials/author.ftl"("en_IN", UTF-8, parsed); will try to load it.
2021-10-31 12:57:03,899 DEBUG [main] cache:45 - TemplateLoader.findTemplateSource("spark/partials/author_en_IN.ftl"): Not found
2021-10-31 12:57:03,900 DEBUG [main] cache:45 - TemplateLoader.findTemplateSource("spark/partials/author_en.ftl"): Not found
2021-10-31 12:57:03,901 DEBUG [main] cache:45 - TemplateLoader.findTemplateSource("spark/partials/author.ftl"): Found
2021-10-31 12:57:03,901 DEBUG [main] cache:45 - Loading template for "spark/partials/author.ftl"("en_IN", UTF-8, parsed) from "jar:file:/C:/Users/harsh/.m2/repository/com/aventstack/extentreports/5.0.8/extentreports-5.0.8.jar!/com/aventstack/extentreports/templates/spark/partials/author.ftl"
2021-10-31 12:57:03,903 DEBUG [main] cache:45 - Couldn't find template in cache for "spark/partials/log.ftl"("en_IN", UTF-8, parsed); will try to load it.
2021-10-31 12:57:03,903 DEBUG [main] cache:45 - TemplateLoader.findTemplateSource("spark/partials/log_en_IN.ftl"): Not found
2021-10-31 12:57:03,904 DEBUG [main] cache:45 - TemplateLoader.findTemplateSource("spark/partials/log_en.ftl"): Not found
2021-10-31 12:57:03,905 DEBUG [main] cache:45 - TemplateLoader.findTemplateSource("spark/partials/log.ftl"): Found
2021-10-31 12:57:03,905 DEBUG [main] cache:45 - Loading template for "spark/partials/log.ftl"("en_IN", UTF-8, parsed) from "jar:file:/C:/Users/harsh/.m2/repository/com/aventstack/extentreports/5.0.8/extentreports-5.0.8.jar!/com/aventstack/extentreports/templates/spark/partials/log.ftl"
2021-10-31 12:57:03,907 DEBUG [main] cache:45 - Couldn't find template in cache for "spark/partials/dashboard.ftl"("en_IN", UTF-8, parsed); will try to load it.
2021-10-31 12:57:03,908 DEBUG [main] cache:45 - TemplateLoader.findTemplateSource("spark/partials/dashboard_en_IN.ftl"): Not found
2021-10-31 12:57:03,909 DEBUG [main] cache:45 - TemplateLoader.findTemplateSource("spark/partials/dashboard_en.ftl"): Not found
2021-10-31 12:57:03,909 DEBUG [main] cache:45 - TemplateLoader.findTemplateSource("spark/partials/dashboard.ftl"): Found
2021-10-31 12:57:03,910 DEBUG [main] cache:45 - Loading template for "spark/partials/dashboard.ftl"("en_IN", UTF-8, parsed) from "jar:file:/C:/Users/harsh/.m2/repository/com/aventstack/extentreports/5.0.8/extentreports-5.0.8.jar!/com/aventstack/extentreports/templates/spark/partials/dashboard.ftl"
2021-10-31 12:57:03,958 DEBUG [main] cache:45 - Couldn't find template in cache for "spark/partials/scripts.ftl"("en_IN", UTF-8, parsed); will try to load it.
2021-10-31 12:57:03,959 DEBUG [main] cache:45 - TemplateLoader.findTemplateSource("spark/partials/scripts_en_IN.ftl"): Not found
2021-10-31 12:57:03,959 DEBUG [main] cache:45 - TemplateLoader.findTemplateSource("spark/partials/scripts_en.ftl"): Not found
2021-10-31 12:57:03,960 DEBUG [main] cache:45 - TemplateLoader.findTemplateSource("spark/partials/scripts.ftl"): Found
2021-10-31 12:57:03,962 DEBUG [main] cache:45 - Loading template for "spark/partials/scripts.ftl"("en_IN", UTF-8, parsed) from "jar:file:/C:/Users/harsh/.m2/repository/com/aventstack/extentreports/5.0.8/extentreports-5.0.8.jar!/com/aventstack/extentreports/templates/spark/partials/scripts.ftl"
2021-10-31 12:57:03,965 DEBUG [main] cache:45 - Couldn't find template in cache for "commons/commons-inject-js.ftl"("en_IN", UTF-8, parsed); will try to load it.
2021-10-31 12:57:03,965 DEBUG [main] cache:45 - TemplateLoader.findTemplateSource("commons/commons-inject-js_en_IN.ftl"): Not found
2021-10-31 12:57:03,966 DEBUG [main] cache:45 - TemplateLoader.findTemplateSource("commons/commons-inject-js_en.ftl"): Not found
2021-10-31 12:57:03,967 DEBUG [main] cache:45 - TemplateLoader.findTemplateSource("commons/commons-inject-js.ftl"): Found
2021-10-31 12:57:03,967 DEBUG [main] cache:45 - Loading template for "commons/commons-inject-js.ftl"("en_IN", UTF-8, parsed) from "jar:file:/C:/Users/harsh/.m2/repository/com/aventstack/extentreports/5.0.8/extentreports-5.0.8.jar!/com/aventstack/extentreports/templates/commons/commons-inject-js.ftl"
2021-10-31 13:02:25,071  INFO [main] Baseclass:42 - test suite is started
2021-10-31 13:02:25,118  INFO [main] Baseclass:30 - Initializing Browser
2021-10-31 13:02:27,555  INFO [main] Baseclass:37 - Maximizing Browser
2021-10-31 13:02:27,699  INFO [main] Baseclass:39 - Applying common waits to browser
2021-10-31 13:02:28,029  INFO [main] Baseclass:13 - Testcase ready to sdtart with name: Handlepoup
2021-10-31 13:02:28,615  INFO [main] Baseclass:18 - Testcase passed successfully with name: Handlepoup
2021-10-31 13:02:28,701  INFO [main] Baseclass:30 - Initializing Browser
2021-10-31 13:02:31,793  INFO [main] Baseclass:37 - Maximizing Browser
2021-10-31 13:02:31,934  INFO [main] Baseclass:39 - Applying common waits to browser
2021-10-31 13:02:31,942  INFO [main] Baseclass:13 - Testcase ready to sdtart with name: NewRegister
2021-10-31 13:02:32,126  INFO [main] Baseclass:18 - Testcase passed successfully with name: NewRegister
2021-10-31 13:02:32,176  INFO [main] Baseclass:30 - Initializing Browser
2021-10-31 13:02:34,077  INFO [main] Baseclass:37 - Maximizing Browser
2021-10-31 13:02:34,220  INFO [main] Baseclass:39 - Applying common waits to browser
2021-10-31 13:02:34,233  INFO [main] Baseclass:13 - Testcase ready to sdtart with name: ValidLogin
2021-10-31 13:02:34,243  INFO [main] Baseclass:18 - Testcase passed successfully with name: ValidLogin
2021-10-31 13:02:34,294  INFO [main] Baseclass:30 - Initializing Browser
2021-10-31 13:02:36,249  INFO [main] Baseclass:37 - Maximizing Browser
2021-10-31 13:02:36,392  INFO [main] Baseclass:39 - Applying common waits to browser
2021-10-31 13:02:36,413  INFO [main] Baseclass:13 - Testcase ready to sdtart with name: checktext1
2021-10-31 13:02:36,473  INFO [main] Baseclass:18 - Testcase passed successfully with name: checktext1
2021-10-31 13:02:36,535  INFO [main] Baseclass:30 - Initializing Browser
2021-10-31 13:02:38,481  INFO [main] Baseclass:37 - Maximizing Browser
2021-10-31 13:02:38,617  INFO [main] Baseclass:39 - Applying common waits to browser
2021-10-31 13:02:42,106  INFO [main] Baseclass:13 - Testcase ready to sdtart with name: Checktitle
2021-10-31 13:02:42,113  INFO [main] Baseclass:18 - Testcase passed successfully with name: Checktitle
2021-10-31 13:02:42,174  INFO [main] Baseclass:30 - Initializing Browser
2021-10-31 13:02:46,921  INFO [main] Baseclass:37 - Maximizing Browser
2021-10-31 13:02:47,056  INFO [main] Baseclass:39 - Applying common waits to browser
2021-10-31 13:02:50,017  INFO [main] Baseclass:13 - Testcase ready to sdtart with name: checkimage
2021-10-31 13:02:50,134  INFO [main] Baseclass:18 - Testcase passed successfully with name: checkimage
2021-10-31 13:02:50,213  INFO [main] Baseclass:30 - Initializing Browser
2021-10-31 13:02:52,094  INFO [main] Baseclass:37 - Maximizing Browser
2021-10-31 13:02:52,220  INFO [main] Baseclass:39 - Applying common waits to browser
2021-10-31 13:02:55,230  INFO [main] Baseclass:13 - Testcase ready to sdtart with name: verifycourses
2021-10-31 13:02:55,369  INFO [main] Baseclass:18 - Testcase passed successfully with name: verifycourses
2021-10-31 13:02:55,426  INFO [main] Baseclass:30 - Initializing Browser
2021-10-31 13:02:57,060  INFO [main] Baseclass:37 - Maximizing Browser
2021-10-31 13:02:57,177  INFO [main] Baseclass:39 - Applying common waits to browser
2021-10-31 13:03:00,490  INFO [main] Baseclass:13 - Testcase ready to sdtart with name: TestcaseTitle
2021-10-31 13:03:00,496  INFO [main] Baseclass:18 - Testcase passed successfully with name: TestcaseTitle
2021-10-31 13:03:00,558  INFO [main] Baseclass:30 - Initializing Browser
2021-10-31 13:03:02,277  INFO [main] Baseclass:37 - Maximizing Browser
2021-10-31 13:03:02,418  INFO [main] Baseclass:39 - Applying common waits to browser
2021-10-31 13:03:05,769  INFO [main] Baseclass:13 - Testcase ready to sdtart with name: checkTitle
2021-10-31 13:03:05,776  INFO [main] Baseclass:18 - Testcase passed successfully with name: checkTitle
2021-10-31 13:03:05,844  INFO [main] Baseclass:30 - Initializing Browser
2021-10-31 13:03:07,874  INFO [main] Baseclass:37 - Maximizing Browser
2021-10-31 13:03:08,013  INFO [main] Baseclass:39 - Applying common waits to browser
2021-10-31 13:03:10,364  INFO [main] Baseclass:13 - Testcase ready to sdtart with name: checkTitle
2021-10-31 13:03:10,371  INFO [main] Baseclass:18 - Testcase passed successfully with name: checkTitle
2021-10-31 13:03:10,473  INFO [main] Baseclass:47 - test suite is finished
2021-10-31 13:03:10,510 DEBUG [main] cache:45 - Couldn't find template in cache for "spark/spark.spa.ftl"("en_IN", UTF-8, parsed); will try to load it.
2021-10-31 13:03:10,511 DEBUG [main] cache:45 - TemplateLoader.findTemplateSource("spark/spark.spa_en_IN.ftl"): Not found
2021-10-31 13:03:10,512 DEBUG [main] cache:45 - TemplateLoader.findTemplateSource("spark/spark.spa_en.ftl"): Not found
2021-10-31 13:03:10,515 DEBUG [main] cache:45 - TemplateLoader.findTemplateSource("spark/spark.spa.ftl"): Found
2021-10-31 13:03:10,515 DEBUG [main] cache:45 - Loading template for "spark/spark.spa.ftl"("en_IN", UTF-8, parsed) from "jar:file:/C:/Users/harsh/.m2/repository/com/aventstack/extentreports/5.0.8/extentreports-5.0.8.jar!/com/aventstack/extentreports/templates/spark/spark.spa.ftl"
2021-10-31 13:03:10,576 DEBUG [main] cache:45 - Couldn't find template in cache for "commons/commons-variables.ftl"("en_IN", UTF-8, parsed); will try to load it.
2021-10-31 13:03:10,577 DEBUG [main] cache:45 - TemplateLoader.findTemplateSource("commons/commons-variables_en_IN.ftl"): Not found
2021-10-31 13:03:10,577 DEBUG [main] cache:45 - TemplateLoader.findTemplateSource("commons/commons-variables_en.ftl"): Not found
2021-10-31 13:03:10,577 DEBUG [main] cache:45 - TemplateLoader.findTemplateSource("commons/commons-variables.ftl"): Found
2021-10-31 13:03:10,577 DEBUG [main] cache:45 - Loading template for "commons/commons-variables.ftl"("en_IN", UTF-8, parsed) from "jar:file:/C:/Users/harsh/.m2/repository/com/aventstack/extentreports/5.0.8/extentreports-5.0.8.jar!/com/aventstack/extentreports/templates/commons/commons-variables.ftl"
2021-10-31 13:03:10,679 DEBUG [main] cache:45 - Couldn't find template in cache for "commons/commons-macros.ftl"("en_IN", UTF-8, parsed); will try to load it.
2021-10-31 13:03:10,680 DEBUG [main] cache:45 - TemplateLoader.findTemplateSource("commons/commons-macros_en_IN.ftl"): Not found
2021-10-31 13:03:10,681 DEBUG [main] cache:45 - TemplateLoader.findTemplateSource("commons/commons-macros_en.ftl"): Not found
2021-10-31 13:03:10,682 DEBUG [main] cache:45 - TemplateLoader.findTemplateSource("commons/commons-macros.ftl"): Found
2021-10-31 13:03:10,682 DEBUG [main] cache:45 - Loading template for "commons/commons-macros.ftl"("en_IN", UTF-8, parsed) from "jar:file:/C:/Users/harsh/.m2/repository/com/aventstack/extentreports/5.0.8/extentreports-5.0.8.jar!/com/aventstack/extentreports/templates/commons/commons-macros.ftl"
2021-10-31 13:03:10,695 DEBUG [main] cache:45 - Couldn't find template in cache for "spark/macros/attributes.ftl"("en_IN", UTF-8, parsed); will try to load it.
2021-10-31 13:03:10,696 DEBUG [main] cache:45 - TemplateLoader.findTemplateSource("spark/macros/attributes_en_IN.ftl"): Not found
2021-10-31 13:03:10,697 DEBUG [main] cache:45 - TemplateLoader.findTemplateSource("spark/macros/attributes_en.ftl"): Not found
2021-10-31 13:03:10,698 DEBUG [main] cache:45 - TemplateLoader.findTemplateSource("spark/macros/attributes.ftl"): Found
2021-10-31 13:03:10,698 DEBUG [main] cache:45 - Loading template for "spark/macros/attributes.ftl"("en_IN", UTF-8, parsed) from "jar:file:/C:/Users/harsh/.m2/repository/com/aventstack/extentreports/5.0.8/extentreports-5.0.8.jar!/com/aventstack/extentreports/templates/spark/macros/attributes.ftl"
2021-10-31 13:03:10,701 DEBUG [main] cache:45 - Couldn't find template in cache for "spark/macros/log.ftl"("en_IN", UTF-8, parsed); will try to load it.
2021-10-31 13:03:10,701 DEBUG [main] cache:45 - TemplateLoader.findTemplateSource("spark/macros/log_en_IN.ftl"): Not found
2021-10-31 13:03:10,702 DEBUG [main] cache:45 - TemplateLoader.findTemplateSource("spark/macros/log_en.ftl"): Not found
2021-10-31 13:03:10,703 DEBUG [main] cache:45 - TemplateLoader.findTemplateSource("spark/macros/log.ftl"): Found
2021-10-31 13:03:10,703 DEBUG [main] cache:45 - Loading template for "spark/macros/log.ftl"("en_IN", UTF-8, parsed) from "jar:file:/C:/Users/harsh/.m2/repository/com/aventstack/extentreports/5.0.8/extentreports-5.0.8.jar!/com/aventstack/extentreports/templates/spark/macros/log.ftl"
2021-10-31 13:03:10,706 DEBUG [main] cache:45 - Couldn't find template in cache for "spark/macros/recurse_nodes.ftl"("en_IN", UTF-8, parsed); will try to load it.
2021-10-31 13:03:10,707 DEBUG [main] cache:45 - TemplateLoader.findTemplateSource("spark/macros/recurse_nodes_en_IN.ftl"): Not found
2021-10-31 13:03:10,708 DEBUG [main] cache:45 - TemplateLoader.findTemplateSource("spark/macros/recurse_nodes_en.ftl"): Not found
2021-10-31 13:03:10,709 DEBUG [main] cache:45 - TemplateLoader.findTemplateSource("spark/macros/recurse_nodes.ftl"): Found
2021-10-31 13:03:10,710 DEBUG [main] cache:45 - Loading template for "spark/macros/recurse_nodes.ftl"("en_IN", UTF-8, parsed) from "jar:file:/C:/Users/harsh/.m2/repository/com/aventstack/extentreports/5.0.8/extentreports-5.0.8.jar!/com/aventstack/extentreports/templates/spark/macros/recurse_nodes.ftl"
2021-10-31 13:03:10,715 DEBUG [main] cache:45 - "spark/macros/log.ftl"("en_IN", UTF-8, parsed) cached copy not yet stale; using cached.
2021-10-31 13:03:10,715 DEBUG [main] cache:45 - Couldn't find template in cache for "spark/macros/attr-common.ftl"("en_IN", UTF-8, parsed); will try to load it.
2021-10-31 13:03:10,716 DEBUG [main] cache:45 - TemplateLoader.findTemplateSource("spark/macros/attr-common_en_IN.ftl"): Not found
2021-10-31 13:03:10,716 DEBUG [main] cache:45 - TemplateLoader.findTemplateSource("spark/macros/attr-common_en.ftl"): Not found
2021-10-31 13:03:10,717 DEBUG [main] cache:45 - TemplateLoader.findTemplateSource("spark/macros/attr-common.ftl"): Found
2021-10-31 13:03:10,717 DEBUG [main] cache:45 - Loading template for "spark/macros/attr-common.ftl"("en_IN", UTF-8, parsed) from "jar:file:/C:/Users/harsh/.m2/repository/com/aventstack/extentreports/5.0.8/extentreports-5.0.8.jar!/com/aventstack/extentreports/templates/spark/macros/attr-common.ftl"
2021-10-31 13:03:10,728 DEBUG [main] cache:45 - Couldn't find template in cache for "spark/partials/head.ftl"("en_IN", UTF-8, parsed); will try to load it.
2021-10-31 13:03:10,729 DEBUG [main] cache:45 - TemplateLoader.findTemplateSource("spark/partials/head_en_IN.ftl"): Not found
2021-10-31 13:03:10,729 DEBUG [main] cache:45 - TemplateLoader.findTemplateSource("spark/partials/head_en.ftl"): Not found
2021-10-31 13:03:10,730 DEBUG [main] cache:45 - TemplateLoader.findTemplateSource("spark/partials/head.ftl"): Found
2021-10-31 13:03:10,731 DEBUG [main] cache:45 - Loading template for "spark/partials/head.ftl"("en_IN", UTF-8, parsed) from "jar:file:/C:/Users/harsh/.m2/repository/com/aventstack/extentreports/5.0.8/extentreports-5.0.8.jar!/com/aventstack/extentreports/templates/spark/partials/head.ftl"
2021-10-31 13:03:10,735 DEBUG [main] cache:45 - Couldn't find template in cache for "commons/commons-inject-css.ftl"("en_IN", UTF-8, parsed); will try to load it.
2021-10-31 13:03:10,735 DEBUG [main] cache:45 - TemplateLoader.findTemplateSource("commons/commons-inject-css_en_IN.ftl"): Not found
2021-10-31 13:03:10,736 DEBUG [main] cache:45 - TemplateLoader.findTemplateSource("commons/commons-inject-css_en.ftl"): Not found
2021-10-31 13:03:10,736 DEBUG [main] cache:45 - TemplateLoader.findTemplateSource("commons/commons-inject-css.ftl"): Found
2021-10-31 13:03:10,737 DEBUG [main] cache:45 - Loading template for "commons/commons-inject-css.ftl"("en_IN", UTF-8, parsed) from "jar:file:/C:/Users/harsh/.m2/repository/com/aventstack/extentreports/5.0.8/extentreports-5.0.8.jar!/com/aventstack/extentreports/templates/commons/commons-inject-css.ftl"
2021-10-31 13:03:10,738 DEBUG [main] cache:45 - Couldn't find template in cache for "spark/partials/navbar.ftl"("en_IN", UTF-8, parsed); will try to load it.
2021-10-31 13:03:10,738 DEBUG [main] cache:45 - TemplateLoader.findTemplateSource("spark/partials/navbar_en_IN.ftl"): Not found
2021-10-31 13:03:10,739 DEBUG [main] cache:45 - TemplateLoader.findTemplateSource("spark/partials/navbar_en.ftl"): Not found
2021-10-31 13:03:10,739 DEBUG [main] cache:45 - TemplateLoader.findTemplateSource("spark/partials/navbar.ftl"): Found
2021-10-31 13:03:10,740 DEBUG [main] cache:45 - Loading template for "spark/partials/navbar.ftl"("en_IN", UTF-8, parsed) from "jar:file:/C:/Users/harsh/.m2/repository/com/aventstack/extentreports/5.0.8/extentreports-5.0.8.jar!/com/aventstack/extentreports/templates/spark/partials/navbar.ftl"
2021-10-31 13:03:10,745 DEBUG [main] cache:45 - Couldn't find template in cache for "spark/partials/sidenav.ftl"("en_IN", UTF-8, parsed); will try to load it.
2021-10-31 13:03:10,746 DEBUG [main] cache:45 - TemplateLoader.findTemplateSource("spark/partials/sidenav_en_IN.ftl"): Not found
2021-10-31 13:03:10,747 DEBUG [main] cache:45 - TemplateLoader.findTemplateSource("spark/partials/sidenav_en.ftl"): Not found
2021-10-31 13:03:10,747 DEBUG [main] cache:45 - TemplateLoader.findTemplateSource("spark/partials/sidenav.ftl"): Found
2021-10-31 13:03:10,748 DEBUG [main] cache:45 - Loading template for "spark/partials/sidenav.ftl"("en_IN", UTF-8, parsed) from "jar:file:/C:/Users/harsh/.m2/repository/com/aventstack/extentreports/5.0.8/extentreports-5.0.8.jar!/com/aventstack/extentreports/templates/spark/partials/sidenav.ftl"
2021-10-31 13:03:10,769 DEBUG [main] cache:45 - Couldn't find template in cache for "spark/partials/test.ftl"("en_IN", UTF-8, parsed); will try to load it.
2021-10-31 13:03:10,770 DEBUG [main] cache:45 - TemplateLoader.findTemplateSource("spark/partials/test_en_IN.ftl"): Not found
2021-10-31 13:03:10,771 DEBUG [main] cache:45 - TemplateLoader.findTemplateSource("spark/partials/test_en.ftl"): Not found
2021-10-31 13:03:10,771 DEBUG [main] cache:45 - TemplateLoader.findTemplateSource("spark/partials/test.ftl"): Found
2021-10-31 13:03:10,772 DEBUG [main] cache:45 - Loading template for "spark/partials/test.ftl"("en_IN", UTF-8, parsed) from "jar:file:/C:/Users/harsh/.m2/repository/com/aventstack/extentreports/5.0.8/extentreports-5.0.8.jar!/com/aventstack/extentreports/templates/spark/partials/test.ftl"
2021-10-31 13:03:10,791 DEBUG [main] cache:45 - Couldn't find template in cache for "spark/partials/standard-content.ftl"("en_IN", UTF-8, parsed); will try to load it.
2021-10-31 13:03:10,791 DEBUG [main] cache:45 - TemplateLoader.findTemplateSource("spark/partials/standard-content_en_IN.ftl"): Not found
2021-10-31 13:03:10,792 DEBUG [main] cache:45 - TemplateLoader.findTemplateSource("spark/partials/standard-content_en.ftl"): Not found
2021-10-31 13:03:10,792 DEBUG [main] cache:45 - TemplateLoader.findTemplateSource("spark/partials/standard-content.ftl"): Found
2021-10-31 13:03:10,793 DEBUG [main] cache:45 - Loading template for "spark/partials/standard-content.ftl"("en_IN", UTF-8, parsed) from "jar:file:/C:/Users/harsh/.m2/repository/com/aventstack/extentreports/5.0.8/extentreports-5.0.8.jar!/com/aventstack/extentreports/templates/spark/partials/standard-content.ftl"
2021-10-31 13:03:10,799 DEBUG [main] cache:45 - Couldn't find template in cache for "spark/partials/exception.ftl"("en_IN", UTF-8, parsed); will try to load it.
2021-10-31 13:03:10,800 DEBUG [main] cache:45 - TemplateLoader.findTemplateSource("spark/partials/exception_en_IN.ftl"): Not found
2021-10-31 13:03:10,800 DEBUG [main] cache:45 - TemplateLoader.findTemplateSource("spark/partials/exception_en.ftl"): Not found
2021-10-31 13:03:10,801 DEBUG [main] cache:45 - TemplateLoader.findTemplateSource("spark/partials/exception.ftl"): Found
2021-10-31 13:03:10,801 DEBUG [main] cache:45 - Loading template for "spark/partials/exception.ftl"("en_IN", UTF-8, parsed) from "jar:file:/C:/Users/harsh/.m2/repository/com/aventstack/extentreports/5.0.8/extentreports-5.0.8.jar!/com/aventstack/extentreports/templates/spark/partials/exception.ftl"
2021-10-31 13:03:10,802 DEBUG [main] cache:45 - Couldn't find template in cache for "spark/partials/category.ftl"("en_IN", UTF-8, parsed); will try to load it.
2021-10-31 13:03:10,803 DEBUG [main] cache:45 - TemplateLoader.findTemplateSource("spark/partials/category_en_IN.ftl"): Not found
2021-10-31 13:03:10,803 DEBUG [main] cache:45 - TemplateLoader.findTemplateSource("spark/partials/category_en.ftl"): Not found
2021-10-31 13:03:10,804 DEBUG [main] cache:45 - TemplateLoader.findTemplateSource("spark/partials/category.ftl"): Found
2021-10-31 13:03:10,804 DEBUG [main] cache:45 - Loading template for "spark/partials/category.ftl"("en_IN", UTF-8, parsed) from "jar:file:/C:/Users/harsh/.m2/repository/com/aventstack/extentreports/5.0.8/extentreports-5.0.8.jar!/com/aventstack/extentreports/templates/spark/partials/category.ftl"
2021-10-31 13:03:10,806 DEBUG [main] cache:45 - Couldn't find template in cache for "spark/partials/device.ftl"("en_IN", UTF-8, parsed); will try to load it.
2021-10-31 13:03:10,808 DEBUG [main] cache:45 - TemplateLoader.findTemplateSource("spark/partials/device_en_IN.ftl"): Not found
2021-10-31 13:03:10,809 DEBUG [main] cache:45 - TemplateLoader.findTemplateSource("spark/partials/device_en.ftl"): Not found
2021-10-31 13:03:10,810 DEBUG [main] cache:45 - TemplateLoader.findTemplateSource("spark/partials/device.ftl"): Found
2021-10-31 13:03:10,810 DEBUG [main] cache:45 - Loading template for "spark/partials/device.ftl"("en_IN", UTF-8, parsed) from "jar:file:/C:/Users/harsh/.m2/repository/com/aventstack/extentreports/5.0.8/extentreports-5.0.8.jar!/com/aventstack/extentreports/templates/spark/partials/device.ftl"
2021-10-31 13:03:10,811 DEBUG [main] cache:45 - Couldn't find template in cache for "spark/partials/author.ftl"("en_IN", UTF-8, parsed); will try to load it.
2021-10-31 13:03:10,812 DEBUG [main] cache:45 - TemplateLoader.findTemplateSource("spark/partials/author_en_IN.ftl"): Not found
2021-10-31 13:03:10,812 DEBUG [main] cache:45 - TemplateLoader.findTemplateSource("spark/partials/author_en.ftl"): Not found
2021-10-31 13:03:10,813 DEBUG [main] cache:45 - TemplateLoader.findTemplateSource("spark/partials/author.ftl"): Found
2021-10-31 13:03:10,814 DEBUG [main] cache:45 - Loading template for "spark/partials/author.ftl"("en_IN", UTF-8, parsed) from "jar:file:/C:/Users/harsh/.m2/repository/com/aventstack/extentreports/5.0.8/extentreports-5.0.8.jar!/com/aventstack/extentreports/templates/spark/partials/author.ftl"
2021-10-31 13:03:10,815 DEBUG [main] cache:45 - Couldn't find template in cache for "spark/partials/log.ftl"("en_IN", UTF-8, parsed); will try to load it.
2021-10-31 13:03:10,815 DEBUG [main] cache:45 - TemplateLoader.findTemplateSource("spark/partials/log_en_IN.ftl"): Not found
2021-10-31 13:03:10,816 DEBUG [main] cache:45 - TemplateLoader.findTemplateSource("spark/partials/log_en.ftl"): Not found
2021-10-31 13:03:10,817 DEBUG [main] cache:45 - TemplateLoader.findTemplateSource("spark/partials/log.ftl"): Found
2021-10-31 13:03:10,817 DEBUG [main] cache:45 - Loading template for "spark/partials/log.ftl"("en_IN", UTF-8, parsed) from "jar:file:/C:/Users/harsh/.m2/repository/com/aventstack/extentreports/5.0.8/extentreports-5.0.8.jar!/com/aventstack/extentreports/templates/spark/partials/log.ftl"
2021-10-31 13:03:10,819 DEBUG [main] cache:45 - Couldn't find template in cache for "spark/partials/dashboard.ftl"("en_IN", UTF-8, parsed); will try to load it.
2021-10-31 13:03:10,819 DEBUG [main] cache:45 - TemplateLoader.findTemplateSource("spark/partials/dashboard_en_IN.ftl"): Not found
2021-10-31 13:03:10,820 DEBUG [main] cache:45 - TemplateLoader.findTemplateSource("spark/partials/dashboard_en.ftl"): Not found
2021-10-31 13:03:10,820 DEBUG [main] cache:45 - TemplateLoader.findTemplateSource("spark/partials/dashboard.ftl"): Found
2021-10-31 13:03:10,820 DEBUG [main] cache:45 - Loading template for "spark/partials/dashboard.ftl"("en_IN", UTF-8, parsed) from "jar:file:/C:/Users/harsh/.m2/repository/com/aventstack/extentreports/5.0.8/extentreports-5.0.8.jar!/com/aventstack/extentreports/templates/spark/partials/dashboard.ftl"
2021-10-31 13:03:10,865 DEBUG [main] cache:45 - Couldn't find template in cache for "spark/partials/scripts.ftl"("en_IN", UTF-8, parsed); will try to load it.
2021-10-31 13:03:10,867 DEBUG [main] cache:45 - TemplateLoader.findTemplateSource("spark/partials/scripts_en_IN.ftl"): Not found
2021-10-31 13:03:10,869 DEBUG [main] cache:45 - TemplateLoader.findTemplateSource("spark/partials/scripts_en.ftl"): Not found
2021-10-31 13:03:10,871 DEBUG [main] cache:45 - TemplateLoader.findTemplateSource("spark/partials/scripts.ftl"): Found
2021-10-31 13:03:10,872 DEBUG [main] cache:45 - Loading template for "spark/partials/scripts.ftl"("en_IN", UTF-8, parsed) from "jar:file:/C:/Users/harsh/.m2/repository/com/aventstack/extentreports/5.0.8/extentreports-5.0.8.jar!/com/aventstack/extentreports/templates/spark/partials/scripts.ftl"
2021-10-31 13:03:10,874 DEBUG [main] cache:45 - Couldn't find template in cache for "commons/commons-inject-js.ftl"("en_IN", UTF-8, parsed); will try to load it.
2021-10-31 13:03:10,877 DEBUG [main] cache:45 - TemplateLoader.findTemplateSource("commons/commons-inject-js_en_IN.ftl"): Not found
2021-10-31 13:03:10,877 DEBUG [main] cache:45 - TemplateLoader.findTemplateSource("commons/commons-inject-js_en.ftl"): Not found
2021-10-31 13:03:10,877 DEBUG [main] cache:45 - TemplateLoader.findTemplateSource("commons/commons-inject-js.ftl"): Found
2021-10-31 13:03:10,878 DEBUG [main] cache:45 - Loading template for "commons/commons-inject-js.ftl"("en_IN", UTF-8, parsed) from "jar:file:/C:/Users/harsh/.m2/repository/com/aventstack/extentreports/5.0.8/extentreports-5.0.8.jar!/com/aventstack/extentreports/templates/commons/commons-inject-js.ftl"
2021-10-31 13:29:32,542  INFO [main] Baseclass:42 - test suite is started
2021-10-31 13:29:32,583  INFO [main] Baseclass:30 - Initializing Browser
2021-10-31 13:29:34,772  INFO [main] Baseclass:37 - Maximizing Browser
2021-10-31 13:29:34,908  INFO [main] Baseclass:39 - Applying common waits to browser
2021-10-31 13:29:35,214  INFO [main] Baseclass:13 - Testcase ready to sdtart with name: Handlepoup
2021-10-31 13:29:35,824  INFO [main] Baseclass:18 - Testcase passed successfully with name: Handlepoup
2021-10-31 13:29:35,896  INFO [main] Baseclass:30 - Initializing Browser
2021-10-31 13:29:37,522  INFO [main] Baseclass:37 - Maximizing Browser
2021-10-31 13:29:37,658  INFO [main] Baseclass:39 - Applying common waits to browser
2021-10-31 13:29:37,677  INFO [main] Baseclass:13 - Testcase ready to sdtart with name: NewRegister
2021-10-31 13:29:37,925  INFO [main] Baseclass:18 - Testcase passed successfully with name: NewRegister
2021-10-31 13:29:37,988  INFO [main] Baseclass:30 - Initializing Browser
2021-10-31 13:29:39,715  INFO [main] Baseclass:37 - Maximizing Browser
2021-10-31 13:29:39,867  INFO [main] Baseclass:39 - Applying common waits to browser
2021-10-31 13:29:39,887  INFO [main] Baseclass:13 - Testcase ready to sdtart with name: ValidLogin
2021-10-31 13:29:39,905  INFO [main] Baseclass:18 - Testcase passed successfully with name: ValidLogin
2021-10-31 13:29:39,995  INFO [main] Baseclass:30 - Initializing Browser
2021-10-31 13:29:41,658  INFO [main] Baseclass:37 - Maximizing Browser
2021-10-31 13:29:41,782  INFO [main] Baseclass:39 - Applying common waits to browser
2021-10-31 13:29:41,798  INFO [main] Baseclass:13 - Testcase ready to sdtart with name: checktext1
2021-10-31 13:29:41,896  INFO [main] Baseclass:18 - Testcase passed successfully with name: checktext1
2021-10-31 13:29:41,983  INFO [main] Baseclass:30 - Initializing Browser
2021-10-31 13:29:43,458  INFO [main] Baseclass:37 - Maximizing Browser
2021-10-31 13:29:43,589  INFO [main] Baseclass:39 - Applying common waits to browser
2021-10-31 13:29:45,817  INFO [main] Baseclass:13 - Testcase ready to sdtart with name: Checktitle
2021-10-31 13:29:45,823  INFO [main] Baseclass:18 - Testcase passed successfully with name: Checktitle
2021-10-31 13:29:45,879  INFO [main] Baseclass:30 - Initializing Browser
2021-10-31 13:29:47,618  INFO [main] Baseclass:37 - Maximizing Browser
2021-10-31 13:29:47,751  INFO [main] Baseclass:39 - Applying common waits to browser
2021-10-31 13:29:49,193  INFO [main] Baseclass:13 - Testcase ready to sdtart with name: checkimage
2021-10-31 13:29:49,240  INFO [main] Baseclass:18 - Testcase passed successfully with name: checkimage
2021-10-31 13:29:49,306  INFO [main] Baseclass:30 - Initializing Browser
2021-10-31 13:29:50,908  INFO [main] Baseclass:37 - Maximizing Browser
2021-10-31 13:29:51,047  INFO [main] Baseclass:39 - Applying common waits to browser
2021-10-31 13:29:52,512  INFO [main] Baseclass:13 - Testcase ready to sdtart with name: verifycourses
2021-10-31 13:29:52,673  INFO [main] Baseclass:18 - Testcase passed successfully with name: verifycourses
2021-10-31 13:29:52,756  INFO [main] Baseclass:30 - Initializing Browser
2021-10-31 13:29:54,270  INFO [main] Baseclass:37 - Maximizing Browser
2021-10-31 13:29:54,389  INFO [main] Baseclass:39 - Applying common waits to browser
2021-10-31 13:29:56,106  INFO [main] Baseclass:13 - Testcase ready to sdtart with name: TestcaseTitle
2021-10-31 13:29:56,112  INFO [main] Baseclass:18 - Testcase passed successfully with name: TestcaseTitle
2021-10-31 13:29:56,172  INFO [main] Baseclass:30 - Initializing Browser
2021-10-31 13:29:57,988  INFO [main] Baseclass:37 - Maximizing Browser
2021-10-31 13:29:58,121  INFO [main] Baseclass:39 - Applying common waits to browser
2021-10-31 13:29:59,586  INFO [main] Baseclass:13 - Testcase ready to sdtart with name: checkTitle
2021-10-31 13:29:59,592  INFO [main] Baseclass:18 - Testcase passed successfully with name: checkTitle
2021-10-31 13:29:59,646  INFO [main] Baseclass:30 - Initializing Browser
2021-10-31 13:30:01,112  INFO [main] Baseclass:37 - Maximizing Browser
2021-10-31 13:30:01,245  INFO [main] Baseclass:39 - Applying common waits to browser
2021-10-31 13:30:02,626  INFO [main] Baseclass:13 - Testcase ready to sdtart with name: checkTitle
2021-10-31 13:30:02,632  INFO [main] Baseclass:18 - Testcase passed successfully with name: checkTitle
2021-10-31 13:30:02,863  INFO [main] Baseclass:47 - test suite is finished
2021-10-31 13:30:02,893 DEBUG [main] cache:45 - Couldn't find template in cache for "spark/spark.spa.ftl"("en_IN", UTF-8, parsed); will try to load it.
2021-10-31 13:30:02,894 DEBUG [main] cache:45 - TemplateLoader.findTemplateSource("spark/spark.spa_en_IN.ftl"): Not found
2021-10-31 13:30:02,896 DEBUG [main] cache:45 - TemplateLoader.findTemplateSource("spark/spark.spa_en.ftl"): Not found
2021-10-31 13:30:02,897 DEBUG [main] cache:45 - TemplateLoader.findTemplateSource("spark/spark.spa.ftl"): Found
2021-10-31 13:30:02,897 DEBUG [main] cache:45 - Loading template for "spark/spark.spa.ftl"("en_IN", UTF-8, parsed) from "jar:file:/C:/Users/harsh/.m2/repository/com/aventstack/extentreports/5.0.8/extentreports-5.0.8.jar!/com/aventstack/extentreports/templates/spark/spark.spa.ftl"
2021-10-31 13:30:02,958 DEBUG [main] cache:45 - Couldn't find template in cache for "commons/commons-variables.ftl"("en_IN", UTF-8, parsed); will try to load it.
2021-10-31 13:30:02,959 DEBUG [main] cache:45 - TemplateLoader.findTemplateSource("commons/commons-variables_en_IN.ftl"): Not found
2021-10-31 13:30:02,959 DEBUG [main] cache:45 - TemplateLoader.findTemplateSource("commons/commons-variables_en.ftl"): Not found
2021-10-31 13:30:02,960 DEBUG [main] cache:45 - TemplateLoader.findTemplateSource("commons/commons-variables.ftl"): Found
2021-10-31 13:30:02,960 DEBUG [main] cache:45 - Loading template for "commons/commons-variables.ftl"("en_IN", UTF-8, parsed) from "jar:file:/C:/Users/harsh/.m2/repository/com/aventstack/extentreports/5.0.8/extentreports-5.0.8.jar!/com/aventstack/extentreports/templates/commons/commons-variables.ftl"
2021-10-31 13:30:03,053 DEBUG [main] cache:45 - Couldn't find template in cache for "commons/commons-macros.ftl"("en_IN", UTF-8, parsed); will try to load it.
2021-10-31 13:30:03,054 DEBUG [main] cache:45 - TemplateLoader.findTemplateSource("commons/commons-macros_en_IN.ftl"): Not found
2021-10-31 13:30:03,055 DEBUG [main] cache:45 - TemplateLoader.findTemplateSource("commons/commons-macros_en.ftl"): Not found
2021-10-31 13:30:03,056 DEBUG [main] cache:45 - TemplateLoader.findTemplateSource("commons/commons-macros.ftl"): Found
2021-10-31 13:30:03,056 DEBUG [main] cache:45 - Loading template for "commons/commons-macros.ftl"("en_IN", UTF-8, parsed) from "jar:file:/C:/Users/harsh/.m2/repository/com/aventstack/extentreports/5.0.8/extentreports-5.0.8.jar!/com/aventstack/extentreports/templates/commons/commons-macros.ftl"
2021-10-31 13:30:03,068 DEBUG [main] cache:45 - Couldn't find template in cache for "spark/macros/attributes.ftl"("en_IN", UTF-8, parsed); will try to load it.
2021-10-31 13:30:03,069 DEBUG [main] cache:45 - TemplateLoader.findTemplateSource("spark/macros/attributes_en_IN.ftl"): Not found
2021-10-31 13:30:03,070 DEBUG [main] cache:45 - TemplateLoader.findTemplateSource("spark/macros/attributes_en.ftl"): Not found
2021-10-31 13:30:03,071 DEBUG [main] cache:45 - TemplateLoader.findTemplateSource("spark/macros/attributes.ftl"): Found
2021-10-31 13:30:03,071 DEBUG [main] cache:45 - Loading template for "spark/macros/attributes.ftl"("en_IN", UTF-8, parsed) from "jar:file:/C:/Users/harsh/.m2/repository/com/aventstack/extentreports/5.0.8/extentreports-5.0.8.jar!/com/aventstack/extentreports/templates/spark/macros/attributes.ftl"
2021-10-31 13:30:03,073 DEBUG [main] cache:45 - Couldn't find template in cache for "spark/macros/log.ftl"("en_IN", UTF-8, parsed); will try to load it.
2021-10-31 13:30:03,074 DEBUG [main] cache:45 - TemplateLoader.findTemplateSource("spark/macros/log_en_IN.ftl"): Not found
2021-10-31 13:30:03,074 DEBUG [main] cache:45 - TemplateLoader.findTemplateSource("spark/macros/log_en.ftl"): Not found
2021-10-31 13:30:03,075 DEBUG [main] cache:45 - TemplateLoader.findTemplateSource("spark/macros/log.ftl"): Found
2021-10-31 13:30:03,075 DEBUG [main] cache:45 - Loading template for "spark/macros/log.ftl"("en_IN", UTF-8, parsed) from "jar:file:/C:/Users/harsh/.m2/repository/com/aventstack/extentreports/5.0.8/extentreports-5.0.8.jar!/com/aventstack/extentreports/templates/spark/macros/log.ftl"
2021-10-31 13:30:03,078 DEBUG [main] cache:45 - Couldn't find template in cache for "spark/macros/recurse_nodes.ftl"("en_IN", UTF-8, parsed); will try to load it.
2021-10-31 13:30:03,078 DEBUG [main] cache:45 - TemplateLoader.findTemplateSource("spark/macros/recurse_nodes_en_IN.ftl"): Not found
2021-10-31 13:30:03,079 DEBUG [main] cache:45 - TemplateLoader.findTemplateSource("spark/macros/recurse_nodes_en.ftl"): Not found
2021-10-31 13:30:03,080 DEBUG [main] cache:45 - TemplateLoader.findTemplateSource("spark/macros/recurse_nodes.ftl"): Found
2021-10-31 13:30:03,080 DEBUG [main] cache:45 - Loading template for "spark/macros/recurse_nodes.ftl"("en_IN", UTF-8, parsed) from "jar:file:/C:/Users/harsh/.m2/repository/com/aventstack/extentreports/5.0.8/extentreports-5.0.8.jar!/com/aventstack/extentreports/templates/spark/macros/recurse_nodes.ftl"
2021-10-31 13:30:03,085 DEBUG [main] cache:45 - "spark/macros/log.ftl"("en_IN", UTF-8, parsed) cached copy not yet stale; using cached.
2021-10-31 13:30:03,085 DEBUG [main] cache:45 - Couldn't find template in cache for "spark/macros/attr-common.ftl"("en_IN", UTF-8, parsed); will try to load it.
2021-10-31 13:30:03,086 DEBUG [main] cache:45 - TemplateLoader.findTemplateSource("spark/macros/attr-common_en_IN.ftl"): Not found
2021-10-31 13:30:03,087 DEBUG [main] cache:45 - TemplateLoader.findTemplateSource("spark/macros/attr-common_en.ftl"): Not found
2021-10-31 13:30:03,087 DEBUG [main] cache:45 - TemplateLoader.findTemplateSource("spark/macros/attr-common.ftl"): Found
2021-10-31 13:30:03,088 DEBUG [main] cache:45 - Loading template for "spark/macros/attr-common.ftl"("en_IN", UTF-8, parsed) from "jar:file:/C:/Users/harsh/.m2/repository/com/aventstack/extentreports/5.0.8/extentreports-5.0.8.jar!/com/aventstack/extentreports/templates/spark/macros/attr-common.ftl"
2021-10-31 13:30:03,096 DEBUG [main] cache:45 - Couldn't find template in cache for "spark/partials/head.ftl"("en_IN", UTF-8, parsed); will try to load it.
2021-10-31 13:30:03,097 DEBUG [main] cache:45 - TemplateLoader.findTemplateSource("spark/partials/head_en_IN.ftl"): Not found
2021-10-31 13:30:03,098 DEBUG [main] cache:45 - TemplateLoader.findTemplateSource("spark/partials/head_en.ftl"): Not found
2021-10-31 13:30:03,098 DEBUG [main] cache:45 - TemplateLoader.findTemplateSource("spark/partials/head.ftl"): Found
2021-10-31 13:30:03,099 DEBUG [main] cache:45 - Loading template for "spark/partials/head.ftl"("en_IN", UTF-8, parsed) from "jar:file:/C:/Users/harsh/.m2/repository/com/aventstack/extentreports/5.0.8/extentreports-5.0.8.jar!/com/aventstack/extentreports/templates/spark/partials/head.ftl"
2021-10-31 13:30:03,102 DEBUG [main] cache:45 - Couldn't find template in cache for "commons/commons-inject-css.ftl"("en_IN", UTF-8, parsed); will try to load it.
2021-10-31 13:30:03,103 DEBUG [main] cache:45 - TemplateLoader.findTemplateSource("commons/commons-inject-css_en_IN.ftl"): Not found
2021-10-31 13:30:03,103 DEBUG [main] cache:45 - TemplateLoader.findTemplateSource("commons/commons-inject-css_en.ftl"): Not found
2021-10-31 13:30:03,104 DEBUG [main] cache:45 - TemplateLoader.findTemplateSource("commons/commons-inject-css.ftl"): Found
2021-10-31 13:30:03,104 DEBUG [main] cache:45 - Loading template for "commons/commons-inject-css.ftl"("en_IN", UTF-8, parsed) from "jar:file:/C:/Users/harsh/.m2/repository/com/aventstack/extentreports/5.0.8/extentreports-5.0.8.jar!/com/aventstack/extentreports/templates/commons/commons-inject-css.ftl"
2021-10-31 13:30:03,105 DEBUG [main] cache:45 - Couldn't find template in cache for "spark/partials/navbar.ftl"("en_IN", UTF-8, parsed); will try to load it.
2021-10-31 13:30:03,106 DEBUG [main] cache:45 - TemplateLoader.findTemplateSource("spark/partials/navbar_en_IN.ftl"): Not found
2021-10-31 13:30:03,107 DEBUG [main] cache:45 - TemplateLoader.findTemplateSource("spark/partials/navbar_en.ftl"): Not found
2021-10-31 13:30:03,108 DEBUG [main] cache:45 - TemplateLoader.findTemplateSource("spark/partials/navbar.ftl"): Found
2021-10-31 13:30:03,110 DEBUG [main] cache:45 - Loading template for "spark/partials/navbar.ftl"("en_IN", UTF-8, parsed) from "jar:file:/C:/Users/harsh/.m2/repository/com/aventstack/extentreports/5.0.8/extentreports-5.0.8.jar!/com/aventstack/extentreports/templates/spark/partials/navbar.ftl"
2021-10-31 13:30:03,115 DEBUG [main] cache:45 - Couldn't find template in cache for "spark/partials/sidenav.ftl"("en_IN", UTF-8, parsed); will try to load it.
2021-10-31 13:30:03,116 DEBUG [main] cache:45 - TemplateLoader.findTemplateSource("spark/partials/sidenav_en_IN.ftl"): Not found
2021-10-31 13:30:03,117 DEBUG [main] cache:45 - TemplateLoader.findTemplateSource("spark/partials/sidenav_en.ftl"): Not found
2021-10-31 13:30:03,117 DEBUG [main] cache:45 - TemplateLoader.findTemplateSource("spark/partials/sidenav.ftl"): Found
2021-10-31 13:30:03,118 DEBUG [main] cache:45 - Loading template for "spark/partials/sidenav.ftl"("en_IN", UTF-8, parsed) from "jar:file:/C:/Users/harsh/.m2/repository/com/aventstack/extentreports/5.0.8/extentreports-5.0.8.jar!/com/aventstack/extentreports/templates/spark/partials/sidenav.ftl"
2021-10-31 13:30:03,136 DEBUG [main] cache:45 - Couldn't find template in cache for "spark/partials/test.ftl"("en_IN", UTF-8, parsed); will try to load it.
2021-10-31 13:30:03,137 DEBUG [main] cache:45 - TemplateLoader.findTemplateSource("spark/partials/test_en_IN.ftl"): Not found
2021-10-31 13:30:03,138 DEBUG [main] cache:45 - TemplateLoader.findTemplateSource("spark/partials/test_en.ftl"): Not found
2021-10-31 13:30:03,138 DEBUG [main] cache:45 - TemplateLoader.findTemplateSource("spark/partials/test.ftl"): Found
2021-10-31 13:30:03,138 DEBUG [main] cache:45 - Loading template for "spark/partials/test.ftl"("en_IN", UTF-8, parsed) from "jar:file:/C:/Users/harsh/.m2/repository/com/aventstack/extentreports/5.0.8/extentreports-5.0.8.jar!/com/aventstack/extentreports/templates/spark/partials/test.ftl"
2021-10-31 13:30:03,156 DEBUG [main] cache:45 - Couldn't find template in cache for "spark/partials/standard-content.ftl"("en_IN", UTF-8, parsed); will try to load it.
2021-10-31 13:30:03,158 DEBUG [main] cache:45 - TemplateLoader.findTemplateSource("spark/partials/standard-content_en_IN.ftl"): Not found
2021-10-31 13:30:03,159 DEBUG [main] cache:45 - TemplateLoader.findTemplateSource("spark/partials/standard-content_en.ftl"): Not found
2021-10-31 13:30:03,161 DEBUG [main] cache:45 - TemplateLoader.findTemplateSource("spark/partials/standard-content.ftl"): Found
2021-10-31 13:30:03,162 DEBUG [main] cache:45 - Loading template for "spark/partials/standard-content.ftl"("en_IN", UTF-8, parsed) from "jar:file:/C:/Users/harsh/.m2/repository/com/aventstack/extentreports/5.0.8/extentreports-5.0.8.jar!/com/aventstack/extentreports/templates/spark/partials/standard-content.ftl"
2021-10-31 13:30:03,168 DEBUG [main] cache:45 - Couldn't find template in cache for "spark/partials/exception.ftl"("en_IN", UTF-8, parsed); will try to load it.
2021-10-31 13:30:03,170 DEBUG [main] cache:45 - TemplateLoader.findTemplateSource("spark/partials/exception_en_IN.ftl"): Not found
2021-10-31 13:30:03,171 DEBUG [main] cache:45 - TemplateLoader.findTemplateSource("spark/partials/exception_en.ftl"): Not found
2021-10-31 13:30:03,172 DEBUG [main] cache:45 - TemplateLoader.findTemplateSource("spark/partials/exception.ftl"): Found
2021-10-31 13:30:03,172 DEBUG [main] cache:45 - Loading template for "spark/partials/exception.ftl"("en_IN", UTF-8, parsed) from "jar:file:/C:/Users/harsh/.m2/repository/com/aventstack/extentreports/5.0.8/extentreports-5.0.8.jar!/com/aventstack/extentreports/templates/spark/partials/exception.ftl"
2021-10-31 13:30:03,173 DEBUG [main] cache:45 - Couldn't find template in cache for "spark/partials/category.ftl"("en_IN", UTF-8, parsed); will try to load it.
2021-10-31 13:30:03,174 DEBUG [main] cache:45 - TemplateLoader.findTemplateSource("spark/partials/category_en_IN.ftl"): Not found
2021-10-31 13:30:03,174 DEBUG [main] cache:45 - TemplateLoader.findTemplateSource("spark/partials/category_en.ftl"): Not found
2021-10-31 13:30:03,175 DEBUG [main] cache:45 - TemplateLoader.findTemplateSource("spark/partials/category.ftl"): Found
2021-10-31 13:30:03,175 DEBUG [main] cache:45 - Loading template for "spark/partials/category.ftl"("en_IN", UTF-8, parsed) from "jar:file:/C:/Users/harsh/.m2/repository/com/aventstack/extentreports/5.0.8/extentreports-5.0.8.jar!/com/aventstack/extentreports/templates/spark/partials/category.ftl"
2021-10-31 13:30:03,176 DEBUG [main] cache:45 - Couldn't find template in cache for "spark/partials/device.ftl"("en_IN", UTF-8, parsed); will try to load it.
2021-10-31 13:30:03,178 DEBUG [main] cache:45 - TemplateLoader.findTemplateSource("spark/partials/device_en_IN.ftl"): Not found
2021-10-31 13:30:03,180 DEBUG [main] cache:45 - TemplateLoader.findTemplateSource("spark/partials/device_en.ftl"): Not found
2021-10-31 13:30:03,181 DEBUG [main] cache:45 - TemplateLoader.findTemplateSource("spark/partials/device.ftl"): Found
2021-10-31 13:30:03,181 DEBUG [main] cache:45 - Loading template for "spark/partials/device.ftl"("en_IN", UTF-8, parsed) from "jar:file:/C:/Users/harsh/.m2/repository/com/aventstack/extentreports/5.0.8/extentreports-5.0.8.jar!/com/aventstack/extentreports/templates/spark/partials/device.ftl"
2021-10-31 13:30:03,183 DEBUG [main] cache:45 - Couldn't find template in cache for "spark/partials/author.ftl"("en_IN", UTF-8, parsed); will try to load it.
2021-10-31 13:30:03,184 DEBUG [main] cache:45 - TemplateLoader.findTemplateSource("spark/partials/author_en_IN.ftl"): Not found
2021-10-31 13:30:03,184 DEBUG [main] cache:45 - TemplateLoader.findTemplateSource("spark/partials/author_en.ftl"): Not found
2021-10-31 13:30:03,185 DEBUG [main] cache:45 - TemplateLoader.findTemplateSource("spark/partials/author.ftl"): Found
2021-10-31 13:30:03,185 DEBUG [main] cache:45 - Loading template for "spark/partials/author.ftl"("en_IN", UTF-8, parsed) from "jar:file:/C:/Users/harsh/.m2/repository/com/aventstack/extentreports/5.0.8/extentreports-5.0.8.jar!/com/aventstack/extentreports/templates/spark/partials/author.ftl"
2021-10-31 13:30:03,187 DEBUG [main] cache:45 - Couldn't find template in cache for "spark/partials/log.ftl"("en_IN", UTF-8, parsed); will try to load it.
2021-10-31 13:30:03,187 DEBUG [main] cache:45 - TemplateLoader.findTemplateSource("spark/partials/log_en_IN.ftl"): Not found
2021-10-31 13:30:03,188 DEBUG [main] cache:45 - TemplateLoader.findTemplateSource("spark/partials/log_en.ftl"): Not found
2021-10-31 13:30:03,188 DEBUG [main] cache:45 - TemplateLoader.findTemplateSource("spark/partials/log.ftl"): Found
2021-10-31 13:30:03,188 DEBUG [main] cache:45 - Loading template for "spark/partials/log.ftl"("en_IN", UTF-8, parsed) from "jar:file:/C:/Users/harsh/.m2/repository/com/aventstack/extentreports/5.0.8/extentreports-5.0.8.jar!/com/aventstack/extentreports/templates/spark/partials/log.ftl"
2021-10-31 13:30:03,189 DEBUG [main] cache:45 - Couldn't find template in cache for "spark/partials/dashboard.ftl"("en_IN", UTF-8, parsed); will try to load it.
2021-10-31 13:30:03,190 DEBUG [main] cache:45 - TemplateLoader.findTemplateSource("spark/partials/dashboard_en_IN.ftl"): Not found
2021-10-31 13:30:03,190 DEBUG [main] cache:45 - TemplateLoader.findTemplateSource("spark/partials/dashboard_en.ftl"): Not found
2021-10-31 13:30:03,191 DEBUG [main] cache:45 - TemplateLoader.findTemplateSource("spark/partials/dashboard.ftl"): Found
2021-10-31 13:30:03,191 DEBUG [main] cache:45 - Loading template for "spark/partials/dashboard.ftl"("en_IN", UTF-8, parsed) from "jar:file:/C:/Users/harsh/.m2/repository/com/aventstack/extentreports/5.0.8/extentreports-5.0.8.jar!/com/aventstack/extentreports/templates/spark/partials/dashboard.ftl"
2021-10-31 13:30:03,236 DEBUG [main] cache:45 - Couldn't find template in cache for "spark/partials/scripts.ftl"("en_IN", UTF-8, parsed); will try to load it.
2021-10-31 13:30:03,237 DEBUG [main] cache:45 - TemplateLoader.findTemplateSource("spark/partials/scripts_en_IN.ftl"): Not found
2021-10-31 13:30:03,240 DEBUG [main] cache:45 - TemplateLoader.findTemplateSource("spark/partials/scripts_en.ftl"): Not found
2021-10-31 13:30:03,242 DEBUG [main] cache:45 - TemplateLoader.findTemplateSource("spark/partials/scripts.ftl"): Found
2021-10-31 13:30:03,243 DEBUG [main] cache:45 - Loading template for "spark/partials/scripts.ftl"("en_IN", UTF-8, parsed) from "jar:file:/C:/Users/harsh/.m2/repository/com/aventstack/extentreports/5.0.8/extentreports-5.0.8.jar!/com/aventstack/extentreports/templates/spark/partials/scripts.ftl"
2021-10-31 13:30:03,246 DEBUG [main] cache:45 - Couldn't find template in cache for "commons/commons-inject-js.ftl"("en_IN", UTF-8, parsed); will try to load it.
2021-10-31 13:30:03,247 DEBUG [main] cache:45 - TemplateLoader.findTemplateSource("commons/commons-inject-js_en_IN.ftl"): Not found
2021-10-31 13:30:03,247 DEBUG [main] cache:45 - TemplateLoader.findTemplateSource("commons/commons-inject-js_en.ftl"): Not found
2021-10-31 13:30:03,247 DEBUG [main] cache:45 - TemplateLoader.findTemplateSource("commons/commons-inject-js.ftl"): Found
2021-10-31 13:30:03,248 DEBUG [main] cache:45 - Loading template for "commons/commons-inject-js.ftl"("en_IN", UTF-8, parsed) from "jar:file:/C:/Users/harsh/.m2/repository/com/aventstack/extentreports/5.0.8/extentreports-5.0.8.jar!/com/aventstack/extentreports/templates/commons/commons-inject-js.ftl"
2021-10-31 17:52:56,665  INFO [main] Baseclass:42 - test suite is started
2021-10-31 17:52:56,687  INFO [main] Baseclass:30 - Initializing Browser
2021-10-31 17:52:58,555  INFO [main] Baseclass:37 - Maximizing Browser
2021-10-31 17:52:58,689  INFO [main] Baseclass:39 - Applying common waits to browser
2021-10-31 17:52:58,773  INFO [main] Baseclass:13 - Testcase ready to sdtart with name: Handlepoup
2021-10-31 17:52:59,315  INFO [main] Baseclass:18 - Testcase passed successfully with name: Handlepoup
2021-10-31 17:52:59,390  INFO [main] Baseclass:30 - Initializing Browser
2021-10-31 17:53:00,338  INFO [main] Baseclass:37 - Maximizing Browser
2021-10-31 17:53:00,468  INFO [main] Baseclass:39 - Applying common waits to browser
2021-10-31 17:53:00,482  INFO [main] Baseclass:13 - Testcase ready to sdtart with name: NewRegister
2021-10-31 17:53:00,631  INFO [main] Baseclass:18 - Testcase passed successfully with name: NewRegister
2021-10-31 17:53:00,684  INFO [main] Baseclass:30 - Initializing Browser
2021-10-31 17:53:01,531  INFO [main] Baseclass:37 - Maximizing Browser
2021-10-31 17:53:01,660  INFO [main] Baseclass:39 - Applying common waits to browser
2021-10-31 17:53:01,683  INFO [main] Baseclass:13 - Testcase ready to sdtart with name: ValidLogin
2021-10-31 17:53:01,701  INFO [main] Baseclass:18 - Testcase passed successfully with name: ValidLogin
2021-10-31 17:53:01,760  INFO [main] Baseclass:30 - Initializing Browser
2021-10-31 17:53:02,640  INFO [main] Baseclass:37 - Maximizing Browser
2021-10-31 17:53:02,769  INFO [main] Baseclass:39 - Applying common waits to browser
2021-10-31 17:53:02,785  INFO [main] Baseclass:13 - Testcase ready to sdtart with name: checktext1
2021-10-31 17:53:02,822  INFO [main] Baseclass:18 - Testcase passed successfully with name: checktext1
2021-10-31 17:53:02,882  INFO [main] Baseclass:30 - Initializing Browser
2021-10-31 17:53:03,799  INFO [main] Baseclass:37 - Maximizing Browser
2021-10-31 17:53:03,929  INFO [main] Baseclass:39 - Applying common waits to browser
2021-10-31 17:53:04,335  INFO [main] Baseclass:13 - Testcase ready to sdtart with name: Checktitle
2021-10-31 17:53:04,342  INFO [main] Baseclass:18 - Testcase passed successfully with name: Checktitle
2021-10-31 17:53:04,415  INFO [main] Baseclass:30 - Initializing Browser
2021-10-31 17:53:05,275  INFO [main] Baseclass:37 - Maximizing Browser
2021-10-31 17:53:05,402  INFO [main] Baseclass:39 - Applying common waits to browser
2021-10-31 17:53:05,666  INFO [main] Baseclass:13 - Testcase ready to sdtart with name: checkimage
2021-10-31 17:53:05,731  INFO [main] Baseclass:18 - Testcase passed successfully with name: checkimage
2021-10-31 17:53:05,794  INFO [main] Baseclass:30 - Initializing Browser
2021-10-31 17:53:06,629  INFO [main] Baseclass:37 - Maximizing Browser
2021-10-31 17:53:06,748  INFO [main] Baseclass:39 - Applying common waits to browser
2021-10-31 17:53:07,039  INFO [main] Baseclass:13 - Testcase ready to sdtart with name: verifycourses
2021-10-31 17:53:07,111  INFO [main] Baseclass:18 - Testcase passed successfully with name: verifycourses
2021-10-31 17:53:07,164  INFO [main] Baseclass:30 - Initializing Browser
2021-10-31 17:53:08,068  INFO [main] Baseclass:37 - Maximizing Browser
2021-10-31 17:53:08,189  INFO [main] Baseclass:39 - Applying common waits to browser
2021-10-31 17:53:08,541  INFO [main] Baseclass:13 - Testcase ready to sdtart with name: TestcaseTitle
2021-10-31 17:53:08,546  INFO [main] Baseclass:18 - Testcase passed successfully with name: TestcaseTitle
2021-10-31 17:53:08,600  INFO [main] Baseclass:30 - Initializing Browser
2021-10-31 17:53:09,512  INFO [main] Baseclass:37 - Maximizing Browser
2021-10-31 17:53:09,641  INFO [main] Baseclass:39 - Applying common waits to browser
2021-10-31 17:53:10,089  INFO [main] Baseclass:13 - Testcase ready to sdtart with name: checkTitle
2021-10-31 17:53:10,094  INFO [main] Baseclass:18 - Testcase passed successfully with name: checkTitle
2021-10-31 17:53:10,149  INFO [main] Baseclass:30 - Initializing Browser
2021-10-31 17:53:10,970  INFO [main] Baseclass:37 - Maximizing Browser
2021-10-31 17:53:11,090  INFO [main] Baseclass:39 - Applying common waits to browser
2021-10-31 17:53:11,465  INFO [main] Baseclass:13 - Testcase ready to sdtart with name: checkTitle
2021-10-31 17:53:11,470  INFO [main] Baseclass:18 - Testcase passed successfully with name: checkTitle
2021-10-31 17:53:11,583  INFO [main] Baseclass:47 - test suite is finished
2021-10-31 17:53:11,624 DEBUG [main] cache:45 - Couldn't find template in cache for "spark/spark.spa.ftl"("en_IN", UTF-8, parsed); will try to load it.
2021-10-31 17:53:11,625 DEBUG [main] cache:45 - TemplateLoader.findTemplateSource("spark/spark.spa_en_IN.ftl"): Not found
2021-10-31 17:53:11,626 DEBUG [main] cache:45 - TemplateLoader.findTemplateSource("spark/spark.spa_en.ftl"): Not found
2021-10-31 17:53:11,626 DEBUG [main] cache:45 - TemplateLoader.findTemplateSource("spark/spark.spa.ftl"): Found
2021-10-31 17:53:11,627 DEBUG [main] cache:45 - Loading template for "spark/spark.spa.ftl"("en_IN", UTF-8, parsed) from "jar:file:/C:/Users/harsh/.m2/repository/com/aventstack/extentreports/5.0.8/extentreports-5.0.8.jar!/com/aventstack/extentreports/templates/spark/spark.spa.ftl"
2021-10-31 17:53:11,681 DEBUG [main] cache:45 - Couldn't find template in cache for "commons/commons-variables.ftl"("en_IN", UTF-8, parsed); will try to load it.
2021-10-31 17:53:11,682 DEBUG [main] cache:45 - TemplateLoader.findTemplateSource("commons/commons-variables_en_IN.ftl"): Not found
2021-10-31 17:53:11,682 DEBUG [main] cache:45 - TemplateLoader.findTemplateSource("commons/commons-variables_en.ftl"): Not found
2021-10-31 17:53:11,683 DEBUG [main] cache:45 - TemplateLoader.findTemplateSource("commons/commons-variables.ftl"): Found
2021-10-31 17:53:11,683 DEBUG [main] cache:45 - Loading template for "commons/commons-variables.ftl"("en_IN", UTF-8, parsed) from "jar:file:/C:/Users/harsh/.m2/repository/com/aventstack/extentreports/5.0.8/extentreports-5.0.8.jar!/com/aventstack/extentreports/templates/commons/commons-variables.ftl"
2021-10-31 17:53:11,765 DEBUG [main] cache:45 - Couldn't find template in cache for "commons/commons-macros.ftl"("en_IN", UTF-8, parsed); will try to load it.
2021-10-31 17:53:11,766 DEBUG [main] cache:45 - TemplateLoader.findTemplateSource("commons/commons-macros_en_IN.ftl"): Not found
2021-10-31 17:53:11,766 DEBUG [main] cache:45 - TemplateLoader.findTemplateSource("commons/commons-macros_en.ftl"): Not found
2021-10-31 17:53:11,767 DEBUG [main] cache:45 - TemplateLoader.findTemplateSource("commons/commons-macros.ftl"): Found
2021-10-31 17:53:11,768 DEBUG [main] cache:45 - Loading template for "commons/commons-macros.ftl"("en_IN", UTF-8, parsed) from "jar:file:/C:/Users/harsh/.m2/repository/com/aventstack/extentreports/5.0.8/extentreports-5.0.8.jar!/com/aventstack/extentreports/templates/commons/commons-macros.ftl"
2021-10-31 17:53:11,774 DEBUG [main] cache:45 - Couldn't find template in cache for "spark/macros/attributes.ftl"("en_IN", UTF-8, parsed); will try to load it.
2021-10-31 17:53:11,776 DEBUG [main] cache:45 - TemplateLoader.findTemplateSource("spark/macros/attributes_en_IN.ftl"): Not found
2021-10-31 17:53:11,777 DEBUG [main] cache:45 - TemplateLoader.findTemplateSource("spark/macros/attributes_en.ftl"): Not found
2021-10-31 17:53:11,778 DEBUG [main] cache:45 - TemplateLoader.findTemplateSource("spark/macros/attributes.ftl"): Found
2021-10-31 17:53:11,779 DEBUG [main] cache:45 - Loading template for "spark/macros/attributes.ftl"("en_IN", UTF-8, parsed) from "jar:file:/C:/Users/harsh/.m2/repository/com/aventstack/extentreports/5.0.8/extentreports-5.0.8.jar!/com/aventstack/extentreports/templates/spark/macros/attributes.ftl"
2021-10-31 17:53:11,781 DEBUG [main] cache:45 - Couldn't find template in cache for "spark/macros/log.ftl"("en_IN", UTF-8, parsed); will try to load it.
2021-10-31 17:53:11,782 DEBUG [main] cache:45 - TemplateLoader.findTemplateSource("spark/macros/log_en_IN.ftl"): Not found
2021-10-31 17:53:11,782 DEBUG [main] cache:45 - TemplateLoader.findTemplateSource("spark/macros/log_en.ftl"): Not found
2021-10-31 17:53:11,783 DEBUG [main] cache:45 - TemplateLoader.findTemplateSource("spark/macros/log.ftl"): Found
2021-10-31 17:53:11,783 DEBUG [main] cache:45 - Loading template for "spark/macros/log.ftl"("en_IN", UTF-8, parsed) from "jar:file:/C:/Users/harsh/.m2/repository/com/aventstack/extentreports/5.0.8/extentreports-5.0.8.jar!/com/aventstack/extentreports/templates/spark/macros/log.ftl"
2021-10-31 17:53:11,785 DEBUG [main] cache:45 - Couldn't find template in cache for "spark/macros/recurse_nodes.ftl"("en_IN", UTF-8, parsed); will try to load it.
2021-10-31 17:53:11,786 DEBUG [main] cache:45 - TemplateLoader.findTemplateSource("spark/macros/recurse_nodes_en_IN.ftl"): Not found
2021-10-31 17:53:11,787 DEBUG [main] cache:45 - TemplateLoader.findTemplateSource("spark/macros/recurse_nodes_en.ftl"): Not found
2021-10-31 17:53:11,787 DEBUG [main] cache:45 - TemplateLoader.findTemplateSource("spark/macros/recurse_nodes.ftl"): Found
2021-10-31 17:53:11,788 DEBUG [main] cache:45 - Loading template for "spark/macros/recurse_nodes.ftl"("en_IN", UTF-8, parsed) from "jar:file:/C:/Users/harsh/.m2/repository/com/aventstack/extentreports/5.0.8/extentreports-5.0.8.jar!/com/aventstack/extentreports/templates/spark/macros/recurse_nodes.ftl"
2021-10-31 17:53:11,791 DEBUG [main] cache:45 - "spark/macros/log.ftl"("en_IN", UTF-8, parsed) cached copy not yet stale; using cached.
2021-10-31 17:53:11,792 DEBUG [main] cache:45 - Couldn't find template in cache for "spark/macros/attr-common.ftl"("en_IN", UTF-8, parsed); will try to load it.
2021-10-31 17:53:11,792 DEBUG [main] cache:45 - TemplateLoader.findTemplateSource("spark/macros/attr-common_en_IN.ftl"): Not found
2021-10-31 17:53:11,792 DEBUG [main] cache:45 - TemplateLoader.findTemplateSource("spark/macros/attr-common_en.ftl"): Not found
2021-10-31 17:53:11,793 DEBUG [main] cache:45 - TemplateLoader.findTemplateSource("spark/macros/attr-common.ftl"): Found
2021-10-31 17:53:11,794 DEBUG [main] cache:45 - Loading template for "spark/macros/attr-common.ftl"("en_IN", UTF-8, parsed) from "jar:file:/C:/Users/harsh/.m2/repository/com/aventstack/extentreports/5.0.8/extentreports-5.0.8.jar!/com/aventstack/extentreports/templates/spark/macros/attr-common.ftl"
2021-10-31 17:53:11,804 DEBUG [main] cache:45 - Couldn't find template in cache for "spark/partials/head.ftl"("en_IN", UTF-8, parsed); will try to load it.
2021-10-31 17:53:11,806 DEBUG [main] cache:45 - TemplateLoader.findTemplateSource("spark/partials/head_en_IN.ftl"): Not found
2021-10-31 17:53:11,807 DEBUG [main] cache:45 - TemplateLoader.findTemplateSource("spark/partials/head_en.ftl"): Not found
2021-10-31 17:53:11,808 DEBUG [main] cache:45 - TemplateLoader.findTemplateSource("spark/partials/head.ftl"): Found
2021-10-31 17:53:11,808 DEBUG [main] cache:45 - Loading template for "spark/partials/head.ftl"("en_IN", UTF-8, parsed) from "jar:file:/C:/Users/harsh/.m2/repository/com/aventstack/extentreports/5.0.8/extentreports-5.0.8.jar!/com/aventstack/extentreports/templates/spark/partials/head.ftl"
2021-10-31 17:53:11,811 DEBUG [main] cache:45 - Couldn't find template in cache for "commons/commons-inject-css.ftl"("en_IN", UTF-8, parsed); will try to load it.
2021-10-31 17:53:11,811 DEBUG [main] cache:45 - TemplateLoader.findTemplateSource("commons/commons-inject-css_en_IN.ftl"): Not found
2021-10-31 17:53:11,811 DEBUG [main] cache:45 - TemplateLoader.findTemplateSource("commons/commons-inject-css_en.ftl"): Not found
2021-10-31 17:53:11,812 DEBUG [main] cache:45 - TemplateLoader.findTemplateSource("commons/commons-inject-css.ftl"): Found
2021-10-31 17:53:11,812 DEBUG [main] cache:45 - Loading template for "commons/commons-inject-css.ftl"("en_IN", UTF-8, parsed) from "jar:file:/C:/Users/harsh/.m2/repository/com/aventstack/extentreports/5.0.8/extentreports-5.0.8.jar!/com/aventstack/extentreports/templates/commons/commons-inject-css.ftl"
2021-10-31 17:53:11,812 DEBUG [main] cache:45 - Couldn't find template in cache for "spark/partials/navbar.ftl"("en_IN", UTF-8, parsed); will try to load it.
2021-10-31 17:53:11,813 DEBUG [main] cache:45 - TemplateLoader.findTemplateSource("spark/partials/navbar_en_IN.ftl"): Not found
2021-10-31 17:53:11,813 DEBUG [main] cache:45 - TemplateLoader.findTemplateSource("spark/partials/navbar_en.ftl"): Not found
2021-10-31 17:53:11,814 DEBUG [main] cache:45 - TemplateLoader.findTemplateSource("spark/partials/navbar.ftl"): Found
2021-10-31 17:53:11,814 DEBUG [main] cache:45 - Loading template for "spark/partials/navbar.ftl"("en_IN", UTF-8, parsed) from "jar:file:/C:/Users/harsh/.m2/repository/com/aventstack/extentreports/5.0.8/extentreports-5.0.8.jar!/com/aventstack/extentreports/templates/spark/partials/navbar.ftl"
2021-10-31 17:53:11,818 DEBUG [main] cache:45 - Couldn't find template in cache for "spark/partials/sidenav.ftl"("en_IN", UTF-8, parsed); will try to load it.
2021-10-31 17:53:11,818 DEBUG [main] cache:45 - TemplateLoader.findTemplateSource("spark/partials/sidenav_en_IN.ftl"): Not found
2021-10-31 17:53:11,818 DEBUG [main] cache:45 - TemplateLoader.findTemplateSource("spark/partials/sidenav_en.ftl"): Not found
2021-10-31 17:53:11,819 DEBUG [main] cache:45 - TemplateLoader.findTemplateSource("spark/partials/sidenav.ftl"): Found
2021-10-31 17:53:11,819 DEBUG [main] cache:45 - Loading template for "spark/partials/sidenav.ftl"("en_IN", UTF-8, parsed) from "jar:file:/C:/Users/harsh/.m2/repository/com/aventstack/extentreports/5.0.8/extentreports-5.0.8.jar!/com/aventstack/extentreports/templates/spark/partials/sidenav.ftl"
2021-10-31 17:53:11,830 DEBUG [main] cache:45 - Couldn't find template in cache for "spark/partials/test.ftl"("en_IN", UTF-8, parsed); will try to load it.
2021-10-31 17:53:11,831 DEBUG [main] cache:45 - TemplateLoader.findTemplateSource("spark/partials/test_en_IN.ftl"): Not found
2021-10-31 17:53:11,831 DEBUG [main] cache:45 - TemplateLoader.findTemplateSource("spark/partials/test_en.ftl"): Not found
2021-10-31 17:53:11,832 DEBUG [main] cache:45 - TemplateLoader.findTemplateSource("spark/partials/test.ftl"): Found
2021-10-31 17:53:11,832 DEBUG [main] cache:45 - Loading template for "spark/partials/test.ftl"("en_IN", UTF-8, parsed) from "jar:file:/C:/Users/harsh/.m2/repository/com/aventstack/extentreports/5.0.8/extentreports-5.0.8.jar!/com/aventstack/extentreports/templates/spark/partials/test.ftl"
2021-10-31 17:53:11,849 DEBUG [main] cache:45 - Couldn't find template in cache for "spark/partials/standard-content.ftl"("en_IN", UTF-8, parsed); will try to load it.
2021-10-31 17:53:11,850 DEBUG [main] cache:45 - TemplateLoader.findTemplateSource("spark/partials/standard-content_en_IN.ftl"): Not found
2021-10-31 17:53:11,850 DEBUG [main] cache:45 - TemplateLoader.findTemplateSource("spark/partials/standard-content_en.ftl"): Not found
2021-10-31 17:53:11,851 DEBUG [main] cache:45 - TemplateLoader.findTemplateSource("spark/partials/standard-content.ftl"): Found
2021-10-31 17:53:11,851 DEBUG [main] cache:45 - Loading template for "spark/partials/standard-content.ftl"("en_IN", UTF-8, parsed) from "jar:file:/C:/Users/harsh/.m2/repository/com/aventstack/extentreports/5.0.8/extentreports-5.0.8.jar!/com/aventstack/extentreports/templates/spark/partials/standard-content.ftl"
2021-10-31 17:53:11,856 DEBUG [main] cache:45 - "spark/partials/standard-content.ftl"("en_IN", UTF-8, parsed) cached copy not yet stale; using cached.
2021-10-31 17:53:11,859 DEBUG [main] cache:45 - "spark/partials/standard-content.ftl"("en_IN", UTF-8, parsed) cached copy not yet stale; using cached.
2021-10-31 17:53:11,862 DEBUG [main] cache:45 - "spark/partials/standard-content.ftl"("en_IN", UTF-8, parsed) cached copy not yet stale; using cached.
2021-10-31 17:53:11,864 DEBUG [main] cache:45 - "spark/partials/standard-content.ftl"("en_IN", UTF-8, parsed) cached copy not yet stale; using cached.
2021-10-31 17:53:11,867 DEBUG [main] cache:45 - "spark/partials/standard-content.ftl"("en_IN", UTF-8, parsed) cached copy not yet stale; using cached.
2021-10-31 17:53:11,868 DEBUG [main] cache:45 - "spark/partials/standard-content.ftl"("en_IN", UTF-8, parsed) cached copy not yet stale; using cached.
2021-10-31 17:53:11,870 DEBUG [main] cache:45 - "spark/partials/standard-content.ftl"("en_IN", UTF-8, parsed) cached copy not yet stale; using cached.
2021-10-31 17:53:11,871 DEBUG [main] cache:45 - "spark/partials/standard-content.ftl"("en_IN", UTF-8, parsed) cached copy not yet stale; using cached.
2021-10-31 17:53:11,872 DEBUG [main] cache:45 - "spark/partials/standard-content.ftl"("en_IN", UTF-8, parsed) cached copy not yet stale; using cached.
2021-10-31 17:53:11,873 DEBUG [main] cache:45 - Couldn't find template in cache for "spark/partials/exception.ftl"("en_IN", UTF-8, parsed); will try to load it.
2021-10-31 17:53:11,873 DEBUG [main] cache:45 - TemplateLoader.findTemplateSource("spark/partials/exception_en_IN.ftl"): Not found
2021-10-31 17:53:11,874 DEBUG [main] cache:45 - TemplateLoader.findTemplateSource("spark/partials/exception_en.ftl"): Not found
2021-10-31 17:53:11,874 DEBUG [main] cache:45 - TemplateLoader.findTemplateSource("spark/partials/exception.ftl"): Found
2021-10-31 17:53:11,875 DEBUG [main] cache:45 - Loading template for "spark/partials/exception.ftl"("en_IN", UTF-8, parsed) from "jar:file:/C:/Users/harsh/.m2/repository/com/aventstack/extentreports/5.0.8/extentreports-5.0.8.jar!/com/aventstack/extentreports/templates/spark/partials/exception.ftl"
2021-10-31 17:53:11,876 DEBUG [main] cache:45 - Couldn't find template in cache for "spark/partials/category.ftl"("en_IN", UTF-8, parsed); will try to load it.
2021-10-31 17:53:11,876 DEBUG [main] cache:45 - TemplateLoader.findTemplateSource("spark/partials/category_en_IN.ftl"): Not found
2021-10-31 17:53:11,876 DEBUG [main] cache:45 - TemplateLoader.findTemplateSource("spark/partials/category_en.ftl"): Not found
2021-10-31 17:53:11,877 DEBUG [main] cache:45 - TemplateLoader.findTemplateSource("spark/partials/category.ftl"): Found
2021-10-31 17:53:11,877 DEBUG [main] cache:45 - Loading template for "spark/partials/category.ftl"("en_IN", UTF-8, parsed) from "jar:file:/C:/Users/harsh/.m2/repository/com/aventstack/extentreports/5.0.8/extentreports-5.0.8.jar!/com/aventstack/extentreports/templates/spark/partials/category.ftl"
2021-10-31 17:53:11,877 DEBUG [main] cache:45 - Couldn't find template in cache for "spark/partials/device.ftl"("en_IN", UTF-8, parsed); will try to load it.
2021-10-31 17:53:11,878 DEBUG [main] cache:45 - TemplateLoader.findTemplateSource("spark/partials/device_en_IN.ftl"): Not found
2021-10-31 17:53:11,878 DEBUG [main] cache:45 - TemplateLoader.findTemplateSource("spark/partials/device_en.ftl"): Not found
2021-10-31 17:53:11,879 DEBUG [main] cache:45 - TemplateLoader.findTemplateSource("spark/partials/device.ftl"): Found
2021-10-31 17:53:11,879 DEBUG [main] cache:45 - Loading template for "spark/partials/device.ftl"("en_IN", UTF-8, parsed) from "jar:file:/C:/Users/harsh/.m2/repository/com/aventstack/extentreports/5.0.8/extentreports-5.0.8.jar!/com/aventstack/extentreports/templates/spark/partials/device.ftl"
2021-10-31 17:53:11,881 DEBUG [main] cache:45 - Couldn't find template in cache for "spark/partials/author.ftl"("en_IN", UTF-8, parsed); will try to load it.
2021-10-31 17:53:11,882 DEBUG [main] cache:45 - TemplateLoader.findTemplateSource("spark/partials/author_en_IN.ftl"): Not found
2021-10-31 17:53:11,882 DEBUG [main] cache:45 - TemplateLoader.findTemplateSource("spark/partials/author_en.ftl"): Not found
2021-10-31 17:53:11,883 DEBUG [main] cache:45 - TemplateLoader.findTemplateSource("spark/partials/author.ftl"): Found
2021-10-31 17:53:11,883 DEBUG [main] cache:45 - Loading template for "spark/partials/author.ftl"("en_IN", UTF-8, parsed) from "jar:file:/C:/Users/harsh/.m2/repository/com/aventstack/extentreports/5.0.8/extentreports-5.0.8.jar!/com/aventstack/extentreports/templates/spark/partials/author.ftl"
2021-10-31 17:53:11,884 DEBUG [main] cache:45 - Couldn't find template in cache for "spark/partials/log.ftl"("en_IN", UTF-8, parsed); will try to load it.
2021-10-31 17:53:11,885 DEBUG [main] cache:45 - TemplateLoader.findTemplateSource("spark/partials/log_en_IN.ftl"): Not found
2021-10-31 17:53:11,885 DEBUG [main] cache:45 - TemplateLoader.findTemplateSource("spark/partials/log_en.ftl"): Not found
2021-10-31 17:53:11,886 DEBUG [main] cache:45 - TemplateLoader.findTemplateSource("spark/partials/log.ftl"): Found
2021-10-31 17:53:11,886 DEBUG [main] cache:45 - Loading template for "spark/partials/log.ftl"("en_IN", UTF-8, parsed) from "jar:file:/C:/Users/harsh/.m2/repository/com/aventstack/extentreports/5.0.8/extentreports-5.0.8.jar!/com/aventstack/extentreports/templates/spark/partials/log.ftl"
2021-10-31 17:53:11,887 DEBUG [main] cache:45 - Couldn't find template in cache for "spark/partials/dashboard.ftl"("en_IN", UTF-8, parsed); will try to load it.
2021-10-31 17:53:11,888 DEBUG [main] cache:45 - TemplateLoader.findTemplateSource("spark/partials/dashboard_en_IN.ftl"): Not found
2021-10-31 17:53:11,888 DEBUG [main] cache:45 - TemplateLoader.findTemplateSource("spark/partials/dashboard_en.ftl"): Not found
2021-10-31 17:53:11,889 DEBUG [main] cache:45 - TemplateLoader.findTemplateSource("spark/partials/dashboard.ftl"): Found
2021-10-31 17:53:11,889 DEBUG [main] cache:45 - Loading template for "spark/partials/dashboard.ftl"("en_IN", UTF-8, parsed) from "jar:file:/C:/Users/harsh/.m2/repository/com/aventstack/extentreports/5.0.8/extentreports-5.0.8.jar!/com/aventstack/extentreports/templates/spark/partials/dashboard.ftl"
2021-10-31 17:53:11,929 DEBUG [main] cache:45 - Couldn't find template in cache for "spark/partials/scripts.ftl"("en_IN", UTF-8, parsed); will try to load it.
2021-10-31 17:53:11,930 DEBUG [main] cache:45 - TemplateLoader.findTemplateSource("spark/partials/scripts_en_IN.ftl"): Not found
2021-10-31 17:53:11,931 DEBUG [main] cache:45 - TemplateLoader.findTemplateSource("spark/partials/scripts_en.ftl"): Not found
2021-10-31 17:53:11,931 DEBUG [main] cache:45 - TemplateLoader.findTemplateSource("spark/partials/scripts.ftl"): Found
2021-10-31 17:53:11,932 DEBUG [main] cache:45 - Loading template for "spark/partials/scripts.ftl"("en_IN", UTF-8, parsed) from "jar:file:/C:/Users/harsh/.m2/repository/com/aventstack/extentreports/5.0.8/extentreports-5.0.8.jar!/com/aventstack/extentreports/templates/spark/partials/scripts.ftl"
2021-10-31 17:53:11,933 DEBUG [main] cache:45 - Couldn't find template in cache for "commons/commons-inject-js.ftl"("en_IN", UTF-8, parsed); will try to load it.
2021-10-31 17:53:11,933 DEBUG [main] cache:45 - TemplateLoader.findTemplateSource("commons/commons-inject-js_en_IN.ftl"): Not found
2021-10-31 17:53:11,934 DEBUG [main] cache:45 - TemplateLoader.findTemplateSource("commons/commons-inject-js_en.ftl"): Not found
2021-10-31 17:53:11,934 DEBUG [main] cache:45 - TemplateLoader.findTemplateSource("commons/commons-inject-js.ftl"): Found
2021-10-31 17:53:11,934 DEBUG [main] cache:45 - Loading template for "commons/commons-inject-js.ftl"("en_IN", UTF-8, parsed) from "jar:file:/C:/Users/harsh/.m2/repository/com/aventstack/extentreports/5.0.8/extentreports-5.0.8.jar!/com/aventstack/extentreports/templates/commons/commons-inject-js.ftl"
2021-10-31 17:54:44,863  INFO [main] Baseclass:42 - test suite is started
2021-10-31 17:54:44,879  INFO [main] Baseclass:30 - Initializing Browser
2021-10-31 17:54:45,910  INFO [main] Baseclass:37 - Maximizing Browser
2021-10-31 17:54:46,033  INFO [main] Baseclass:39 - Applying common waits to browser
2021-10-31 17:54:46,087  INFO [main] Baseclass:13 - Testcase ready to sdtart with name: Handlepoup
2021-10-31 17:54:46,443  INFO [main] Baseclass:18 - Testcase passed successfully with name: Handlepoup
2021-10-31 17:54:46,495  INFO [main] Baseclass:30 - Initializing Browser
2021-10-31 17:54:47,236  INFO [main] Baseclass:37 - Maximizing Browser
2021-10-31 17:54:47,360  INFO [main] Baseclass:39 - Applying common waits to browser
2021-10-31 17:54:47,374  INFO [main] Baseclass:13 - Testcase ready to sdtart with name: NewRegister
2021-10-31 17:54:47,485  INFO [main] Baseclass:18 - Testcase passed successfully with name: NewRegister
2021-10-31 17:54:47,528  INFO [main] Baseclass:30 - Initializing Browser
2021-10-31 17:54:48,316  INFO [main] Baseclass:37 - Maximizing Browser
2021-10-31 17:54:48,434  INFO [main] Baseclass:39 - Applying common waits to browser
2021-10-31 17:54:48,449  INFO [main] Baseclass:13 - Testcase ready to sdtart with name: ValidLogin
2021-10-31 17:54:48,459  INFO [main] Baseclass:23 - Testcase failed with name: ValidLogin
2021-10-31 17:54:48,461  INFO [main] Baseclass:24 - java.lang.AssertionError: expected:<JavaByKiran | Log in> but was:<JavaByKiran | Log>
2021-10-31 17:54:48,742  INFO [main] Baseclass:30 - Initializing Browser
2021-10-31 17:54:49,498  INFO [main] Baseclass:37 - Maximizing Browser
2021-10-31 17:54:49,622  INFO [main] Baseclass:39 - Applying common waits to browser
2021-10-31 17:54:49,632  INFO [main] Baseclass:13 - Testcase ready to sdtart with name: checktext1
2021-10-31 17:54:49,676  INFO [main] Baseclass:18 - Testcase passed successfully with name: checktext1
2021-10-31 17:54:49,736  INFO [main] Baseclass:30 - Initializing Browser
2021-10-31 17:54:50,471  INFO [main] Baseclass:37 - Maximizing Browser
2021-10-31 17:54:50,591  INFO [main] Baseclass:39 - Applying common waits to browser
2021-10-31 17:54:50,906  INFO [main] Baseclass:13 - Testcase ready to sdtart with name: Checktitle
2021-10-31 17:54:50,915  INFO [main] Baseclass:18 - Testcase passed successfully with name: Checktitle
2021-10-31 17:54:50,966  INFO [main] Baseclass:30 - Initializing Browser
2021-10-31 17:54:51,720  INFO [main] Baseclass:37 - Maximizing Browser
2021-10-31 17:54:51,842  INFO [main] Baseclass:39 - Applying common waits to browser
2021-10-31 17:54:52,088  INFO [main] Baseclass:13 - Testcase ready to sdtart with name: checkimage
2021-10-31 17:54:52,126  INFO [main] Baseclass:18 - Testcase passed successfully with name: checkimage
2021-10-31 17:54:52,166  INFO [main] Baseclass:30 - Initializing Browser
2021-10-31 17:54:52,972  INFO [main] Baseclass:37 - Maximizing Browser
2021-10-31 17:54:53,091  INFO [main] Baseclass:39 - Applying common waits to browser
2021-10-31 17:54:53,338  INFO [main] Baseclass:13 - Testcase ready to sdtart with name: verifycourses
2021-10-31 17:54:53,392  INFO [main] Baseclass:18 - Testcase passed successfully with name: verifycourses
2021-10-31 17:54:53,432  INFO [main] Baseclass:30 - Initializing Browser
2021-10-31 17:54:54,294  INFO [main] Baseclass:37 - Maximizing Browser
2021-10-31 17:54:54,411  INFO [main] Baseclass:39 - Applying common waits to browser
2021-10-31 17:54:54,730  INFO [main] Baseclass:13 - Testcase ready to sdtart with name: TestcaseTitle
2021-10-31 17:54:54,735  INFO [main] Baseclass:18 - Testcase passed successfully with name: TestcaseTitle
2021-10-31 17:54:54,779  INFO [main] Baseclass:30 - Initializing Browser
2021-10-31 17:54:55,734  INFO [main] Baseclass:37 - Maximizing Browser
2021-10-31 17:54:55,853  INFO [main] Baseclass:39 - Applying common waits to browser
2021-10-31 17:54:56,168  INFO [main] Baseclass:13 - Testcase ready to sdtart with name: checkTitle
2021-10-31 17:54:56,172  INFO [main] Baseclass:18 - Testcase passed successfully with name: checkTitle
2021-10-31 17:54:56,219  INFO [main] Baseclass:30 - Initializing Browser
2021-10-31 17:54:57,002  INFO [main] Baseclass:37 - Maximizing Browser
2021-10-31 17:54:57,124  INFO [main] Baseclass:39 - Applying common waits to browser
2021-10-31 17:54:57,427  INFO [main] Baseclass:13 - Testcase ready to sdtart with name: checkTitle
2021-10-31 17:54:57,431  INFO [main] Baseclass:18 - Testcase passed successfully with name: checkTitle
2021-10-31 17:55:01,610  INFO [main] Baseclass:47 - test suite is finished
2021-10-31 17:55:01,626 DEBUG [main] cache:45 - Couldn't find template in cache for "spark/spark.spa.ftl"("en_IN", UTF-8, parsed); will try to load it.
2021-10-31 17:55:01,626 DEBUG [main] cache:45 - TemplateLoader.findTemplateSource("spark/spark.spa_en_IN.ftl"): Not found
2021-10-31 17:55:01,627 DEBUG [main] cache:45 - TemplateLoader.findTemplateSource("spark/spark.spa_en.ftl"): Not found
2021-10-31 17:55:01,627 DEBUG [main] cache:45 - TemplateLoader.findTemplateSource("spark/spark.spa.ftl"): Found
2021-10-31 17:55:01,628 DEBUG [main] cache:45 - Loading template for "spark/spark.spa.ftl"("en_IN", UTF-8, parsed) from "jar:file:/C:/Users/harsh/.m2/repository/com/aventstack/extentreports/5.0.8/extentreports-5.0.8.jar!/com/aventstack/extentreports/templates/spark/spark.spa.ftl"
2021-10-31 17:55:01,660 DEBUG [main] cache:45 - Couldn't find template in cache for "commons/commons-variables.ftl"("en_IN", UTF-8, parsed); will try to load it.
2021-10-31 17:55:01,660 DEBUG [main] cache:45 - TemplateLoader.findTemplateSource("commons/commons-variables_en_IN.ftl"): Not found
2021-10-31 17:55:01,660 DEBUG [main] cache:45 - TemplateLoader.findTemplateSource("commons/commons-variables_en.ftl"): Not found
2021-10-31 17:55:01,661 DEBUG [main] cache:45 - TemplateLoader.findTemplateSource("commons/commons-variables.ftl"): Found
2021-10-31 17:55:01,661 DEBUG [main] cache:45 - Loading template for "commons/commons-variables.ftl"("en_IN", UTF-8, parsed) from "jar:file:/C:/Users/harsh/.m2/repository/com/aventstack/extentreports/5.0.8/extentreports-5.0.8.jar!/com/aventstack/extentreports/templates/commons/commons-variables.ftl"
2021-10-31 17:55:01,714 DEBUG [main] cache:45 - Couldn't find template in cache for "commons/commons-macros.ftl"("en_IN", UTF-8, parsed); will try to load it.
2021-10-31 17:55:01,715 DEBUG [main] cache:45 - TemplateLoader.findTemplateSource("commons/commons-macros_en_IN.ftl"): Not found
2021-10-31 17:55:01,715 DEBUG [main] cache:45 - TemplateLoader.findTemplateSource("commons/commons-macros_en.ftl"): Not found
2021-10-31 17:55:01,716 DEBUG [main] cache:45 - TemplateLoader.findTemplateSource("commons/commons-macros.ftl"): Found
2021-10-31 17:55:01,716 DEBUG [main] cache:45 - Loading template for "commons/commons-macros.ftl"("en_IN", UTF-8, parsed) from "jar:file:/C:/Users/harsh/.m2/repository/com/aventstack/extentreports/5.0.8/extentreports-5.0.8.jar!/com/aventstack/extentreports/templates/commons/commons-macros.ftl"
2021-10-31 17:55:01,721 DEBUG [main] cache:45 - Couldn't find template in cache for "spark/macros/attributes.ftl"("en_IN", UTF-8, parsed); will try to load it.
2021-10-31 17:55:01,721 DEBUG [main] cache:45 - TemplateLoader.findTemplateSource("spark/macros/attributes_en_IN.ftl"): Not found
2021-10-31 17:55:01,722 DEBUG [main] cache:45 - TemplateLoader.findTemplateSource("spark/macros/attributes_en.ftl"): Not found
2021-10-31 17:55:01,722 DEBUG [main] cache:45 - TemplateLoader.findTemplateSource("spark/macros/attributes.ftl"): Found
2021-10-31 17:55:01,722 DEBUG [main] cache:45 - Loading template for "spark/macros/attributes.ftl"("en_IN", UTF-8, parsed) from "jar:file:/C:/Users/harsh/.m2/repository/com/aventstack/extentreports/5.0.8/extentreports-5.0.8.jar!/com/aventstack/extentreports/templates/spark/macros/attributes.ftl"
2021-10-31 17:55:01,724 DEBUG [main] cache:45 - Couldn't find template in cache for "spark/macros/log.ftl"("en_IN", UTF-8, parsed); will try to load it.
2021-10-31 17:55:01,725 DEBUG [main] cache:45 - TemplateLoader.findTemplateSource("spark/macros/log_en_IN.ftl"): Not found
2021-10-31 17:55:01,725 DEBUG [main] cache:45 - TemplateLoader.findTemplateSource("spark/macros/log_en.ftl"): Not found
2021-10-31 17:55:01,725 DEBUG [main] cache:45 - TemplateLoader.findTemplateSource("spark/macros/log.ftl"): Found
2021-10-31 17:55:01,726 DEBUG [main] cache:45 - Loading template for "spark/macros/log.ftl"("en_IN", UTF-8, parsed) from "jar:file:/C:/Users/harsh/.m2/repository/com/aventstack/extentreports/5.0.8/extentreports-5.0.8.jar!/com/aventstack/extentreports/templates/spark/macros/log.ftl"
2021-10-31 17:55:01,727 DEBUG [main] cache:45 - Couldn't find template in cache for "spark/macros/recurse_nodes.ftl"("en_IN", UTF-8, parsed); will try to load it.
2021-10-31 17:55:01,728 DEBUG [main] cache:45 - TemplateLoader.findTemplateSource("spark/macros/recurse_nodes_en_IN.ftl"): Not found
2021-10-31 17:55:01,728 DEBUG [main] cache:45 - TemplateLoader.findTemplateSource("spark/macros/recurse_nodes_en.ftl"): Not found
2021-10-31 17:55:01,729 DEBUG [main] cache:45 - TemplateLoader.findTemplateSource("spark/macros/recurse_nodes.ftl"): Found
2021-10-31 17:55:01,729 DEBUG [main] cache:45 - Loading template for "spark/macros/recurse_nodes.ftl"("en_IN", UTF-8, parsed) from "jar:file:/C:/Users/harsh/.m2/repository/com/aventstack/extentreports/5.0.8/extentreports-5.0.8.jar!/com/aventstack/extentreports/templates/spark/macros/recurse_nodes.ftl"
2021-10-31 17:55:01,732 DEBUG [main] cache:45 - "spark/macros/log.ftl"("en_IN", UTF-8, parsed) cached copy not yet stale; using cached.
2021-10-31 17:55:01,733 DEBUG [main] cache:45 - Couldn't find template in cache for "spark/macros/attr-common.ftl"("en_IN", UTF-8, parsed); will try to load it.
2021-10-31 17:55:01,734 DEBUG [main] cache:45 - TemplateLoader.findTemplateSource("spark/macros/attr-common_en_IN.ftl"): Not found
2021-10-31 17:55:01,735 DEBUG [main] cache:45 - TemplateLoader.findTemplateSource("spark/macros/attr-common_en.ftl"): Not found
2021-10-31 17:55:01,736 DEBUG [main] cache:45 - TemplateLoader.findTemplateSource("spark/macros/attr-common.ftl"): Found
2021-10-31 17:55:01,736 DEBUG [main] cache:45 - Loading template for "spark/macros/attr-common.ftl"("en_IN", UTF-8, parsed) from "jar:file:/C:/Users/harsh/.m2/repository/com/aventstack/extentreports/5.0.8/extentreports-5.0.8.jar!/com/aventstack/extentreports/templates/spark/macros/attr-common.ftl"
2021-10-31 17:55:01,744 DEBUG [main] cache:45 - Couldn't find template in cache for "spark/partials/head.ftl"("en_IN", UTF-8, parsed); will try to load it.
2021-10-31 17:55:01,745 DEBUG [main] cache:45 - TemplateLoader.findTemplateSource("spark/partials/head_en_IN.ftl"): Not found
2021-10-31 17:55:01,745 DEBUG [main] cache:45 - TemplateLoader.findTemplateSource("spark/partials/head_en.ftl"): Not found
2021-10-31 17:55:01,746 DEBUG [main] cache:45 - TemplateLoader.findTemplateSource("spark/partials/head.ftl"): Found
2021-10-31 17:55:01,746 DEBUG [main] cache:45 - Loading template for "spark/partials/head.ftl"("en_IN", UTF-8, parsed) from "jar:file:/C:/Users/harsh/.m2/repository/com/aventstack/extentreports/5.0.8/extentreports-5.0.8.jar!/com/aventstack/extentreports/templates/spark/partials/head.ftl"
2021-10-31 17:55:01,747 DEBUG [main] cache:45 - Couldn't find template in cache for "commons/commons-inject-css.ftl"("en_IN", UTF-8, parsed); will try to load it.
2021-10-31 17:55:01,748 DEBUG [main] cache:45 - TemplateLoader.findTemplateSource("commons/commons-inject-css_en_IN.ftl"): Not found
2021-10-31 17:55:01,748 DEBUG [main] cache:45 - TemplateLoader.findTemplateSource("commons/commons-inject-css_en.ftl"): Not found
2021-10-31 17:55:01,748 DEBUG [main] cache:45 - TemplateLoader.findTemplateSource("commons/commons-inject-css.ftl"): Found
2021-10-31 17:55:01,748 DEBUG [main] cache:45 - Loading template for "commons/commons-inject-css.ftl"("en_IN", UTF-8, parsed) from "jar:file:/C:/Users/harsh/.m2/repository/com/aventstack/extentreports/5.0.8/extentreports-5.0.8.jar!/com/aventstack/extentreports/templates/commons/commons-inject-css.ftl"
2021-10-31 17:55:01,749 DEBUG [main] cache:45 - Couldn't find template in cache for "spark/partials/navbar.ftl"("en_IN", UTF-8, parsed); will try to load it.
2021-10-31 17:55:01,749 DEBUG [main] cache:45 - TemplateLoader.findTemplateSource("spark/partials/navbar_en_IN.ftl"): Not found
2021-10-31 17:55:01,749 DEBUG [main] cache:45 - TemplateLoader.findTemplateSource("spark/partials/navbar_en.ftl"): Not found
2021-10-31 17:55:01,749 DEBUG [main] cache:45 - TemplateLoader.findTemplateSource("spark/partials/navbar.ftl"): Found
2021-10-31 17:55:01,750 DEBUG [main] cache:45 - Loading template for "spark/partials/navbar.ftl"("en_IN", UTF-8, parsed) from "jar:file:/C:/Users/harsh/.m2/repository/com/aventstack/extentreports/5.0.8/extentreports-5.0.8.jar!/com/aventstack/extentreports/templates/spark/partials/navbar.ftl"
2021-10-31 17:55:01,754 DEBUG [main] cache:45 - Couldn't find template in cache for "spark/partials/sidenav.ftl"("en_IN", UTF-8, parsed); will try to load it.
2021-10-31 17:55:01,754 DEBUG [main] cache:45 - TemplateLoader.findTemplateSource("spark/partials/sidenav_en_IN.ftl"): Not found
2021-10-31 17:55:01,754 DEBUG [main] cache:45 - TemplateLoader.findTemplateSource("spark/partials/sidenav_en.ftl"): Not found
2021-10-31 17:55:01,754 DEBUG [main] cache:45 - TemplateLoader.findTemplateSource("spark/partials/sidenav.ftl"): Found
2021-10-31 17:55:01,755 DEBUG [main] cache:45 - Loading template for "spark/partials/sidenav.ftl"("en_IN", UTF-8, parsed) from "jar:file:/C:/Users/harsh/.m2/repository/com/aventstack/extentreports/5.0.8/extentreports-5.0.8.jar!/com/aventstack/extentreports/templates/spark/partials/sidenav.ftl"
2021-10-31 17:55:01,762 DEBUG [main] cache:45 - Couldn't find template in cache for "spark/partials/test.ftl"("en_IN", UTF-8, parsed); will try to load it.
2021-10-31 17:55:01,762 DEBUG [main] cache:45 - TemplateLoader.findTemplateSource("spark/partials/test_en_IN.ftl"): Not found
2021-10-31 17:55:01,763 DEBUG [main] cache:45 - TemplateLoader.findTemplateSource("spark/partials/test_en.ftl"): Not found
2021-10-31 17:55:01,763 DEBUG [main] cache:45 - TemplateLoader.findTemplateSource("spark/partials/test.ftl"): Found
2021-10-31 17:55:01,764 DEBUG [main] cache:45 - Loading template for "spark/partials/test.ftl"("en_IN", UTF-8, parsed) from "jar:file:/C:/Users/harsh/.m2/repository/com/aventstack/extentreports/5.0.8/extentreports-5.0.8.jar!/com/aventstack/extentreports/templates/spark/partials/test.ftl"
2021-10-31 17:55:01,773 DEBUG [main] cache:45 - Couldn't find template in cache for "spark/partials/standard-content.ftl"("en_IN", UTF-8, parsed); will try to load it.
2021-10-31 17:55:01,773 DEBUG [main] cache:45 - TemplateLoader.findTemplateSource("spark/partials/standard-content_en_IN.ftl"): Not found
2021-10-31 17:55:01,774 DEBUG [main] cache:45 - TemplateLoader.findTemplateSource("spark/partials/standard-content_en.ftl"): Not found
2021-10-31 17:55:01,774 DEBUG [main] cache:45 - TemplateLoader.findTemplateSource("spark/partials/standard-content.ftl"): Found
2021-10-31 17:55:01,774 DEBUG [main] cache:45 - Loading template for "spark/partials/standard-content.ftl"("en_IN", UTF-8, parsed) from "jar:file:/C:/Users/harsh/.m2/repository/com/aventstack/extentreports/5.0.8/extentreports-5.0.8.jar!/com/aventstack/extentreports/templates/spark/partials/standard-content.ftl"
2021-10-31 17:55:01,778 DEBUG [main] cache:45 - "spark/partials/standard-content.ftl"("en_IN", UTF-8, parsed) cached copy not yet stale; using cached.
2021-10-31 17:55:01,778 DEBUG [main] cache:45 - "spark/partials/standard-content.ftl"("en_IN", UTF-8, parsed) cached copy not yet stale; using cached.
2021-10-31 17:55:01,781 DEBUG [main] cache:45 - "spark/partials/standard-content.ftl"("en_IN", UTF-8, parsed) cached copy not yet stale; using cached.
2021-10-31 17:55:01,782 DEBUG [main] cache:45 - "spark/partials/standard-content.ftl"("en_IN", UTF-8, parsed) cached copy not yet stale; using cached.
2021-10-31 17:55:01,783 DEBUG [main] cache:45 - "spark/partials/standard-content.ftl"("en_IN", UTF-8, parsed) cached copy not yet stale; using cached.
2021-10-31 17:55:01,783 DEBUG [main] cache:45 - "spark/partials/standard-content.ftl"("en_IN", UTF-8, parsed) cached copy not yet stale; using cached.
2021-10-31 17:55:01,785 DEBUG [main] cache:45 - "spark/partials/standard-content.ftl"("en_IN", UTF-8, parsed) cached copy not yet stale; using cached.
2021-10-31 17:55:01,785 DEBUG [main] cache:45 - "spark/partials/standard-content.ftl"("en_IN", UTF-8, parsed) cached copy not yet stale; using cached.
2021-10-31 17:55:01,786 DEBUG [main] cache:45 - "spark/partials/standard-content.ftl"("en_IN", UTF-8, parsed) cached copy not yet stale; using cached.
2021-10-31 17:55:01,787 DEBUG [main] cache:45 - Couldn't find template in cache for "spark/partials/exception.ftl"("en_IN", UTF-8, parsed); will try to load it.
2021-10-31 17:55:01,787 DEBUG [main] cache:45 - TemplateLoader.findTemplateSource("spark/partials/exception_en_IN.ftl"): Not found
2021-10-31 17:55:01,787 DEBUG [main] cache:45 - TemplateLoader.findTemplateSource("spark/partials/exception_en.ftl"): Not found
2021-10-31 17:55:01,788 DEBUG [main] cache:45 - TemplateLoader.findTemplateSource("spark/partials/exception.ftl"): Found
2021-10-31 17:55:01,788 DEBUG [main] cache:45 - Loading template for "spark/partials/exception.ftl"("en_IN", UTF-8, parsed) from "jar:file:/C:/Users/harsh/.m2/repository/com/aventstack/extentreports/5.0.8/extentreports-5.0.8.jar!/com/aventstack/extentreports/templates/spark/partials/exception.ftl"
2021-10-31 17:55:01,790 DEBUG [main] cache:45 - Couldn't find template in cache for "spark/partials/category.ftl"("en_IN", UTF-8, parsed); will try to load it.
2021-10-31 17:55:01,790 DEBUG [main] cache:45 - TemplateLoader.findTemplateSource("spark/partials/category_en_IN.ftl"): Not found
2021-10-31 17:55:01,791 DEBUG [main] cache:45 - TemplateLoader.findTemplateSource("spark/partials/category_en.ftl"): Not found
2021-10-31 17:55:01,791 DEBUG [main] cache:45 - TemplateLoader.findTemplateSource("spark/partials/category.ftl"): Found
2021-10-31 17:55:01,791 DEBUG [main] cache:45 - Loading template for "spark/partials/category.ftl"("en_IN", UTF-8, parsed) from "jar:file:/C:/Users/harsh/.m2/repository/com/aventstack/extentreports/5.0.8/extentreports-5.0.8.jar!/com/aventstack/extentreports/templates/spark/partials/category.ftl"
2021-10-31 17:55:01,791 DEBUG [main] cache:45 - Couldn't find template in cache for "spark/partials/device.ftl"("en_IN", UTF-8, parsed); will try to load it.
2021-10-31 17:55:01,792 DEBUG [main] cache:45 - TemplateLoader.findTemplateSource("spark/partials/device_en_IN.ftl"): Not found
2021-10-31 17:55:01,792 DEBUG [main] cache:45 - TemplateLoader.findTemplateSource("spark/partials/device_en.ftl"): Not found
2021-10-31 17:55:01,792 DEBUG [main] cache:45 - TemplateLoader.findTemplateSource("spark/partials/device.ftl"): Found
2021-10-31 17:55:01,792 DEBUG [main] cache:45 - Loading template for "spark/partials/device.ftl"("en_IN", UTF-8, parsed) from "jar:file:/C:/Users/harsh/.m2/repository/com/aventstack/extentreports/5.0.8/extentreports-5.0.8.jar!/com/aventstack/extentreports/templates/spark/partials/device.ftl"
2021-10-31 17:55:01,793 DEBUG [main] cache:45 - Couldn't find template in cache for "spark/partials/author.ftl"("en_IN", UTF-8, parsed); will try to load it.
2021-10-31 17:55:01,793 DEBUG [main] cache:45 - TemplateLoader.findTemplateSource("spark/partials/author_en_IN.ftl"): Not found
2021-10-31 17:55:01,793 DEBUG [main] cache:45 - TemplateLoader.findTemplateSource("spark/partials/author_en.ftl"): Not found
2021-10-31 17:55:01,793 DEBUG [main] cache:45 - TemplateLoader.findTemplateSource("spark/partials/author.ftl"): Found
2021-10-31 17:55:01,793 DEBUG [main] cache:45 - Loading template for "spark/partials/author.ftl"("en_IN", UTF-8, parsed) from "jar:file:/C:/Users/harsh/.m2/repository/com/aventstack/extentreports/5.0.8/extentreports-5.0.8.jar!/com/aventstack/extentreports/templates/spark/partials/author.ftl"
2021-10-31 17:55:01,794 DEBUG [main] cache:45 - Couldn't find template in cache for "spark/partials/log.ftl"("en_IN", UTF-8, parsed); will try to load it.
2021-10-31 17:55:01,794 DEBUG [main] cache:45 - TemplateLoader.findTemplateSource("spark/partials/log_en_IN.ftl"): Not found
2021-10-31 17:55:01,795 DEBUG [main] cache:45 - TemplateLoader.findTemplateSource("spark/partials/log_en.ftl"): Not found
2021-10-31 17:55:01,795 DEBUG [main] cache:45 - TemplateLoader.findTemplateSource("spark/partials/log.ftl"): Found
2021-10-31 17:55:01,795 DEBUG [main] cache:45 - Loading template for "spark/partials/log.ftl"("en_IN", UTF-8, parsed) from "jar:file:/C:/Users/harsh/.m2/repository/com/aventstack/extentreports/5.0.8/extentreports-5.0.8.jar!/com/aventstack/extentreports/templates/spark/partials/log.ftl"
2021-10-31 17:55:01,796 DEBUG [main] cache:45 - Couldn't find template in cache for "spark/partials/dashboard.ftl"("en_IN", UTF-8, parsed); will try to load it.
2021-10-31 17:55:01,796 DEBUG [main] cache:45 - TemplateLoader.findTemplateSource("spark/partials/dashboard_en_IN.ftl"): Not found
2021-10-31 17:55:01,797 DEBUG [main] cache:45 - TemplateLoader.findTemplateSource("spark/partials/dashboard_en.ftl"): Not found
2021-10-31 17:55:01,797 DEBUG [main] cache:45 - TemplateLoader.findTemplateSource("spark/partials/dashboard.ftl"): Found
2021-10-31 17:55:01,797 DEBUG [main] cache:45 - Loading template for "spark/partials/dashboard.ftl"("en_IN", UTF-8, parsed) from "jar:file:/C:/Users/harsh/.m2/repository/com/aventstack/extentreports/5.0.8/extentreports-5.0.8.jar!/com/aventstack/extentreports/templates/spark/partials/dashboard.ftl"
2021-10-31 17:55:01,817 DEBUG [main] cache:45 - Couldn't find template in cache for "spark/partials/scripts.ftl"("en_IN", UTF-8, parsed); will try to load it.
2021-10-31 17:55:01,818 DEBUG [main] cache:45 - TemplateLoader.findTemplateSource("spark/partials/scripts_en_IN.ftl"): Not found
2021-10-31 17:55:01,818 DEBUG [main] cache:45 - TemplateLoader.findTemplateSource("spark/partials/scripts_en.ftl"): Not found
2021-10-31 17:55:01,818 DEBUG [main] cache:45 - TemplateLoader.findTemplateSource("spark/partials/scripts.ftl"): Found
2021-10-31 17:55:01,819 DEBUG [main] cache:45 - Loading template for "spark/partials/scripts.ftl"("en_IN", UTF-8, parsed) from "jar:file:/C:/Users/harsh/.m2/repository/com/aventstack/extentreports/5.0.8/extentreports-5.0.8.jar!/com/aventstack/extentreports/templates/spark/partials/scripts.ftl"
2021-10-31 17:55:01,820 DEBUG [main] cache:45 - Couldn't find template in cache for "commons/commons-inject-js.ftl"("en_IN", UTF-8, parsed); will try to load it.
2021-10-31 17:55:01,820 DEBUG [main] cache:45 - TemplateLoader.findTemplateSource("commons/commons-inject-js_en_IN.ftl"): Not found
2021-10-31 17:55:01,820 DEBUG [main] cache:45 - TemplateLoader.findTemplateSource("commons/commons-inject-js_en.ftl"): Not found
2021-10-31 17:55:01,821 DEBUG [main] cache:45 - TemplateLoader.findTemplateSource("commons/commons-inject-js.ftl"): Found
2021-10-31 17:55:01,821 DEBUG [main] cache:45 - Loading template for "commons/commons-inject-js.ftl"("en_IN", UTF-8, parsed) from "jar:file:/C:/Users/harsh/.m2/repository/com/aventstack/extentreports/5.0.8/extentreports-5.0.8.jar!/com/aventstack/extentreports/templates/commons/commons-inject-js.ftl"
2021-10-31 18:07:02,295  INFO [main] Baseclass:42 - test suite is started
2021-10-31 18:07:02,329  INFO [main] Baseclass:30 - Initializing Browser
2021-10-31 18:07:04,583  INFO [main] Baseclass:37 - Maximizing Browser
2021-10-31 18:07:04,724  INFO [main] Baseclass:39 - Applying common waits to browser
2021-10-31 18:07:04,825  INFO [main] Baseclass:23 - Testcase failed with name: Handlepoup
2021-10-31 18:07:04,826  INFO [main] Baseclass:24 - java.lang.NullPointerException: Cannot invoke "com.aventstack.extentreports.ExtentReports.createTest(String)" because "com.listner.Listnerex.report" is null
2021-10-31 18:07:04,832  INFO [main] Baseclass:23 - Testcase failed with name: Handlepoup
2021-10-31 18:07:04,832  INFO [main] Baseclass:24 - java.lang.NullPointerException: Cannot invoke "com.aventstack.extentreports.ExtentTest.log(com.aventstack.extentreports.Status, String)" because "com.listner.Listnerex.test" is null
2021-10-31 18:07:04,884  INFO [main] Baseclass:47 - test suite is finished
2021-10-31 18:09:42,207  INFO [main] Baseclass:42 - test suite is started
2021-10-31 18:09:42,249  INFO [main] Baseclass:13 - Testcase ready to sdtart with name: Handlepoup
2021-10-31 18:09:42,251  INFO [main] Baseclass:32 - Testcase skipped with name: Handlepoup
2021-10-31 18:09:42,257  INFO [main] Baseclass:13 - Testcase ready to sdtart with name: NewRegister
2021-10-31 18:09:42,261  INFO [main] Baseclass:32 - Testcase skipped with name: NewRegister
2021-10-31 18:09:42,266  INFO [main] Baseclass:13 - Testcase ready to sdtart with name: ValidLogin
2021-10-31 18:09:42,269  INFO [main] Baseclass:32 - Testcase skipped with name: ValidLogin
2021-10-31 18:09:42,276  INFO [main] Baseclass:13 - Testcase ready to sdtart with name: checktext1
2021-10-31 18:09:42,279  INFO [main] Baseclass:32 - Testcase skipped with name: checktext1
2021-10-31 18:09:42,287  INFO [main] Baseclass:13 - Testcase ready to sdtart with name: Checktitle
2021-10-31 18:09:42,290  INFO [main] Baseclass:32 - Testcase skipped with name: Checktitle
2021-10-31 18:09:42,296  INFO [main] Baseclass:13 - Testcase ready to sdtart with name: checkimage
2021-10-31 18:09:42,297  INFO [main] Baseclass:32 - Testcase skipped with name: checkimage
2021-10-31 18:09:42,303  INFO [main] Baseclass:13 - Testcase ready to sdtart with name: verifycourses
2021-10-31 18:09:42,306  INFO [main] Baseclass:32 - Testcase skipped with name: verifycourses
2021-10-31 18:09:42,311  INFO [main] Baseclass:13 - Testcase ready to sdtart with name: TestcaseTitle
2021-10-31 18:09:42,313  INFO [main] Baseclass:32 - Testcase skipped with name: TestcaseTitle
2021-10-31 18:09:42,317  INFO [main] Baseclass:13 - Testcase ready to sdtart with name: checkTitle
2021-10-31 18:09:42,318  INFO [main] Baseclass:32 - Testcase skipped with name: checkTitle
2021-10-31 18:09:42,322  INFO [main] Baseclass:13 - Testcase ready to sdtart with name: checkTitle
2021-10-31 18:09:42,323  INFO [main] Baseclass:32 - Testcase skipped with name: checkTitle
2021-10-31 18:09:42,382  INFO [main] Baseclass:47 - test suite is finished
2021-10-31 18:09:42,418 DEBUG [main] cache:45 - Couldn't find template in cache for "spark/spark.spa.ftl"("en_IN", UTF-8, parsed); will try to load it.
2021-10-31 18:09:42,418 DEBUG [main] cache:45 - TemplateLoader.findTemplateSource("spark/spark.spa_en_IN.ftl"): Not found
2021-10-31 18:09:42,420 DEBUG [main] cache:45 - TemplateLoader.findTemplateSource("spark/spark.spa_en.ftl"): Not found
2021-10-31 18:09:42,420 DEBUG [main] cache:45 - TemplateLoader.findTemplateSource("spark/spark.spa.ftl"): Found
2021-10-31 18:09:42,421 DEBUG [main] cache:45 - Loading template for "spark/spark.spa.ftl"("en_IN", UTF-8, parsed) from "jar:file:/C:/Users/harsh/.m2/repository/com/aventstack/extentreports/5.0.8/extentreports-5.0.8.jar!/com/aventstack/extentreports/templates/spark/spark.spa.ftl"
2021-10-31 18:09:42,469 DEBUG [main] cache:45 - Couldn't find template in cache for "commons/commons-variables.ftl"("en_IN", UTF-8, parsed); will try to load it.
2021-10-31 18:09:42,470 DEBUG [main] cache:45 - TemplateLoader.findTemplateSource("commons/commons-variables_en_IN.ftl"): Not found
2021-10-31 18:09:42,471 DEBUG [main] cache:45 - TemplateLoader.findTemplateSource("commons/commons-variables_en.ftl"): Not found
2021-10-31 18:09:42,473 DEBUG [main] cache:45 - TemplateLoader.findTemplateSource("commons/commons-variables.ftl"): Found
2021-10-31 18:09:42,474 DEBUG [main] cache:45 - Loading template for "commons/commons-variables.ftl"("en_IN", UTF-8, parsed) from "jar:file:/C:/Users/harsh/.m2/repository/com/aventstack/extentreports/5.0.8/extentreports-5.0.8.jar!/com/aventstack/extentreports/templates/commons/commons-variables.ftl"
2021-10-31 18:09:42,633 DEBUG [main] cache:45 - Couldn't find template in cache for "commons/commons-macros.ftl"("en_IN", UTF-8, parsed); will try to load it.
2021-10-31 18:09:42,634 DEBUG [main] cache:45 - TemplateLoader.findTemplateSource("commons/commons-macros_en_IN.ftl"): Not found
2021-10-31 18:09:42,635 DEBUG [main] cache:45 - TemplateLoader.findTemplateSource("commons/commons-macros_en.ftl"): Not found
2021-10-31 18:09:42,636 DEBUG [main] cache:45 - TemplateLoader.findTemplateSource("commons/commons-macros.ftl"): Found
2021-10-31 18:09:42,636 DEBUG [main] cache:45 - Loading template for "commons/commons-macros.ftl"("en_IN", UTF-8, parsed) from "jar:file:/C:/Users/harsh/.m2/repository/com/aventstack/extentreports/5.0.8/extentreports-5.0.8.jar!/com/aventstack/extentreports/templates/commons/commons-macros.ftl"
2021-10-31 18:09:42,645 DEBUG [main] cache:45 - Couldn't find template in cache for "spark/macros/attributes.ftl"("en_IN", UTF-8, parsed); will try to load it.
2021-10-31 18:09:42,646 DEBUG [main] cache:45 - TemplateLoader.findTemplateSource("spark/macros/attributes_en_IN.ftl"): Not found
2021-10-31 18:09:42,647 DEBUG [main] cache:45 - TemplateLoader.findTemplateSource("spark/macros/attributes_en.ftl"): Not found
2021-10-31 18:09:42,648 DEBUG [main] cache:45 - TemplateLoader.findTemplateSource("spark/macros/attributes.ftl"): Found
2021-10-31 18:09:42,648 DEBUG [main] cache:45 - Loading template for "spark/macros/attributes.ftl"("en_IN", UTF-8, parsed) from "jar:file:/C:/Users/harsh/.m2/repository/com/aventstack/extentreports/5.0.8/extentreports-5.0.8.jar!/com/aventstack/extentreports/templates/spark/macros/attributes.ftl"
2021-10-31 18:09:42,652 DEBUG [main] cache:45 - Couldn't find template in cache for "spark/macros/log.ftl"("en_IN", UTF-8, parsed); will try to load it.
2021-10-31 18:09:42,653 DEBUG [main] cache:45 - TemplateLoader.findTemplateSource("spark/macros/log_en_IN.ftl"): Not found
2021-10-31 18:09:42,654 DEBUG [main] cache:45 - TemplateLoader.findTemplateSource("spark/macros/log_en.ftl"): Not found
2021-10-31 18:09:42,655 DEBUG [main] cache:45 - TemplateLoader.findTemplateSource("spark/macros/log.ftl"): Found
2021-10-31 18:09:42,655 DEBUG [main] cache:45 - Loading template for "spark/macros/log.ftl"("en_IN", UTF-8, parsed) from "jar:file:/C:/Users/harsh/.m2/repository/com/aventstack/extentreports/5.0.8/extentreports-5.0.8.jar!/com/aventstack/extentreports/templates/spark/macros/log.ftl"
2021-10-31 18:09:42,658 DEBUG [main] cache:45 - Couldn't find template in cache for "spark/macros/recurse_nodes.ftl"("en_IN", UTF-8, parsed); will try to load it.
2021-10-31 18:09:42,659 DEBUG [main] cache:45 - TemplateLoader.findTemplateSource("spark/macros/recurse_nodes_en_IN.ftl"): Not found
2021-10-31 18:09:42,661 DEBUG [main] cache:45 - TemplateLoader.findTemplateSource("spark/macros/recurse_nodes_en.ftl"): Not found
2021-10-31 18:09:42,662 DEBUG [main] cache:45 - TemplateLoader.findTemplateSource("spark/macros/recurse_nodes.ftl"): Found
2021-10-31 18:09:42,662 DEBUG [main] cache:45 - Loading template for "spark/macros/recurse_nodes.ftl"("en_IN", UTF-8, parsed) from "jar:file:/C:/Users/harsh/.m2/repository/com/aventstack/extentreports/5.0.8/extentreports-5.0.8.jar!/com/aventstack/extentreports/templates/spark/macros/recurse_nodes.ftl"
2021-10-31 18:09:42,666 DEBUG [main] cache:45 - "spark/macros/log.ftl"("en_IN", UTF-8, parsed) cached copy not yet stale; using cached.
2021-10-31 18:09:42,666 DEBUG [main] cache:45 - Couldn't find template in cache for "spark/macros/attr-common.ftl"("en_IN", UTF-8, parsed); will try to load it.
2021-10-31 18:09:42,668 DEBUG [main] cache:45 - TemplateLoader.findTemplateSource("spark/macros/attr-common_en_IN.ftl"): Not found
2021-10-31 18:09:42,669 DEBUG [main] cache:45 - TemplateLoader.findTemplateSource("spark/macros/attr-common_en.ftl"): Not found
2021-10-31 18:09:42,670 DEBUG [main] cache:45 - TemplateLoader.findTemplateSource("spark/macros/attr-common.ftl"): Found
2021-10-31 18:09:42,672 DEBUG [main] cache:45 - Loading template for "spark/macros/attr-common.ftl"("en_IN", UTF-8, parsed) from "jar:file:/C:/Users/harsh/.m2/repository/com/aventstack/extentreports/5.0.8/extentreports-5.0.8.jar!/com/aventstack/extentreports/templates/spark/macros/attr-common.ftl"
2021-10-31 18:09:42,680 DEBUG [main] cache:45 - Couldn't find template in cache for "spark/partials/head.ftl"("en_IN", UTF-8, parsed); will try to load it.
2021-10-31 18:09:42,681 DEBUG [main] cache:45 - TemplateLoader.findTemplateSource("spark/partials/head_en_IN.ftl"): Not found
2021-10-31 18:09:42,682 DEBUG [main] cache:45 - TemplateLoader.findTemplateSource("spark/partials/head_en.ftl"): Not found
2021-10-31 18:09:42,682 DEBUG [main] cache:45 - TemplateLoader.findTemplateSource("spark/partials/head.ftl"): Found
2021-10-31 18:09:42,682 DEBUG [main] cache:45 - Loading template for "spark/partials/head.ftl"("en_IN", UTF-8, parsed) from "jar:file:/C:/Users/harsh/.m2/repository/com/aventstack/extentreports/5.0.8/extentreports-5.0.8.jar!/com/aventstack/extentreports/templates/spark/partials/head.ftl"
2021-10-31 18:09:42,686 DEBUG [main] cache:45 - Couldn't find template in cache for "commons/commons-inject-css.ftl"("en_IN", UTF-8, parsed); will try to load it.
2021-10-31 18:09:42,687 DEBUG [main] cache:45 - TemplateLoader.findTemplateSource("commons/commons-inject-css_en_IN.ftl"): Not found
2021-10-31 18:09:42,688 DEBUG [main] cache:45 - TemplateLoader.findTemplateSource("commons/commons-inject-css_en.ftl"): Not found
2021-10-31 18:09:42,690 DEBUG [main] cache:45 - TemplateLoader.findTemplateSource("commons/commons-inject-css.ftl"): Found
2021-10-31 18:09:42,690 DEBUG [main] cache:45 - Loading template for "commons/commons-inject-css.ftl"("en_IN", UTF-8, parsed) from "jar:file:/C:/Users/harsh/.m2/repository/com/aventstack/extentreports/5.0.8/extentreports-5.0.8.jar!/com/aventstack/extentreports/templates/commons/commons-inject-css.ftl"
2021-10-31 18:09:42,691 DEBUG [main] cache:45 - Couldn't find template in cache for "spark/partials/navbar.ftl"("en_IN", UTF-8, parsed); will try to load it.
2021-10-31 18:09:42,692 DEBUG [main] cache:45 - TemplateLoader.findTemplateSource("spark/partials/navbar_en_IN.ftl"): Not found
2021-10-31 18:09:42,693 DEBUG [main] cache:45 - TemplateLoader.findTemplateSource("spark/partials/navbar_en.ftl"): Not found
2021-10-31 18:09:42,694 DEBUG [main] cache:45 - TemplateLoader.findTemplateSource("spark/partials/navbar.ftl"): Found
2021-10-31 18:09:42,694 DEBUG [main] cache:45 - Loading template for "spark/partials/navbar.ftl"("en_IN", UTF-8, parsed) from "jar:file:/C:/Users/harsh/.m2/repository/com/aventstack/extentreports/5.0.8/extentreports-5.0.8.jar!/com/aventstack/extentreports/templates/spark/partials/navbar.ftl"
2021-10-31 18:09:42,707 DEBUG [main] cache:45 - Couldn't find template in cache for "spark/partials/sidenav.ftl"("en_IN", UTF-8, parsed); will try to load it.
2021-10-31 18:09:42,708 DEBUG [main] cache:45 - TemplateLoader.findTemplateSource("spark/partials/sidenav_en_IN.ftl"): Not found
2021-10-31 18:09:42,708 DEBUG [main] cache:45 - TemplateLoader.findTemplateSource("spark/partials/sidenav_en.ftl"): Not found
2021-10-31 18:09:42,709 DEBUG [main] cache:45 - TemplateLoader.findTemplateSource("spark/partials/sidenav.ftl"): Found
2021-10-31 18:09:42,709 DEBUG [main] cache:45 - Loading template for "spark/partials/sidenav.ftl"("en_IN", UTF-8, parsed) from "jar:file:/C:/Users/harsh/.m2/repository/com/aventstack/extentreports/5.0.8/extentreports-5.0.8.jar!/com/aventstack/extentreports/templates/spark/partials/sidenav.ftl"
2021-10-31 18:09:42,728 DEBUG [main] cache:45 - Couldn't find template in cache for "spark/partials/test.ftl"("en_IN", UTF-8, parsed); will try to load it.
2021-10-31 18:09:42,731 DEBUG [main] cache:45 - TemplateLoader.findTemplateSource("spark/partials/test_en_IN.ftl"): Not found
2021-10-31 18:09:42,732 DEBUG [main] cache:45 - TemplateLoader.findTemplateSource("spark/partials/test_en.ftl"): Not found
2021-10-31 18:09:42,733 DEBUG [main] cache:45 - TemplateLoader.findTemplateSource("spark/partials/test.ftl"): Found
2021-10-31 18:09:42,733 DEBUG [main] cache:45 - Loading template for "spark/partials/test.ftl"("en_IN", UTF-8, parsed) from "jar:file:/C:/Users/harsh/.m2/repository/com/aventstack/extentreports/5.0.8/extentreports-5.0.8.jar!/com/aventstack/extentreports/templates/spark/partials/test.ftl"
2021-10-31 18:09:42,756 DEBUG [main] cache:45 - Couldn't find template in cache for "spark/partials/standard-content.ftl"("en_IN", UTF-8, parsed); will try to load it.
2021-10-31 18:09:42,756 DEBUG [main] cache:45 - TemplateLoader.findTemplateSource("spark/partials/standard-content_en_IN.ftl"): Not found
2021-10-31 18:09:42,757 DEBUG [main] cache:45 - TemplateLoader.findTemplateSource("spark/partials/standard-content_en.ftl"): Not found
2021-10-31 18:09:42,758 DEBUG [main] cache:45 - TemplateLoader.findTemplateSource("spark/partials/standard-content.ftl"): Found
2021-10-31 18:09:42,758 DEBUG [main] cache:45 - Loading template for "spark/partials/standard-content.ftl"("en_IN", UTF-8, parsed) from "jar:file:/C:/Users/harsh/.m2/repository/com/aventstack/extentreports/5.0.8/extentreports-5.0.8.jar!/com/aventstack/extentreports/templates/spark/partials/standard-content.ftl"
2021-10-31 18:09:42,765 DEBUG [main] cache:45 - "spark/partials/standard-content.ftl"("en_IN", UTF-8, parsed) cached copy not yet stale; using cached.
2021-10-31 18:09:42,767 DEBUG [main] cache:45 - "spark/partials/standard-content.ftl"("en_IN", UTF-8, parsed) cached copy not yet stale; using cached.
2021-10-31 18:09:42,768 DEBUG [main] cache:45 - "spark/partials/standard-content.ftl"("en_IN", UTF-8, parsed) cached copy not yet stale; using cached.
2021-10-31 18:09:42,770 DEBUG [main] cache:45 - "spark/partials/standard-content.ftl"("en_IN", UTF-8, parsed) cached copy not yet stale; using cached.
2021-10-31 18:09:42,773 DEBUG [main] cache:45 - "spark/partials/standard-content.ftl"("en_IN", UTF-8, parsed) cached copy not yet stale; using cached.
2021-10-31 18:09:42,774 DEBUG [main] cache:45 - "spark/partials/standard-content.ftl"("en_IN", UTF-8, parsed) cached copy not yet stale; using cached.
2021-10-31 18:09:42,776 DEBUG [main] cache:45 - "spark/partials/standard-content.ftl"("en_IN", UTF-8, parsed) cached copy not yet stale; using cached.
2021-10-31 18:09:42,777 DEBUG [main] cache:45 - "spark/partials/standard-content.ftl"("en_IN", UTF-8, parsed) cached copy not yet stale; using cached.
2021-10-31 18:09:42,779 DEBUG [main] cache:45 - "spark/partials/standard-content.ftl"("en_IN", UTF-8, parsed) cached copy not yet stale; using cached.
2021-10-31 18:09:42,779 DEBUG [main] cache:45 - Couldn't find template in cache for "spark/partials/exception.ftl"("en_IN", UTF-8, parsed); will try to load it.
2021-10-31 18:09:42,780 DEBUG [main] cache:45 - TemplateLoader.findTemplateSource("spark/partials/exception_en_IN.ftl"): Not found
2021-10-31 18:09:42,781 DEBUG [main] cache:45 - TemplateLoader.findTemplateSource("spark/partials/exception_en.ftl"): Not found
2021-10-31 18:09:42,782 DEBUG [main] cache:45 - TemplateLoader.findTemplateSource("spark/partials/exception.ftl"): Found
2021-10-31 18:09:42,782 DEBUG [main] cache:45 - Loading template for "spark/partials/exception.ftl"("en_IN", UTF-8, parsed) from "jar:file:/C:/Users/harsh/.m2/repository/com/aventstack/extentreports/5.0.8/extentreports-5.0.8.jar!/com/aventstack/extentreports/templates/spark/partials/exception.ftl"
2021-10-31 18:09:42,784 DEBUG [main] cache:45 - Couldn't find template in cache for "spark/partials/category.ftl"("en_IN", UTF-8, parsed); will try to load it.
2021-10-31 18:09:42,786 DEBUG [main] cache:45 - TemplateLoader.findTemplateSource("spark/partials/category_en_IN.ftl"): Not found
2021-10-31 18:09:42,788 DEBUG [main] cache:45 - TemplateLoader.findTemplateSource("spark/partials/category_en.ftl"): Not found
2021-10-31 18:09:42,788 DEBUG [main] cache:45 - TemplateLoader.findTemplateSource("spark/partials/category.ftl"): Found
2021-10-31 18:09:42,789 DEBUG [main] cache:45 - Loading template for "spark/partials/category.ftl"("en_IN", UTF-8, parsed) from "jar:file:/C:/Users/harsh/.m2/repository/com/aventstack/extentreports/5.0.8/extentreports-5.0.8.jar!/com/aventstack/extentreports/templates/spark/partials/category.ftl"
2021-10-31 18:09:42,790 DEBUG [main] cache:45 - Couldn't find template in cache for "spark/partials/device.ftl"("en_IN", UTF-8, parsed); will try to load it.
2021-10-31 18:09:42,791 DEBUG [main] cache:45 - TemplateLoader.findTemplateSource("spark/partials/device_en_IN.ftl"): Not found
2021-10-31 18:09:42,792 DEBUG [main] cache:45 - TemplateLoader.findTemplateSource("spark/partials/device_en.ftl"): Not found
2021-10-31 18:09:42,792 DEBUG [main] cache:45 - TemplateLoader.findTemplateSource("spark/partials/device.ftl"): Found
2021-10-31 18:09:42,792 DEBUG [main] cache:45 - Loading template for "spark/partials/device.ftl"("en_IN", UTF-8, parsed) from "jar:file:/C:/Users/harsh/.m2/repository/com/aventstack/extentreports/5.0.8/extentreports-5.0.8.jar!/com/aventstack/extentreports/templates/spark/partials/device.ftl"
2021-10-31 18:09:42,793 DEBUG [main] cache:45 - Couldn't find template in cache for "spark/partials/author.ftl"("en_IN", UTF-8, parsed); will try to load it.
2021-10-31 18:09:42,794 DEBUG [main] cache:45 - TemplateLoader.findTemplateSource("spark/partials/author_en_IN.ftl"): Not found
2021-10-31 18:09:42,794 DEBUG [main] cache:45 - TemplateLoader.findTemplateSource("spark/partials/author_en.ftl"): Not found
2021-10-31 18:09:42,795 DEBUG [main] cache:45 - TemplateLoader.findTemplateSource("spark/partials/author.ftl"): Found
2021-10-31 18:09:42,795 DEBUG [main] cache:45 - Loading template for "spark/partials/author.ftl"("en_IN", UTF-8, parsed) from "jar:file:/C:/Users/harsh/.m2/repository/com/aventstack/extentreports/5.0.8/extentreports-5.0.8.jar!/com/aventstack/extentreports/templates/spark/partials/author.ftl"
2021-10-31 18:09:42,797 DEBUG [main] cache:45 - Couldn't find template in cache for "spark/partials/log.ftl"("en_IN", UTF-8, parsed); will try to load it.
2021-10-31 18:09:42,797 DEBUG [main] cache:45 - TemplateLoader.findTemplateSource("spark/partials/log_en_IN.ftl"): Not found
2021-10-31 18:09:42,798 DEBUG [main] cache:45 - TemplateLoader.findTemplateSource("spark/partials/log_en.ftl"): Not found
2021-10-31 18:09:42,799 DEBUG [main] cache:45 - TemplateLoader.findTemplateSource("spark/partials/log.ftl"): Found
2021-10-31 18:09:42,800 DEBUG [main] cache:45 - Loading template for "spark/partials/log.ftl"("en_IN", UTF-8, parsed) from "jar:file:/C:/Users/harsh/.m2/repository/com/aventstack/extentreports/5.0.8/extentreports-5.0.8.jar!/com/aventstack/extentreports/templates/spark/partials/log.ftl"
2021-10-31 18:09:42,802 DEBUG [main] cache:45 - Couldn't find template in cache for "spark/partials/dashboard.ftl"("en_IN", UTF-8, parsed); will try to load it.
2021-10-31 18:09:42,802 DEBUG [main] cache:45 - TemplateLoader.findTemplateSource("spark/partials/dashboard_en_IN.ftl"): Not found
2021-10-31 18:09:42,803 DEBUG [main] cache:45 - TemplateLoader.findTemplateSource("spark/partials/dashboard_en.ftl"): Not found
2021-10-31 18:09:42,805 DEBUG [main] cache:45 - TemplateLoader.findTemplateSource("spark/partials/dashboard.ftl"): Found
2021-10-31 18:09:42,806 DEBUG [main] cache:45 - Loading template for "spark/partials/dashboard.ftl"("en_IN", UTF-8, parsed) from "jar:file:/C:/Users/harsh/.m2/repository/com/aventstack/extentreports/5.0.8/extentreports-5.0.8.jar!/com/aventstack/extentreports/templates/spark/partials/dashboard.ftl"
2021-10-31 18:09:42,855 DEBUG [main] cache:45 - Couldn't find template in cache for "spark/partials/scripts.ftl"("en_IN", UTF-8, parsed); will try to load it.
2021-10-31 18:09:42,858 DEBUG [main] cache:45 - TemplateLoader.findTemplateSource("spark/partials/scripts_en_IN.ftl"): Not found
2021-10-31 18:09:42,860 DEBUG [main] cache:45 - TemplateLoader.findTemplateSource("spark/partials/scripts_en.ftl"): Not found
2021-10-31 18:09:42,862 DEBUG [main] cache:45 - TemplateLoader.findTemplateSource("spark/partials/scripts.ftl"): Found
2021-10-31 18:09:42,864 DEBUG [main] cache:45 - Loading template for "spark/partials/scripts.ftl"("en_IN", UTF-8, parsed) from "jar:file:/C:/Users/harsh/.m2/repository/com/aventstack/extentreports/5.0.8/extentreports-5.0.8.jar!/com/aventstack/extentreports/templates/spark/partials/scripts.ftl"
2021-10-31 18:09:42,867 DEBUG [main] cache:45 - Couldn't find template in cache for "commons/commons-inject-js.ftl"("en_IN", UTF-8, parsed); will try to load it.
2021-10-31 18:09:42,867 DEBUG [main] cache:45 - TemplateLoader.findTemplateSource("commons/commons-inject-js_en_IN.ftl"): Not found
2021-10-31 18:09:42,868 DEBUG [main] cache:45 - TemplateLoader.findTemplateSource("commons/commons-inject-js_en.ftl"): Not found
2021-10-31 18:09:42,868 DEBUG [main] cache:45 - TemplateLoader.findTemplateSource("commons/commons-inject-js.ftl"): Found
2021-10-31 18:09:42,868 DEBUG [main] cache:45 - Loading template for "commons/commons-inject-js.ftl"("en_IN", UTF-8, parsed) from "jar:file:/C:/Users/harsh/.m2/repository/com/aventstack/extentreports/5.0.8/extentreports-5.0.8.jar!/com/aventstack/extentreports/templates/commons/commons-inject-js.ftl"
2021-10-31 18:10:28,444  INFO [main] Baseclass:42 - test suite is started
2021-10-31 18:10:28,478  INFO [main] Baseclass:30 - Initializing Browser
2021-10-31 18:10:30,885  INFO [main] Baseclass:37 - Maximizing Browser
2021-10-31 18:10:31,027  INFO [main] Baseclass:39 - Applying common waits to browser
2021-10-31 18:10:31,091  INFO [main] Baseclass:13 - Testcase ready to sdtart with name: Handlepoup
2021-10-31 18:10:31,710  INFO [main] Baseclass:18 - Testcase passed successfully with name: Handlepoup
2021-10-31 18:10:31,788  INFO [main] Baseclass:30 - Initializing Browser
2021-10-31 18:10:33,340  INFO [main] Baseclass:37 - Maximizing Browser
2021-10-31 18:10:33,480  INFO [main] Baseclass:39 - Applying common waits to browser
2021-10-31 18:10:33,491  INFO [main] Baseclass:13 - Testcase ready to sdtart with name: NewRegister
2021-10-31 18:10:33,665  INFO [main] Baseclass:18 - Testcase passed successfully with name: NewRegister
2021-10-31 18:10:33,732  INFO [main] Baseclass:30 - Initializing Browser
2021-10-31 18:10:35,475  INFO [main] Baseclass:37 - Maximizing Browser
2021-10-31 18:10:35,597  INFO [main] Baseclass:39 - Applying common waits to browser
2021-10-31 18:10:35,608  INFO [main] Baseclass:13 - Testcase ready to sdtart with name: ValidLogin
2021-10-31 18:10:35,620  INFO [main] Baseclass:23 - Testcase failed with name: ValidLogin
2021-10-31 18:10:35,622  INFO [main] Baseclass:24 - java.lang.AssertionError: expected:<JavaByKiran | Log in> but was:<JavaByKiran | Log>
2021-10-31 18:10:35,919  INFO [main] Baseclass:30 - Initializing Browser
2021-10-31 18:10:37,540  INFO [main] Baseclass:37 - Maximizing Browser
2021-10-31 18:10:37,669  INFO [main] Baseclass:39 - Applying common waits to browser
2021-10-31 18:10:37,681  INFO [main] Baseclass:13 - Testcase ready to sdtart with name: checktext1
2021-10-31 18:10:37,740  INFO [main] Baseclass:18 - Testcase passed successfully with name: checktext1
2021-10-31 18:10:37,807  INFO [main] Baseclass:30 - Initializing Browser
2021-10-31 18:10:39,287  INFO [main] Baseclass:37 - Maximizing Browser
2021-10-31 18:10:39,408  INFO [main] Baseclass:39 - Applying common waits to browser
2021-10-31 18:10:40,832  INFO [main] Baseclass:13 - Testcase ready to sdtart with name: Checktitle
2021-10-31 18:10:40,839  INFO [main] Baseclass:18 - Testcase passed successfully with name: Checktitle
2021-10-31 18:10:40,897  INFO [main] Baseclass:30 - Initializing Browser
2021-10-31 18:10:42,332  INFO [main] Baseclass:37 - Maximizing Browser
2021-10-31 18:10:42,466  INFO [main] Baseclass:39 - Applying common waits to browser
2021-10-31 18:10:43,766  INFO [main] Baseclass:13 - Testcase ready to sdtart with name: checkimage
2021-10-31 18:10:43,877  INFO [main] Baseclass:18 - Testcase passed successfully with name: checkimage
2021-10-31 18:10:43,961  INFO [main] Baseclass:30 - Initializing Browser
2021-10-31 18:10:45,519  INFO [main] Baseclass:37 - Maximizing Browser
2021-10-31 18:10:45,640  INFO [main] Baseclass:39 - Applying common waits to browser
2021-10-31 18:10:46,694  INFO [main] Baseclass:13 - Testcase ready to sdtart with name: verifycourses
2021-10-31 18:10:46,789  INFO [main] Baseclass:18 - Testcase passed successfully with name: verifycourses
2021-10-31 18:10:46,853  INFO [main] Baseclass:30 - Initializing Browser
2021-10-31 18:10:48,376  INFO [main] Baseclass:37 - Maximizing Browser
2021-10-31 18:10:48,501  INFO [main] Baseclass:39 - Applying common waits to browser
2021-10-31 18:10:49,862  INFO [main] Baseclass:13 - Testcase ready to sdtart with name: TestcaseTitle
2021-10-31 18:10:49,869  INFO [main] Baseclass:18 - Testcase passed successfully with name: TestcaseTitle
2021-10-31 18:10:49,934  INFO [main] Baseclass:30 - Initializing Browser
2021-10-31 18:10:51,395  INFO [main] Baseclass:37 - Maximizing Browser
2021-10-31 18:10:51,527  INFO [main] Baseclass:39 - Applying common waits to browser
2021-10-31 18:10:52,912  INFO [main] Baseclass:13 - Testcase ready to sdtart with name: checkTitle
2021-10-31 18:10:52,920  INFO [main] Baseclass:18 - Testcase passed successfully with name: checkTitle
2021-10-31 18:10:52,982  INFO [main] Baseclass:30 - Initializing Browser
2021-10-31 18:10:54,522  INFO [main] Baseclass:37 - Maximizing Browser
2021-10-31 18:10:54,657  INFO [main] Baseclass:39 - Applying common waits to browser
2021-10-31 18:10:56,630  INFO [main] Baseclass:13 - Testcase ready to sdtart with name: checkTitle
2021-10-31 18:10:56,637  INFO [main] Baseclass:18 - Testcase passed successfully with name: checkTitle
2021-10-31 18:10:56,744  INFO [main] Baseclass:47 - test suite is finished
2021-10-31 18:10:56,778 DEBUG [main] cache:45 - Couldn't find template in cache for "spark/spark.spa.ftl"("en_IN", UTF-8, parsed); will try to load it.
2021-10-31 18:10:56,780 DEBUG [main] cache:45 - TemplateLoader.findTemplateSource("spark/spark.spa_en_IN.ftl"): Not found
2021-10-31 18:10:56,781 DEBUG [main] cache:45 - TemplateLoader.findTemplateSource("spark/spark.spa_en.ftl"): Not found
2021-10-31 18:10:56,783 DEBUG [main] cache:45 - TemplateLoader.findTemplateSource("spark/spark.spa.ftl"): Found
2021-10-31 18:10:56,784 DEBUG [main] cache:45 - Loading template for "spark/spark.spa.ftl"("en_IN", UTF-8, parsed) from "jar:file:/C:/Users/harsh/.m2/repository/com/aventstack/extentreports/5.0.8/extentreports-5.0.8.jar!/com/aventstack/extentreports/templates/spark/spark.spa.ftl"
2021-10-31 18:10:56,846 DEBUG [main] cache:45 - Couldn't find template in cache for "commons/commons-variables.ftl"("en_IN", UTF-8, parsed); will try to load it.
2021-10-31 18:10:56,847 DEBUG [main] cache:45 - TemplateLoader.findTemplateSource("commons/commons-variables_en_IN.ftl"): Not found
2021-10-31 18:10:56,847 DEBUG [main] cache:45 - TemplateLoader.findTemplateSource("commons/commons-variables_en.ftl"): Not found
2021-10-31 18:10:56,848 DEBUG [main] cache:45 - TemplateLoader.findTemplateSource("commons/commons-variables.ftl"): Found
2021-10-31 18:10:56,849 DEBUG [main] cache:45 - Loading template for "commons/commons-variables.ftl"("en_IN", UTF-8, parsed) from "jar:file:/C:/Users/harsh/.m2/repository/com/aventstack/extentreports/5.0.8/extentreports-5.0.8.jar!/com/aventstack/extentreports/templates/commons/commons-variables.ftl"
2021-10-31 18:10:56,950 DEBUG [main] cache:45 - Couldn't find template in cache for "commons/commons-macros.ftl"("en_IN", UTF-8, parsed); will try to load it.
2021-10-31 18:10:56,951 DEBUG [main] cache:45 - TemplateLoader.findTemplateSource("commons/commons-macros_en_IN.ftl"): Not found
2021-10-31 18:10:56,953 DEBUG [main] cache:45 - TemplateLoader.findTemplateSource("commons/commons-macros_en.ftl"): Not found
2021-10-31 18:10:56,954 DEBUG [main] cache:45 - TemplateLoader.findTemplateSource("commons/commons-macros.ftl"): Found
2021-10-31 18:10:56,954 DEBUG [main] cache:45 - Loading template for "commons/commons-macros.ftl"("en_IN", UTF-8, parsed) from "jar:file:/C:/Users/harsh/.m2/repository/com/aventstack/extentreports/5.0.8/extentreports-5.0.8.jar!/com/aventstack/extentreports/templates/commons/commons-macros.ftl"
2021-10-31 18:10:56,965 DEBUG [main] cache:45 - Couldn't find template in cache for "spark/macros/attributes.ftl"("en_IN", UTF-8, parsed); will try to load it.
2021-10-31 18:10:56,968 DEBUG [main] cache:45 - TemplateLoader.findTemplateSource("spark/macros/attributes_en_IN.ftl"): Not found
2021-10-31 18:10:56,970 DEBUG [main] cache:45 - TemplateLoader.findTemplateSource("spark/macros/attributes_en.ftl"): Not found
2021-10-31 18:10:56,973 DEBUG [main] cache:45 - TemplateLoader.findTemplateSource("spark/macros/attributes.ftl"): Found
2021-10-31 18:10:56,974 DEBUG [main] cache:45 - Loading template for "spark/macros/attributes.ftl"("en_IN", UTF-8, parsed) from "jar:file:/C:/Users/harsh/.m2/repository/com/aventstack/extentreports/5.0.8/extentreports-5.0.8.jar!/com/aventstack/extentreports/templates/spark/macros/attributes.ftl"
2021-10-31 18:10:56,978 DEBUG [main] cache:45 - Couldn't find template in cache for "spark/macros/log.ftl"("en_IN", UTF-8, parsed); will try to load it.
2021-10-31 18:10:56,979 DEBUG [main] cache:45 - TemplateLoader.findTemplateSource("spark/macros/log_en_IN.ftl"): Not found
2021-10-31 18:10:56,980 DEBUG [main] cache:45 - TemplateLoader.findTemplateSource("spark/macros/log_en.ftl"): Not found
2021-10-31 18:10:56,981 DEBUG [main] cache:45 - TemplateLoader.findTemplateSource("spark/macros/log.ftl"): Found
2021-10-31 18:10:56,981 DEBUG [main] cache:45 - Loading template for "spark/macros/log.ftl"("en_IN", UTF-8, parsed) from "jar:file:/C:/Users/harsh/.m2/repository/com/aventstack/extentreports/5.0.8/extentreports-5.0.8.jar!/com/aventstack/extentreports/templates/spark/macros/log.ftl"
2021-10-31 18:10:56,984 DEBUG [main] cache:45 - Couldn't find template in cache for "spark/macros/recurse_nodes.ftl"("en_IN", UTF-8, parsed); will try to load it.
2021-10-31 18:10:56,985 DEBUG [main] cache:45 - TemplateLoader.findTemplateSource("spark/macros/recurse_nodes_en_IN.ftl"): Not found
2021-10-31 18:10:56,986 DEBUG [main] cache:45 - TemplateLoader.findTemplateSource("spark/macros/recurse_nodes_en.ftl"): Not found
2021-10-31 18:10:56,987 DEBUG [main] cache:45 - TemplateLoader.findTemplateSource("spark/macros/recurse_nodes.ftl"): Found
2021-10-31 18:10:56,987 DEBUG [main] cache:45 - Loading template for "spark/macros/recurse_nodes.ftl"("en_IN", UTF-8, parsed) from "jar:file:/C:/Users/harsh/.m2/repository/com/aventstack/extentreports/5.0.8/extentreports-5.0.8.jar!/com/aventstack/extentreports/templates/spark/macros/recurse_nodes.ftl"
2021-10-31 18:10:56,991 DEBUG [main] cache:45 - "spark/macros/log.ftl"("en_IN", UTF-8, parsed) cached copy not yet stale; using cached.
2021-10-31 18:10:56,992 DEBUG [main] cache:45 - Couldn't find template in cache for "spark/macros/attr-common.ftl"("en_IN", UTF-8, parsed); will try to load it.
2021-10-31 18:10:56,993 DEBUG [main] cache:45 - TemplateLoader.findTemplateSource("spark/macros/attr-common_en_IN.ftl"): Not found
2021-10-31 18:10:56,993 DEBUG [main] cache:45 - TemplateLoader.findTemplateSource("spark/macros/attr-common_en.ftl"): Not found
2021-10-31 18:10:56,994 DEBUG [main] cache:45 - TemplateLoader.findTemplateSource("spark/macros/attr-common.ftl"): Found
2021-10-31 18:10:56,996 DEBUG [main] cache:45 - Loading template for "spark/macros/attr-common.ftl"("en_IN", UTF-8, parsed) from "jar:file:/C:/Users/harsh/.m2/repository/com/aventstack/extentreports/5.0.8/extentreports-5.0.8.jar!/com/aventstack/extentreports/templates/spark/macros/attr-common.ftl"
2021-10-31 18:10:57,005 DEBUG [main] cache:45 - Couldn't find template in cache for "spark/partials/head.ftl"("en_IN", UTF-8, parsed); will try to load it.
2021-10-31 18:10:57,007 DEBUG [main] cache:45 - TemplateLoader.findTemplateSource("spark/partials/head_en_IN.ftl"): Not found
2021-10-31 18:10:57,009 DEBUG [main] cache:45 - TemplateLoader.findTemplateSource("spark/partials/head_en.ftl"): Not found
2021-10-31 18:10:57,011 DEBUG [main] cache:45 - TemplateLoader.findTemplateSource("spark/partials/head.ftl"): Found
2021-10-31 18:10:57,014 DEBUG [main] cache:45 - Loading template for "spark/partials/head.ftl"("en_IN", UTF-8, parsed) from "jar:file:/C:/Users/harsh/.m2/repository/com/aventstack/extentreports/5.0.8/extentreports-5.0.8.jar!/com/aventstack/extentreports/templates/spark/partials/head.ftl"
2021-10-31 18:10:57,020 DEBUG [main] cache:45 - Couldn't find template in cache for "commons/commons-inject-css.ftl"("en_IN", UTF-8, parsed); will try to load it.
2021-10-31 18:10:57,021 DEBUG [main] cache:45 - TemplateLoader.findTemplateSource("commons/commons-inject-css_en_IN.ftl"): Not found
2021-10-31 18:10:57,022 DEBUG [main] cache:45 - TemplateLoader.findTemplateSource("commons/commons-inject-css_en.ftl"): Not found
2021-10-31 18:10:57,022 DEBUG [main] cache:45 - TemplateLoader.findTemplateSource("commons/commons-inject-css.ftl"): Found
2021-10-31 18:10:57,022 DEBUG [main] cache:45 - Loading template for "commons/commons-inject-css.ftl"("en_IN", UTF-8, parsed) from "jar:file:/C:/Users/harsh/.m2/repository/com/aventstack/extentreports/5.0.8/extentreports-5.0.8.jar!/com/aventstack/extentreports/templates/commons/commons-inject-css.ftl"
2021-10-31 18:10:57,024 DEBUG [main] cache:45 - Couldn't find template in cache for "spark/partials/navbar.ftl"("en_IN", UTF-8, parsed); will try to load it.
2021-10-31 18:10:57,024 DEBUG [main] cache:45 - TemplateLoader.findTemplateSource("spark/partials/navbar_en_IN.ftl"): Not found
2021-10-31 18:10:57,025 DEBUG [main] cache:45 - TemplateLoader.findTemplateSource("spark/partials/navbar_en.ftl"): Not found
2021-10-31 18:10:57,025 DEBUG [main] cache:45 - TemplateLoader.findTemplateSource("spark/partials/navbar.ftl"): Found
2021-10-31 18:10:57,026 DEBUG [main] cache:45 - Loading template for "spark/partials/navbar.ftl"("en_IN", UTF-8, parsed) from "jar:file:/C:/Users/harsh/.m2/repository/com/aventstack/extentreports/5.0.8/extentreports-5.0.8.jar!/com/aventstack/extentreports/templates/spark/partials/navbar.ftl"
2021-10-31 18:10:57,032 DEBUG [main] cache:45 - Couldn't find template in cache for "spark/partials/sidenav.ftl"("en_IN", UTF-8, parsed); will try to load it.
2021-10-31 18:10:57,033 DEBUG [main] cache:45 - TemplateLoader.findTemplateSource("spark/partials/sidenav_en_IN.ftl"): Not found
2021-10-31 18:10:57,034 DEBUG [main] cache:45 - TemplateLoader.findTemplateSource("spark/partials/sidenav_en.ftl"): Not found
2021-10-31 18:10:57,034 DEBUG [main] cache:45 - TemplateLoader.findTemplateSource("spark/partials/sidenav.ftl"): Found
2021-10-31 18:10:57,035 DEBUG [main] cache:45 - Loading template for "spark/partials/sidenav.ftl"("en_IN", UTF-8, parsed) from "jar:file:/C:/Users/harsh/.m2/repository/com/aventstack/extentreports/5.0.8/extentreports-5.0.8.jar!/com/aventstack/extentreports/templates/spark/partials/sidenav.ftl"
2021-10-31 18:10:57,055 DEBUG [main] cache:45 - Couldn't find template in cache for "spark/partials/test.ftl"("en_IN", UTF-8, parsed); will try to load it.
2021-10-31 18:10:57,056 DEBUG [main] cache:45 - TemplateLoader.findTemplateSource("spark/partials/test_en_IN.ftl"): Not found
2021-10-31 18:10:57,057 DEBUG [main] cache:45 - TemplateLoader.findTemplateSource("spark/partials/test_en.ftl"): Not found
2021-10-31 18:10:57,057 DEBUG [main] cache:45 - TemplateLoader.findTemplateSource("spark/partials/test.ftl"): Found
2021-10-31 18:10:57,058 DEBUG [main] cache:45 - Loading template for "spark/partials/test.ftl"("en_IN", UTF-8, parsed) from "jar:file:/C:/Users/harsh/.m2/repository/com/aventstack/extentreports/5.0.8/extentreports-5.0.8.jar!/com/aventstack/extentreports/templates/spark/partials/test.ftl"
2021-10-31 18:10:57,076 DEBUG [main] cache:45 - Couldn't find template in cache for "spark/partials/standard-content.ftl"("en_IN", UTF-8, parsed); will try to load it.
2021-10-31 18:10:57,077 DEBUG [main] cache:45 - TemplateLoader.findTemplateSource("spark/partials/standard-content_en_IN.ftl"): Not found
2021-10-31 18:10:57,078 DEBUG [main] cache:45 - TemplateLoader.findTemplateSource("spark/partials/standard-content_en.ftl"): Not found
2021-10-31 18:10:57,078 DEBUG [main] cache:45 - TemplateLoader.findTemplateSource("spark/partials/standard-content.ftl"): Found
2021-10-31 18:10:57,079 DEBUG [main] cache:45 - Loading template for "spark/partials/standard-content.ftl"("en_IN", UTF-8, parsed) from "jar:file:/C:/Users/harsh/.m2/repository/com/aventstack/extentreports/5.0.8/extentreports-5.0.8.jar!/com/aventstack/extentreports/templates/spark/partials/standard-content.ftl"
2021-10-31 18:10:57,087 DEBUG [main] cache:45 - "spark/partials/standard-content.ftl"("en_IN", UTF-8, parsed) cached copy not yet stale; using cached.
2021-10-31 18:10:57,088 DEBUG [main] cache:45 - "spark/partials/standard-content.ftl"("en_IN", UTF-8, parsed) cached copy not yet stale; using cached.
2021-10-31 18:10:57,096 DEBUG [main] cache:45 - "spark/partials/standard-content.ftl"("en_IN", UTF-8, parsed) cached copy not yet stale; using cached.
2021-10-31 18:10:57,097 DEBUG [main] cache:45 - "spark/partials/standard-content.ftl"("en_IN", UTF-8, parsed) cached copy not yet stale; using cached.
2021-10-31 18:10:57,101 DEBUG [main] cache:45 - "spark/partials/standard-content.ftl"("en_IN", UTF-8, parsed) cached copy not yet stale; using cached.
2021-10-31 18:10:57,102 DEBUG [main] cache:45 - "spark/partials/standard-content.ftl"("en_IN", UTF-8, parsed) cached copy not yet stale; using cached.
2021-10-31 18:10:57,105 DEBUG [main] cache:45 - "spark/partials/standard-content.ftl"("en_IN", UTF-8, parsed) cached copy not yet stale; using cached.
2021-10-31 18:10:57,106 DEBUG [main] cache:45 - "spark/partials/standard-content.ftl"("en_IN", UTF-8, parsed) cached copy not yet stale; using cached.
2021-10-31 18:10:57,107 DEBUG [main] cache:45 - "spark/partials/standard-content.ftl"("en_IN", UTF-8, parsed) cached copy not yet stale; using cached.
2021-10-31 18:10:57,108 DEBUG [main] cache:45 - Couldn't find template in cache for "spark/partials/exception.ftl"("en_IN", UTF-8, parsed); will try to load it.
2021-10-31 18:10:57,109 DEBUG [main] cache:45 - TemplateLoader.findTemplateSource("spark/partials/exception_en_IN.ftl"): Not found
2021-10-31 18:10:57,110 DEBUG [main] cache:45 - TemplateLoader.findTemplateSource("spark/partials/exception_en.ftl"): Not found
2021-10-31 18:10:57,111 DEBUG [main] cache:45 - TemplateLoader.findTemplateSource("spark/partials/exception.ftl"): Found
2021-10-31 18:10:57,111 DEBUG [main] cache:45 - Loading template for "spark/partials/exception.ftl"("en_IN", UTF-8, parsed) from "jar:file:/C:/Users/harsh/.m2/repository/com/aventstack/extentreports/5.0.8/extentreports-5.0.8.jar!/com/aventstack/extentreports/templates/spark/partials/exception.ftl"
2021-10-31 18:10:57,115 DEBUG [main] cache:45 - Couldn't find template in cache for "spark/partials/category.ftl"("en_IN", UTF-8, parsed); will try to load it.
2021-10-31 18:10:57,116 DEBUG [main] cache:45 - TemplateLoader.findTemplateSource("spark/partials/category_en_IN.ftl"): Not found
2021-10-31 18:10:57,116 DEBUG [main] cache:45 - TemplateLoader.findTemplateSource("spark/partials/category_en.ftl"): Not found
2021-10-31 18:10:57,117 DEBUG [main] cache:45 - TemplateLoader.findTemplateSource("spark/partials/category.ftl"): Found
2021-10-31 18:10:57,117 DEBUG [main] cache:45 - Loading template for "spark/partials/category.ftl"("en_IN", UTF-8, parsed) from "jar:file:/C:/Users/harsh/.m2/repository/com/aventstack/extentreports/5.0.8/extentreports-5.0.8.jar!/com/aventstack/extentreports/templates/spark/partials/category.ftl"
2021-10-31 18:10:57,119 DEBUG [main] cache:45 - Couldn't find template in cache for "spark/partials/device.ftl"("en_IN", UTF-8, parsed); will try to load it.
2021-10-31 18:10:57,119 DEBUG [main] cache:45 - TemplateLoader.findTemplateSource("spark/partials/device_en_IN.ftl"): Not found
2021-10-31 18:10:57,120 DEBUG [main] cache:45 - TemplateLoader.findTemplateSource("spark/partials/device_en.ftl"): Not found
2021-10-31 18:10:57,120 DEBUG [main] cache:45 - TemplateLoader.findTemplateSource("spark/partials/device.ftl"): Found
2021-10-31 18:10:57,120 DEBUG [main] cache:45 - Loading template for "spark/partials/device.ftl"("en_IN", UTF-8, parsed) from "jar:file:/C:/Users/harsh/.m2/repository/com/aventstack/extentreports/5.0.8/extentreports-5.0.8.jar!/com/aventstack/extentreports/templates/spark/partials/device.ftl"
2021-10-31 18:10:57,122 DEBUG [main] cache:45 - Couldn't find template in cache for "spark/partials/author.ftl"("en_IN", UTF-8, parsed); will try to load it.
2021-10-31 18:10:57,123 DEBUG [main] cache:45 - TemplateLoader.findTemplateSource("spark/partials/author_en_IN.ftl"): Not found
2021-10-31 18:10:57,123 DEBUG [main] cache:45 - TemplateLoader.findTemplateSource("spark/partials/author_en.ftl"): Not found
2021-10-31 18:10:57,123 DEBUG [main] cache:45 - TemplateLoader.findTemplateSource("spark/partials/author.ftl"): Found
2021-10-31 18:10:57,124 DEBUG [main] cache:45 - Loading template for "spark/partials/author.ftl"("en_IN", UTF-8, parsed) from "jar:file:/C:/Users/harsh/.m2/repository/com/aventstack/extentreports/5.0.8/extentreports-5.0.8.jar!/com/aventstack/extentreports/templates/spark/partials/author.ftl"
2021-10-31 18:10:57,125 DEBUG [main] cache:45 - Couldn't find template in cache for "spark/partials/log.ftl"("en_IN", UTF-8, parsed); will try to load it.
2021-10-31 18:10:57,125 DEBUG [main] cache:45 - TemplateLoader.findTemplateSource("spark/partials/log_en_IN.ftl"): Not found
2021-10-31 18:10:57,126 DEBUG [main] cache:45 - TemplateLoader.findTemplateSource("spark/partials/log_en.ftl"): Not found
2021-10-31 18:10:57,126 DEBUG [main] cache:45 - TemplateLoader.findTemplateSource("spark/partials/log.ftl"): Found
2021-10-31 18:10:57,127 DEBUG [main] cache:45 - Loading template for "spark/partials/log.ftl"("en_IN", UTF-8, parsed) from "jar:file:/C:/Users/harsh/.m2/repository/com/aventstack/extentreports/5.0.8/extentreports-5.0.8.jar!/com/aventstack/extentreports/templates/spark/partials/log.ftl"
2021-10-31 18:10:57,128 DEBUG [main] cache:45 - Couldn't find template in cache for "spark/partials/dashboard.ftl"("en_IN", UTF-8, parsed); will try to load it.
2021-10-31 18:10:57,128 DEBUG [main] cache:45 - TemplateLoader.findTemplateSource("spark/partials/dashboard_en_IN.ftl"): Not found
2021-10-31 18:10:57,129 DEBUG [main] cache:45 - TemplateLoader.findTemplateSource("spark/partials/dashboard_en.ftl"): Not found
2021-10-31 18:10:57,129 DEBUG [main] cache:45 - TemplateLoader.findTemplateSource("spark/partials/dashboard.ftl"): Found
2021-10-31 18:10:57,129 DEBUG [main] cache:45 - Loading template for "spark/partials/dashboard.ftl"("en_IN", UTF-8, parsed) from "jar:file:/C:/Users/harsh/.m2/repository/com/aventstack/extentreports/5.0.8/extentreports-5.0.8.jar!/com/aventstack/extentreports/templates/spark/partials/dashboard.ftl"
2021-10-31 18:10:57,171 DEBUG [main] cache:45 - Couldn't find template in cache for "spark/partials/scripts.ftl"("en_IN", UTF-8, parsed); will try to load it.
2021-10-31 18:10:57,172 DEBUG [main] cache:45 - TemplateLoader.findTemplateSource("spark/partials/scripts_en_IN.ftl"): Not found
2021-10-31 18:10:57,172 DEBUG [main] cache:45 - TemplateLoader.findTemplateSource("spark/partials/scripts_en.ftl"): Not found
2021-10-31 18:10:57,173 DEBUG [main] cache:45 - TemplateLoader.findTemplateSource("spark/partials/scripts.ftl"): Found
2021-10-31 18:10:57,173 DEBUG [main] cache:45 - Loading template for "spark/partials/scripts.ftl"("en_IN", UTF-8, parsed) from "jar:file:/C:/Users/harsh/.m2/repository/com/aventstack/extentreports/5.0.8/extentreports-5.0.8.jar!/com/aventstack/extentreports/templates/spark/partials/scripts.ftl"
2021-10-31 18:10:57,175 DEBUG [main] cache:45 - Couldn't find template in cache for "commons/commons-inject-js.ftl"("en_IN", UTF-8, parsed); will try to load it.
2021-10-31 18:10:57,175 DEBUG [main] cache:45 - TemplateLoader.findTemplateSource("commons/commons-inject-js_en_IN.ftl"): Not found
2021-10-31 18:10:57,176 DEBUG [main] cache:45 - TemplateLoader.findTemplateSource("commons/commons-inject-js_en.ftl"): Not found
2021-10-31 18:10:57,176 DEBUG [main] cache:45 - TemplateLoader.findTemplateSource("commons/commons-inject-js.ftl"): Found
2021-10-31 18:10:57,176 DEBUG [main] cache:45 - Loading template for "commons/commons-inject-js.ftl"("en_IN", UTF-8, parsed) from "jar:file:/C:/Users/harsh/.m2/repository/com/aventstack/extentreports/5.0.8/extentreports-5.0.8.jar!/com/aventstack/extentreports/templates/commons/commons-inject-js.ftl"
2021-10-31 18:24:37,105  INFO [main] Baseclass:42 - test suite is started
2021-10-31 18:24:37,135  INFO [main] Baseclass:30 - Initializing Browser
2021-10-31 18:24:39,263  INFO [main] Baseclass:37 - Maximizing Browser
2021-10-31 18:24:39,396  INFO [main] Baseclass:39 - Applying common waits to browser
2021-10-31 18:24:39,452  INFO [main] Baseclass:13 - Testcase ready to sdtart with name: Handlepoup
2021-10-31 18:24:40,071  INFO [main] Baseclass:18 - Testcase passed successfully with name: Handlepoup
2021-10-31 18:24:40,151  INFO [main] Baseclass:30 - Initializing Browser
2021-10-31 18:24:41,752  INFO [main] Baseclass:37 - Maximizing Browser
2021-10-31 18:24:41,883  INFO [main] Baseclass:39 - Applying common waits to browser
2021-10-31 18:24:41,891  INFO [main] Baseclass:13 - Testcase ready to sdtart with name: NewRegister
2021-10-31 18:24:42,066  INFO [main] Baseclass:18 - Testcase passed successfully with name: NewRegister
2021-10-31 18:24:42,132  INFO [main] Baseclass:30 - Initializing Browser
2021-10-31 18:24:43,632  INFO [main] Baseclass:37 - Maximizing Browser
2021-10-31 18:24:43,763  INFO [main] Baseclass:39 - Applying common waits to browser
2021-10-31 18:24:43,782  INFO [main] Baseclass:13 - Testcase ready to sdtart with name: ValidLogin
2021-10-31 18:24:43,792  INFO [main] Baseclass:23 - Testcase failed with name: ValidLogin
2021-10-31 18:24:43,794  INFO [main] Baseclass:24 - java.lang.AssertionError: expected:<JavaByKiran | Log in> but was:<JavaByKiran | Log>
2021-10-31 18:24:44,047  INFO [main] Baseclass:30 - Initializing Browser
2021-10-31 18:24:45,683  INFO [main] Baseclass:37 - Maximizing Browser
2021-10-31 18:24:45,808  INFO [main] Baseclass:39 - Applying common waits to browser
2021-10-31 18:24:45,818  INFO [main] Baseclass:13 - Testcase ready to sdtart with name: checktext1
2021-10-31 18:24:45,871  INFO [main] Baseclass:18 - Testcase passed successfully with name: checktext1
2021-10-31 18:24:45,944  INFO [main] Baseclass:30 - Initializing Browser
2021-10-31 18:24:47,760  INFO [main] Baseclass:37 - Maximizing Browser
2021-10-31 18:24:47,892  INFO [main] Baseclass:39 - Applying common waits to browser
2021-10-31 18:24:49,348  INFO [main] Baseclass:13 - Testcase ready to sdtart with name: Checktitle
2021-10-31 18:24:49,354  INFO [main] Baseclass:18 - Testcase passed successfully with name: Checktitle
2021-10-31 18:24:49,406  INFO [main] Baseclass:30 - Initializing Browser
2021-10-31 18:24:51,144  INFO [main] Baseclass:37 - Maximizing Browser
2021-10-31 18:24:51,281  INFO [main] Baseclass:39 - Applying common waits to browser
2021-10-31 18:24:52,346  INFO [main] Baseclass:13 - Testcase ready to sdtart with name: checkimage
2021-10-31 18:24:52,391  INFO [main] Baseclass:18 - Testcase passed successfully with name: checkimage
2021-10-31 18:24:52,449  INFO [main] Baseclass:30 - Initializing Browser
2021-10-31 18:24:54,096  INFO [main] Baseclass:37 - Maximizing Browser
2021-10-31 18:24:54,229  INFO [main] Baseclass:39 - Applying common waits to browser
2021-10-31 18:24:55,447  INFO [main] Baseclass:13 - Testcase ready to sdtart with name: verifycourses
2021-10-31 18:24:55,544  INFO [main] Baseclass:18 - Testcase passed successfully with name: verifycourses
2021-10-31 18:24:55,611  INFO [main] Baseclass:30 - Initializing Browser
2021-10-31 18:24:57,078  INFO [main] Baseclass:37 - Maximizing Browser
2021-10-31 18:24:57,221  INFO [main] Baseclass:39 - Applying common waits to browser
2021-10-31 18:24:58,484  INFO [main] Baseclass:13 - Testcase ready to sdtart with name: TestcaseTitle
2021-10-31 18:24:58,492  INFO [main] Baseclass:18 - Testcase passed successfully with name: TestcaseTitle
2021-10-31 18:24:58,559  INFO [main] Baseclass:30 - Initializing Browser
2021-10-31 18:25:00,205  INFO [main] Baseclass:37 - Maximizing Browser
2021-10-31 18:25:00,341  INFO [main] Baseclass:39 - Applying common waits to browser
2021-10-31 18:25:01,730  INFO [main] Baseclass:13 - Testcase ready to sdtart with name: checkTitle
2021-10-31 18:25:01,736  INFO [main] Baseclass:18 - Testcase passed successfully with name: checkTitle
2021-10-31 18:25:01,800  INFO [main] Baseclass:30 - Initializing Browser
2021-10-31 18:25:03,370  INFO [main] Baseclass:37 - Maximizing Browser
2021-10-31 18:25:03,514  INFO [main] Baseclass:39 - Applying common waits to browser
2021-10-31 18:25:04,815  INFO [main] Baseclass:13 - Testcase ready to sdtart with name: checkTitle
2021-10-31 18:25:04,823  INFO [main] Baseclass:18 - Testcase passed successfully with name: checkTitle
2021-10-31 18:25:05,026  INFO [main] Baseclass:47 - test suite is finished
2021-10-31 18:25:05,056 DEBUG [main] cache:45 - Couldn't find template in cache for "spark/spark.spa.ftl"("en_IN", UTF-8, parsed); will try to load it.
2021-10-31 18:25:05,059 DEBUG [main] cache:45 - TemplateLoader.findTemplateSource("spark/spark.spa_en_IN.ftl"): Not found
2021-10-31 18:25:05,060 DEBUG [main] cache:45 - TemplateLoader.findTemplateSource("spark/spark.spa_en.ftl"): Not found
2021-10-31 18:25:05,061 DEBUG [main] cache:45 - TemplateLoader.findTemplateSource("spark/spark.spa.ftl"): Found
2021-10-31 18:25:05,061 DEBUG [main] cache:45 - Loading template for "spark/spark.spa.ftl"("en_IN", UTF-8, parsed) from "jar:file:/C:/Users/harsh/.m2/repository/com/aventstack/extentreports/5.0.8/extentreports-5.0.8.jar!/com/aventstack/extentreports/templates/spark/spark.spa.ftl"
2021-10-31 18:25:05,121 DEBUG [main] cache:45 - Couldn't find template in cache for "commons/commons-variables.ftl"("en_IN", UTF-8, parsed); will try to load it.
2021-10-31 18:25:05,122 DEBUG [main] cache:45 - TemplateLoader.findTemplateSource("commons/commons-variables_en_IN.ftl"): Not found
2021-10-31 18:25:05,123 DEBUG [main] cache:45 - TemplateLoader.findTemplateSource("commons/commons-variables_en.ftl"): Not found
2021-10-31 18:25:05,123 DEBUG [main] cache:45 - TemplateLoader.findTemplateSource("commons/commons-variables.ftl"): Found
2021-10-31 18:25:05,123 DEBUG [main] cache:45 - Loading template for "commons/commons-variables.ftl"("en_IN", UTF-8, parsed) from "jar:file:/C:/Users/harsh/.m2/repository/com/aventstack/extentreports/5.0.8/extentreports-5.0.8.jar!/com/aventstack/extentreports/templates/commons/commons-variables.ftl"
2021-10-31 18:25:05,225 DEBUG [main] cache:45 - Couldn't find template in cache for "commons/commons-macros.ftl"("en_IN", UTF-8, parsed); will try to load it.
2021-10-31 18:25:05,226 DEBUG [main] cache:45 - TemplateLoader.findTemplateSource("commons/commons-macros_en_IN.ftl"): Not found
2021-10-31 18:25:05,227 DEBUG [main] cache:45 - TemplateLoader.findTemplateSource("commons/commons-macros_en.ftl"): Not found
2021-10-31 18:25:05,227 DEBUG [main] cache:45 - TemplateLoader.findTemplateSource("commons/commons-macros.ftl"): Found
2021-10-31 18:25:05,227 DEBUG [main] cache:45 - Loading template for "commons/commons-macros.ftl"("en_IN", UTF-8, parsed) from "jar:file:/C:/Users/harsh/.m2/repository/com/aventstack/extentreports/5.0.8/extentreports-5.0.8.jar!/com/aventstack/extentreports/templates/commons/commons-macros.ftl"
2021-10-31 18:25:05,242 DEBUG [main] cache:45 - Couldn't find template in cache for "spark/macros/attributes.ftl"("en_IN", UTF-8, parsed); will try to load it.
2021-10-31 18:25:05,244 DEBUG [main] cache:45 - TemplateLoader.findTemplateSource("spark/macros/attributes_en_IN.ftl"): Not found
2021-10-31 18:25:05,245 DEBUG [main] cache:45 - TemplateLoader.findTemplateSource("spark/macros/attributes_en.ftl"): Not found
2021-10-31 18:25:05,246 DEBUG [main] cache:45 - TemplateLoader.findTemplateSource("spark/macros/attributes.ftl"): Found
2021-10-31 18:25:05,247 DEBUG [main] cache:45 - Loading template for "spark/macros/attributes.ftl"("en_IN", UTF-8, parsed) from "jar:file:/C:/Users/harsh/.m2/repository/com/aventstack/extentreports/5.0.8/extentreports-5.0.8.jar!/com/aventstack/extentreports/templates/spark/macros/attributes.ftl"
2021-10-31 18:25:05,250 DEBUG [main] cache:45 - Couldn't find template in cache for "spark/macros/log.ftl"("en_IN", UTF-8, parsed); will try to load it.
2021-10-31 18:25:05,251 DEBUG [main] cache:45 - TemplateLoader.findTemplateSource("spark/macros/log_en_IN.ftl"): Not found
2021-10-31 18:25:05,251 DEBUG [main] cache:45 - TemplateLoader.findTemplateSource("spark/macros/log_en.ftl"): Not found
2021-10-31 18:25:05,252 DEBUG [main] cache:45 - TemplateLoader.findTemplateSource("spark/macros/log.ftl"): Found
2021-10-31 18:25:05,252 DEBUG [main] cache:45 - Loading template for "spark/macros/log.ftl"("en_IN", UTF-8, parsed) from "jar:file:/C:/Users/harsh/.m2/repository/com/aventstack/extentreports/5.0.8/extentreports-5.0.8.jar!/com/aventstack/extentreports/templates/spark/macros/log.ftl"
2021-10-31 18:25:05,255 DEBUG [main] cache:45 - Couldn't find template in cache for "spark/macros/recurse_nodes.ftl"("en_IN", UTF-8, parsed); will try to load it.
2021-10-31 18:25:05,257 DEBUG [main] cache:45 - TemplateLoader.findTemplateSource("spark/macros/recurse_nodes_en_IN.ftl"): Not found
2021-10-31 18:25:05,258 DEBUG [main] cache:45 - TemplateLoader.findTemplateSource("spark/macros/recurse_nodes_en.ftl"): Not found
2021-10-31 18:25:05,258 DEBUG [main] cache:45 - TemplateLoader.findTemplateSource("spark/macros/recurse_nodes.ftl"): Found
2021-10-31 18:25:05,259 DEBUG [main] cache:45 - Loading template for "spark/macros/recurse_nodes.ftl"("en_IN", UTF-8, parsed) from "jar:file:/C:/Users/harsh/.m2/repository/com/aventstack/extentreports/5.0.8/extentreports-5.0.8.jar!/com/aventstack/extentreports/templates/spark/macros/recurse_nodes.ftl"
2021-10-31 18:25:05,263 DEBUG [main] cache:45 - "spark/macros/log.ftl"("en_IN", UTF-8, parsed) cached copy not yet stale; using cached.
2021-10-31 18:25:05,263 DEBUG [main] cache:45 - Couldn't find template in cache for "spark/macros/attr-common.ftl"("en_IN", UTF-8, parsed); will try to load it.
2021-10-31 18:25:05,265 DEBUG [main] cache:45 - TemplateLoader.findTemplateSource("spark/macros/attr-common_en_IN.ftl"): Not found
2021-10-31 18:25:05,265 DEBUG [main] cache:45 - TemplateLoader.findTemplateSource("spark/macros/attr-common_en.ftl"): Not found
2021-10-31 18:25:05,266 DEBUG [main] cache:45 - TemplateLoader.findTemplateSource("spark/macros/attr-common.ftl"): Found
2021-10-31 18:25:05,266 DEBUG [main] cache:45 - Loading template for "spark/macros/attr-common.ftl"("en_IN", UTF-8, parsed) from "jar:file:/C:/Users/harsh/.m2/repository/com/aventstack/extentreports/5.0.8/extentreports-5.0.8.jar!/com/aventstack/extentreports/templates/spark/macros/attr-common.ftl"
2021-10-31 18:25:05,283 DEBUG [main] cache:45 - Couldn't find template in cache for "spark/partials/head.ftl"("en_IN", UTF-8, parsed); will try to load it.
2021-10-31 18:25:05,284 DEBUG [main] cache:45 - TemplateLoader.findTemplateSource("spark/partials/head_en_IN.ftl"): Not found
2021-10-31 18:25:05,284 DEBUG [main] cache:45 - TemplateLoader.findTemplateSource("spark/partials/head_en.ftl"): Not found
2021-10-31 18:25:05,285 DEBUG [main] cache:45 - TemplateLoader.findTemplateSource("spark/partials/head.ftl"): Found
2021-10-31 18:25:05,285 DEBUG [main] cache:45 - Loading template for "spark/partials/head.ftl"("en_IN", UTF-8, parsed) from "jar:file:/C:/Users/harsh/.m2/repository/com/aventstack/extentreports/5.0.8/extentreports-5.0.8.jar!/com/aventstack/extentreports/templates/spark/partials/head.ftl"
2021-10-31 18:25:05,288 DEBUG [main] cache:45 - Couldn't find template in cache for "commons/commons-inject-css.ftl"("en_IN", UTF-8, parsed); will try to load it.
2021-10-31 18:25:05,289 DEBUG [main] cache:45 - TemplateLoader.findTemplateSource("commons/commons-inject-css_en_IN.ftl"): Not found
2021-10-31 18:25:05,290 DEBUG [main] cache:45 - TemplateLoader.findTemplateSource("commons/commons-inject-css_en.ftl"): Not found
2021-10-31 18:25:05,292 DEBUG [main] cache:45 - TemplateLoader.findTemplateSource("commons/commons-inject-css.ftl"): Found
2021-10-31 18:25:05,292 DEBUG [main] cache:45 - Loading template for "commons/commons-inject-css.ftl"("en_IN", UTF-8, parsed) from "jar:file:/C:/Users/harsh/.m2/repository/com/aventstack/extentreports/5.0.8/extentreports-5.0.8.jar!/com/aventstack/extentreports/templates/commons/commons-inject-css.ftl"
2021-10-31 18:25:05,293 DEBUG [main] cache:45 - Couldn't find template in cache for "spark/partials/navbar.ftl"("en_IN", UTF-8, parsed); will try to load it.
2021-10-31 18:25:05,294 DEBUG [main] cache:45 - TemplateLoader.findTemplateSource("spark/partials/navbar_en_IN.ftl"): Not found
2021-10-31 18:25:05,294 DEBUG [main] cache:45 - TemplateLoader.findTemplateSource("spark/partials/navbar_en.ftl"): Not found
2021-10-31 18:25:05,294 DEBUG [main] cache:45 - TemplateLoader.findTemplateSource("spark/partials/navbar.ftl"): Found
2021-10-31 18:25:05,295 DEBUG [main] cache:45 - Loading template for "spark/partials/navbar.ftl"("en_IN", UTF-8, parsed) from "jar:file:/C:/Users/harsh/.m2/repository/com/aventstack/extentreports/5.0.8/extentreports-5.0.8.jar!/com/aventstack/extentreports/templates/spark/partials/navbar.ftl"
2021-10-31 18:25:05,305 DEBUG [main] cache:45 - Couldn't find template in cache for "spark/partials/sidenav.ftl"("en_IN", UTF-8, parsed); will try to load it.
2021-10-31 18:25:05,306 DEBUG [main] cache:45 - TemplateLoader.findTemplateSource("spark/partials/sidenav_en_IN.ftl"): Not found
2021-10-31 18:25:05,306 DEBUG [main] cache:45 - TemplateLoader.findTemplateSource("spark/partials/sidenav_en.ftl"): Not found
2021-10-31 18:25:05,307 DEBUG [main] cache:45 - TemplateLoader.findTemplateSource("spark/partials/sidenav.ftl"): Found
2021-10-31 18:25:05,308 DEBUG [main] cache:45 - Loading template for "spark/partials/sidenav.ftl"("en_IN", UTF-8, parsed) from "jar:file:/C:/Users/harsh/.m2/repository/com/aventstack/extentreports/5.0.8/extentreports-5.0.8.jar!/com/aventstack/extentreports/templates/spark/partials/sidenav.ftl"
2021-10-31 18:25:05,321 DEBUG [main] cache:45 - Couldn't find template in cache for "spark/partials/test.ftl"("en_IN", UTF-8, parsed); will try to load it.
2021-10-31 18:25:05,323 DEBUG [main] cache:45 - TemplateLoader.findTemplateSource("spark/partials/test_en_IN.ftl"): Not found
2021-10-31 18:25:05,326 DEBUG [main] cache:45 - TemplateLoader.findTemplateSource("spark/partials/test_en.ftl"): Not found
2021-10-31 18:25:05,327 DEBUG [main] cache:45 - TemplateLoader.findTemplateSource("spark/partials/test.ftl"): Found
2021-10-31 18:25:05,327 DEBUG [main] cache:45 - Loading template for "spark/partials/test.ftl"("en_IN", UTF-8, parsed) from "jar:file:/C:/Users/harsh/.m2/repository/com/aventstack/extentreports/5.0.8/extentreports-5.0.8.jar!/com/aventstack/extentreports/templates/spark/partials/test.ftl"
2021-10-31 18:25:05,343 DEBUG [main] cache:45 - Couldn't find template in cache for "spark/partials/standard-content.ftl"("en_IN", UTF-8, parsed); will try to load it.
2021-10-31 18:25:05,344 DEBUG [main] cache:45 - TemplateLoader.findTemplateSource("spark/partials/standard-content_en_IN.ftl"): Not found
2021-10-31 18:25:05,345 DEBUG [main] cache:45 - TemplateLoader.findTemplateSource("spark/partials/standard-content_en.ftl"): Not found
2021-10-31 18:25:05,346 DEBUG [main] cache:45 - TemplateLoader.findTemplateSource("spark/partials/standard-content.ftl"): Found
2021-10-31 18:25:05,347 DEBUG [main] cache:45 - Loading template for "spark/partials/standard-content.ftl"("en_IN", UTF-8, parsed) from "jar:file:/C:/Users/harsh/.m2/repository/com/aventstack/extentreports/5.0.8/extentreports-5.0.8.jar!/com/aventstack/extentreports/templates/spark/partials/standard-content.ftl"
2021-10-31 18:25:05,354 DEBUG [main] cache:45 - "spark/partials/standard-content.ftl"("en_IN", UTF-8, parsed) cached copy not yet stale; using cached.
2021-10-31 18:25:05,355 DEBUG [main] cache:45 - "spark/partials/standard-content.ftl"("en_IN", UTF-8, parsed) cached copy not yet stale; using cached.
2021-10-31 18:25:05,370 DEBUG [main] cache:45 - "spark/partials/standard-content.ftl"("en_IN", UTF-8, parsed) cached copy not yet stale; using cached.
2021-10-31 18:25:05,373 DEBUG [main] cache:45 - "spark/partials/standard-content.ftl"("en_IN", UTF-8, parsed) cached copy not yet stale; using cached.
2021-10-31 18:25:05,376 DEBUG [main] cache:45 - "spark/partials/standard-content.ftl"("en_IN", UTF-8, parsed) cached copy not yet stale; using cached.
2021-10-31 18:25:05,377 DEBUG [main] cache:45 - "spark/partials/standard-content.ftl"("en_IN", UTF-8, parsed) cached copy not yet stale; using cached.
2021-10-31 18:25:05,380 DEBUG [main] cache:45 - "spark/partials/standard-content.ftl"("en_IN", UTF-8, parsed) cached copy not yet stale; using cached.
2021-10-31 18:25:05,381 DEBUG [main] cache:45 - "spark/partials/standard-content.ftl"("en_IN", UTF-8, parsed) cached copy not yet stale; using cached.
2021-10-31 18:25:05,382 DEBUG [main] cache:45 - "spark/partials/standard-content.ftl"("en_IN", UTF-8, parsed) cached copy not yet stale; using cached.
2021-10-31 18:25:05,383 DEBUG [main] cache:45 - Couldn't find template in cache for "spark/partials/exception.ftl"("en_IN", UTF-8, parsed); will try to load it.
2021-10-31 18:25:05,384 DEBUG [main] cache:45 - TemplateLoader.findTemplateSource("spark/partials/exception_en_IN.ftl"): Not found
2021-10-31 18:25:05,384 DEBUG [main] cache:45 - TemplateLoader.findTemplateSource("spark/partials/exception_en.ftl"): Not found
2021-10-31 18:25:05,385 DEBUG [main] cache:45 - TemplateLoader.findTemplateSource("spark/partials/exception.ftl"): Found
2021-10-31 18:25:05,385 DEBUG [main] cache:45 - Loading template for "spark/partials/exception.ftl"("en_IN", UTF-8, parsed) from "jar:file:/C:/Users/harsh/.m2/repository/com/aventstack/extentreports/5.0.8/extentreports-5.0.8.jar!/com/aventstack/extentreports/templates/spark/partials/exception.ftl"
2021-10-31 18:25:05,390 DEBUG [main] cache:45 - Couldn't find template in cache for "spark/partials/category.ftl"("en_IN", UTF-8, parsed); will try to load it.
2021-10-31 18:25:05,390 DEBUG [main] cache:45 - TemplateLoader.findTemplateSource("spark/partials/category_en_IN.ftl"): Not found
2021-10-31 18:25:05,391 DEBUG [main] cache:45 - TemplateLoader.findTemplateSource("spark/partials/category_en.ftl"): Not found
2021-10-31 18:25:05,391 DEBUG [main] cache:45 - TemplateLoader.findTemplateSource("spark/partials/category.ftl"): Found
2021-10-31 18:25:05,391 DEBUG [main] cache:45 - Loading template for "spark/partials/category.ftl"("en_IN", UTF-8, parsed) from "jar:file:/C:/Users/harsh/.m2/repository/com/aventstack/extentreports/5.0.8/extentreports-5.0.8.jar!/com/aventstack/extentreports/templates/spark/partials/category.ftl"
2021-10-31 18:25:05,393 DEBUG [main] cache:45 - Couldn't find template in cache for "spark/partials/device.ftl"("en_IN", UTF-8, parsed); will try to load it.
2021-10-31 18:25:05,393 DEBUG [main] cache:45 - TemplateLoader.findTemplateSource("spark/partials/device_en_IN.ftl"): Not found
2021-10-31 18:25:05,394 DEBUG [main] cache:45 - TemplateLoader.findTemplateSource("spark/partials/device_en.ftl"): Not found
2021-10-31 18:25:05,394 DEBUG [main] cache:45 - TemplateLoader.findTemplateSource("spark/partials/device.ftl"): Found
2021-10-31 18:25:05,395 DEBUG [main] cache:45 - Loading template for "spark/partials/device.ftl"("en_IN", UTF-8, parsed) from "jar:file:/C:/Users/harsh/.m2/repository/com/aventstack/extentreports/5.0.8/extentreports-5.0.8.jar!/com/aventstack/extentreports/templates/spark/partials/device.ftl"
2021-10-31 18:25:05,396 DEBUG [main] cache:45 - Couldn't find template in cache for "spark/partials/author.ftl"("en_IN", UTF-8, parsed); will try to load it.
2021-10-31 18:25:05,396 DEBUG [main] cache:45 - TemplateLoader.findTemplateSource("spark/partials/author_en_IN.ftl"): Not found
2021-10-31 18:25:05,397 DEBUG [main] cache:45 - TemplateLoader.findTemplateSource("spark/partials/author_en.ftl"): Not found
2021-10-31 18:25:05,397 DEBUG [main] cache:45 - TemplateLoader.findTemplateSource("spark/partials/author.ftl"): Found
2021-10-31 18:25:05,397 DEBUG [main] cache:45 - Loading template for "spark/partials/author.ftl"("en_IN", UTF-8, parsed) from "jar:file:/C:/Users/harsh/.m2/repository/com/aventstack/extentreports/5.0.8/extentreports-5.0.8.jar!/com/aventstack/extentreports/templates/spark/partials/author.ftl"
2021-10-31 18:25:05,399 DEBUG [main] cache:45 - Couldn't find template in cache for "spark/partials/log.ftl"("en_IN", UTF-8, parsed); will try to load it.
2021-10-31 18:25:05,399 DEBUG [main] cache:45 - TemplateLoader.findTemplateSource("spark/partials/log_en_IN.ftl"): Not found
2021-10-31 18:25:05,400 DEBUG [main] cache:45 - TemplateLoader.findTemplateSource("spark/partials/log_en.ftl"): Not found
2021-10-31 18:25:05,400 DEBUG [main] cache:45 - TemplateLoader.findTemplateSource("spark/partials/log.ftl"): Found
2021-10-31 18:25:05,400 DEBUG [main] cache:45 - Loading template for "spark/partials/log.ftl"("en_IN", UTF-8, parsed) from "jar:file:/C:/Users/harsh/.m2/repository/com/aventstack/extentreports/5.0.8/extentreports-5.0.8.jar!/com/aventstack/extentreports/templates/spark/partials/log.ftl"
2021-10-31 18:25:05,402 DEBUG [main] cache:45 - Couldn't find template in cache for "spark/partials/dashboard.ftl"("en_IN", UTF-8, parsed); will try to load it.
2021-10-31 18:25:05,402 DEBUG [main] cache:45 - TemplateLoader.findTemplateSource("spark/partials/dashboard_en_IN.ftl"): Not found
2021-10-31 18:25:05,402 DEBUG [main] cache:45 - TemplateLoader.findTemplateSource("spark/partials/dashboard_en.ftl"): Not found
2021-10-31 18:25:05,403 DEBUG [main] cache:45 - TemplateLoader.findTemplateSource("spark/partials/dashboard.ftl"): Found
2021-10-31 18:25:05,403 DEBUG [main] cache:45 - Loading template for "spark/partials/dashboard.ftl"("en_IN", UTF-8, parsed) from "jar:file:/C:/Users/harsh/.m2/repository/com/aventstack/extentreports/5.0.8/extentreports-5.0.8.jar!/com/aventstack/extentreports/templates/spark/partials/dashboard.ftl"
2021-10-31 18:25:05,442 DEBUG [main] cache:45 - Couldn't find template in cache for "spark/partials/scripts.ftl"("en_IN", UTF-8, parsed); will try to load it.
2021-10-31 18:25:05,443 DEBUG [main] cache:45 - TemplateLoader.findTemplateSource("spark/partials/scripts_en_IN.ftl"): Not found
2021-10-31 18:25:05,443 DEBUG [main] cache:45 - TemplateLoader.findTemplateSource("spark/partials/scripts_en.ftl"): Not found
2021-10-31 18:25:05,444 DEBUG [main] cache:45 - TemplateLoader.findTemplateSource("spark/partials/scripts.ftl"): Found
2021-10-31 18:25:05,445 DEBUG [main] cache:45 - Loading template for "spark/partials/scripts.ftl"("en_IN", UTF-8, parsed) from "jar:file:/C:/Users/harsh/.m2/repository/com/aventstack/extentreports/5.0.8/extentreports-5.0.8.jar!/com/aventstack/extentreports/templates/spark/partials/scripts.ftl"
2021-10-31 18:25:05,447 DEBUG [main] cache:45 - Couldn't find template in cache for "commons/commons-inject-js.ftl"("en_IN", UTF-8, parsed); will try to load it.
2021-10-31 18:25:05,447 DEBUG [main] cache:45 - TemplateLoader.findTemplateSource("commons/commons-inject-js_en_IN.ftl"): Not found
2021-10-31 18:25:05,448 DEBUG [main] cache:45 - TemplateLoader.findTemplateSource("commons/commons-inject-js_en.ftl"): Not found
2021-10-31 18:25:05,448 DEBUG [main] cache:45 - TemplateLoader.findTemplateSource("commons/commons-inject-js.ftl"): Found
2021-10-31 18:25:05,448 DEBUG [main] cache:45 - Loading template for "commons/commons-inject-js.ftl"("en_IN", UTF-8, parsed) from "jar:file:/C:/Users/harsh/.m2/repository/com/aventstack/extentreports/5.0.8/extentreports-5.0.8.jar!/com/aventstack/extentreports/templates/commons/commons-inject-js.ftl"
2021-10-31 18:29:31,371  INFO [main] Baseclass:42 - test suite is started
2021-10-31 18:29:31,408  INFO [main] Baseclass:30 - Initializing Browser
2021-10-31 18:29:33,503  INFO [main] Baseclass:37 - Maximizing Browser
2021-10-31 18:29:33,645  INFO [main] Baseclass:39 - Applying common waits to browser
2021-10-31 18:29:33,715  INFO [main] Baseclass:13 - Testcase ready to sdtart with name: Handlepoup
2021-10-31 18:29:34,337  INFO [main] Baseclass:18 - Testcase passed successfully with name: Handlepoup
2021-10-31 18:29:34,405  INFO [main] Baseclass:30 - Initializing Browser
2021-10-31 18:29:36,143  INFO [main] Baseclass:37 - Maximizing Browser
2021-10-31 18:29:36,268  INFO [main] Baseclass:39 - Applying common waits to browser
2021-10-31 18:29:36,278  INFO [main] Baseclass:13 - Testcase ready to sdtart with name: NewRegister
2021-10-31 18:29:36,455  INFO [main] Baseclass:18 - Testcase passed successfully with name: NewRegister
2021-10-31 18:29:36,522  INFO [main] Baseclass:30 - Initializing Browser
2021-10-31 18:29:38,399  INFO [main] Baseclass:37 - Maximizing Browser
2021-10-31 18:29:38,524  INFO [main] Baseclass:39 - Applying common waits to browser
2021-10-31 18:29:38,535  INFO [main] Baseclass:13 - Testcase ready to sdtart with name: ValidLogin
2021-10-31 18:29:38,544  INFO [main] Baseclass:23 - Testcase failed with name: ValidLogin
2021-10-31 18:29:38,546  INFO [main] Baseclass:24 - java.lang.AssertionError: expected:<JavaByKiran | Log in> but was:<JavaByKiran | Log>
2021-10-31 18:29:38,838  INFO [main] Baseclass:30 - Initializing Browser
2021-10-31 18:29:40,511  INFO [main] Baseclass:37 - Maximizing Browser
2021-10-31 18:29:40,650  INFO [main] Baseclass:39 - Applying common waits to browser
2021-10-31 18:29:40,660  INFO [main] Baseclass:13 - Testcase ready to sdtart with name: checktext1
2021-10-31 18:29:40,708  INFO [main] Baseclass:18 - Testcase passed successfully with name: checktext1
2021-10-31 18:29:40,763  INFO [main] Baseclass:30 - Initializing Browser
2021-10-31 18:29:42,351  INFO [main] Baseclass:37 - Maximizing Browser
2021-10-31 18:29:42,500  INFO [main] Baseclass:39 - Applying common waits to browser
2021-10-31 18:29:43,777  INFO [main] Baseclass:13 - Testcase ready to sdtart with name: Checktitle
2021-10-31 18:29:43,786  INFO [main] Baseclass:18 - Testcase passed successfully with name: Checktitle
2021-10-31 18:29:43,857  INFO [main] Baseclass:30 - Initializing Browser
2021-10-31 18:29:45,390  INFO [main] Baseclass:37 - Maximizing Browser
2021-10-31 18:29:45,513  INFO [main] Baseclass:39 - Applying common waits to browser
2021-10-31 18:29:46,698  INFO [main] Baseclass:13 - Testcase ready to sdtart with name: checkimage
2021-10-31 18:29:46,794  INFO [main] Baseclass:18 - Testcase passed successfully with name: checkimage
2021-10-31 18:29:46,853  INFO [main] Baseclass:30 - Initializing Browser
2021-10-31 18:29:48,613  INFO [main] Baseclass:37 - Maximizing Browser
2021-10-31 18:29:48,735  INFO [main] Baseclass:39 - Applying common waits to browser
2021-10-31 18:29:49,833  INFO [main] Baseclass:13 - Testcase ready to sdtart with name: verifycourses
2021-10-31 18:29:49,951  INFO [main] Baseclass:18 - Testcase passed successfully with name: verifycourses
2021-10-31 18:29:50,002  INFO [main] Baseclass:30 - Initializing Browser
2021-10-31 18:29:51,464  INFO [main] Baseclass:37 - Maximizing Browser
2021-10-31 18:29:51,593  INFO [main] Baseclass:39 - Applying common waits to browser
2021-10-31 18:29:53,086  INFO [main] Baseclass:13 - Testcase ready to sdtart with name: TestcaseTitle
2021-10-31 18:29:53,093  INFO [main] Baseclass:18 - Testcase passed successfully with name: TestcaseTitle
2021-10-31 18:29:53,162  INFO [main] Baseclass:30 - Initializing Browser
2021-10-31 18:29:54,720  INFO [main] Baseclass:37 - Maximizing Browser
2021-10-31 18:29:54,858  INFO [main] Baseclass:39 - Applying common waits to browser
2021-10-31 18:29:56,189  INFO [main] Baseclass:13 - Testcase ready to sdtart with name: checkTitle
2021-10-31 18:29:56,197  INFO [main] Baseclass:18 - Testcase passed successfully with name: checkTitle
2021-10-31 18:29:56,255  INFO [main] Baseclass:30 - Initializing Browser
2021-10-31 18:29:57,999  INFO [main] Baseclass:37 - Maximizing Browser
2021-10-31 18:29:58,141  INFO [main] Baseclass:39 - Applying common waits to browser
2021-10-31 18:29:59,581  INFO [main] Baseclass:13 - Testcase ready to sdtart with name: checkTitle
2021-10-31 18:29:59,606  INFO [main] Baseclass:18 - Testcase passed successfully with name: checkTitle
2021-10-31 18:29:59,719  INFO [main] Baseclass:47 - test suite is finished
2021-10-31 18:30:54,839  INFO [main] Baseclass:42 - test suite is started
2021-10-31 18:30:54,866  INFO [main] Baseclass:30 - Initializing Browser
2021-10-31 18:30:57,510  INFO [main] Baseclass:37 - Maximizing Browser
2021-10-31 18:30:57,636  INFO [main] Baseclass:39 - Applying common waits to browser
2021-10-31 18:30:57,674  INFO [main] Baseclass:13 - Testcase ready to sdtart with name: Handlepoup
2021-10-31 18:30:58,285  INFO [main] Baseclass:18 - Testcase passed successfully with name: Handlepoup
2021-10-31 18:30:58,356  INFO [main] Baseclass:30 - Initializing Browser
2021-10-31 18:30:59,921  INFO [main] Baseclass:37 - Maximizing Browser
2021-10-31 18:31:00,056  INFO [main] Baseclass:39 - Applying common waits to browser
2021-10-31 18:31:00,066  INFO [main] Baseclass:13 - Testcase ready to sdtart with name: NewRegister
2021-10-31 18:31:00,267  INFO [main] Baseclass:18 - Testcase passed successfully with name: NewRegister
2021-10-31 18:31:00,332  INFO [main] Baseclass:30 - Initializing Browser
2021-10-31 18:31:01,930  INFO [main] Baseclass:37 - Maximizing Browser
2021-10-31 18:31:02,071  INFO [main] Baseclass:39 - Applying common waits to browser
2021-10-31 18:31:02,081  INFO [main] Baseclass:13 - Testcase ready to sdtart with name: ValidLogin
2021-10-31 18:31:02,090  INFO [main] Baseclass:23 - Testcase failed with name: ValidLogin
2021-10-31 18:31:02,092  INFO [main] Baseclass:24 - java.lang.AssertionError: expected:<JavaByKiran | Log in> but was:<JavaByKiran | Log>
2021-10-31 18:31:02,370  INFO [main] Baseclass:30 - Initializing Browser
2021-10-31 18:31:03,852  INFO [main] Baseclass:37 - Maximizing Browser
2021-10-31 18:31:03,994  INFO [main] Baseclass:39 - Applying common waits to browser
2021-10-31 18:31:04,003  INFO [main] Baseclass:13 - Testcase ready to sdtart with name: checktext1
2021-10-31 18:31:04,053  INFO [main] Baseclass:18 - Testcase passed successfully with name: checktext1
2021-10-31 18:31:04,111  INFO [main] Baseclass:30 - Initializing Browser
2021-10-31 18:31:05,719  INFO [main] Baseclass:37 - Maximizing Browser
2021-10-31 18:31:05,843  INFO [main] Baseclass:39 - Applying common waits to browser
2021-10-31 18:31:07,211  INFO [main] Baseclass:13 - Testcase ready to sdtart with name: Checktitle
2021-10-31 18:31:07,218  INFO [main] Baseclass:18 - Testcase passed successfully with name: Checktitle
2021-10-31 18:31:07,288  INFO [main] Baseclass:30 - Initializing Browser
2021-10-31 18:31:09,189  INFO [main] Baseclass:37 - Maximizing Browser
2021-10-31 18:31:09,334  INFO [main] Baseclass:39 - Applying common waits to browser
2021-10-31 18:31:10,467  INFO [main] Baseclass:13 - Testcase ready to sdtart with name: checkimage
2021-10-31 18:31:10,575  INFO [main] Baseclass:18 - Testcase passed successfully with name: checkimage
2021-10-31 18:31:10,637  INFO [main] Baseclass:30 - Initializing Browser
2021-10-31 18:31:12,326  INFO [main] Baseclass:37 - Maximizing Browser
2021-10-31 18:31:12,450  INFO [main] Baseclass:39 - Applying common waits to browser
2021-10-31 18:31:13,566  INFO [main] Baseclass:13 - Testcase ready to sdtart with name: verifycourses
2021-10-31 18:31:13,631  INFO [main] Baseclass:18 - Testcase passed successfully with name: verifycourses
2021-10-31 18:31:13,685  INFO [main] Baseclass:30 - Initializing Browser
2021-10-31 18:31:15,265  INFO [main] Baseclass:37 - Maximizing Browser
2021-10-31 18:31:15,412  INFO [main] Baseclass:39 - Applying common waits to browser
2021-10-31 18:31:16,780  INFO [main] Baseclass:13 - Testcase ready to sdtart with name: TestcaseTitle
2021-10-31 18:31:16,788  INFO [main] Baseclass:18 - Testcase passed successfully with name: TestcaseTitle
2021-10-31 18:31:16,852  INFO [main] Baseclass:30 - Initializing Browser
2021-10-31 18:31:18,517  INFO [main] Baseclass:37 - Maximizing Browser
2021-10-31 18:31:18,653  INFO [main] Baseclass:39 - Applying common waits to browser
2021-10-31 18:31:19,939  INFO [main] Baseclass:13 - Testcase ready to sdtart with name: checkTitle
2021-10-31 18:31:19,945  INFO [main] Baseclass:18 - Testcase passed successfully with name: checkTitle
2021-10-31 18:31:20,015  INFO [main] Baseclass:30 - Initializing Browser
2021-10-31 18:31:22,036  INFO [main] Baseclass:37 - Maximizing Browser
2021-10-31 18:31:22,169  INFO [main] Baseclass:39 - Applying common waits to browser
2021-10-31 18:31:23,576  INFO [main] Baseclass:13 - Testcase ready to sdtart with name: checkTitle
2021-10-31 18:31:23,608  INFO [main] Baseclass:18 - Testcase passed successfully with name: checkTitle
2021-10-31 18:31:23,721  INFO [main] Baseclass:47 - test suite is finished
