<?xml version="1.0" encoding="UTF-8"?>
<!-- Generated by org.testng.reporters.JUnitXMLReporter -->
<testsuite ignored="0" hostname="LAPTOP-KQVRB82K" failures="1" tests="10" name="Test" time="28.26" errors="0" timestamp="2021-10-31T18:10:56 IST">
  <testcase classname="jbktest.LoginTest" name="Handlepoup" time="0.631"/>
  <testcase classname="jbktest.LoginTest" name="NewRegister" time="0.172"/>
  <testcase classname="jbktest.LoginTest" name="ValidLogin" time="0.01">
    <failure type="java.lang.AssertionError" message="expected:&amp;lt;JavaByKiran | Log in&amp;gt; but was:&amp;lt;JavaByKiran | Log&amp;gt;">
      <![CDATA[java.lang.AssertionError: expected:<JavaByKiran | Log in> but was:<JavaByKiran | Log>
at jbktest.LoginTest.ValidLogin(LoginTest.java:38)
at java.base/java.util.ArrayList.forEach(ArrayList.java:1511)
... Removed 29 stack frames]]>
    </failure>
  </testcase> <!-- ValidLogin -->
  <testcase classname="jbktest.LoginTest" name="checktext1" time="0.059"/>
  <testcase classname="jbktest.UserTest" name="Checktitle" time="0.007"/>
  <testcase classname="jbktest.DashboardTest" name="checkimage" time="0.111"/>
  <testcase classname="jbktest.DashboardTest" name="verifycourses" time="0.094"/>
  <testcase classname="jbktest.UsefullinksTest" name="TestcaseTitle" time="0.007"/>
  <testcase classname="jbktest.OperatorTest" name="checkTitle" time="0.007"/>
  <testcase classname="jbktest.DownloadTest" name="checkTitle" time="0.007"/>
</testsuite> <!-- Test -->
