<?xml version="1.0" encoding="UTF-8"?>
<!-- Generated by org.testng.reporters.JUnitXMLReporter -->
<testsuite ignored="0" hostname="LAPTOP-KQVRB82K" failures="0" tests="10" name="Default test" time="31.874" errors="0" timestamp="2021-10-31T12:25:53 IST">
  <testcase classname="jbktest.UserTest" name="Checktitle" time="0.025"/>
  <testcase classname="jbktest.DashboardTest" name="checkimage" time="0.108"/>
  <testcase classname="jbktest.DashboardTest" name="verifycourses" time="0.173"/>
  <testcase classname="jbktest.UsefullinksTest" name="TestcaseTitle" time="0.009"/>
  <testcase classname="jbktest.LoginTest" name="Handlepoup" time="0.614"/>
  <testcase classname="jbktest.LoginTest" name="NewRegister" time="0.19"/>
  <testcase classname="jbktest.LoginTest" name="ValidLogin" time="0.01"/>
  <testcase classname="jbktest.LoginTest" name="checktext1" time="0.058"/>
  <testcase classname="jbktest.OperatorTest" name="checkTitle" time="0.011"/>
  <testcase classname="jbktest.DownloadTest" name="checkTitle" time="0.007"/>
</testsuite> <!-- Default test -->
